C:\USERS\NMIEL\DOCUMENTS\DLPHC_OFFLINEV1\TESTHC_CONSOLE\DLPHC.BSC
C:\USERS\NMIEL\DOCUMENTS\DLPHC_OFFLINEV1\DLPHC.PCH
C:\USERS\NMIEL\DOCUMENTS\DLPHC_OFFLINEV1\STDAFX.OBJ
C:\USERS\NMIEL\DOCUMENTS\DLPHC_OFFLINEV1\VC110.PDB
C:\USERS\NMIEL\DOCUMENTS\DLPHC_OFFLINEV1\VB6_TESTDLL\STDAFX.SBR
C:\USERS\NMIEL\DOCUMENTS\DLPHC_OFFLINEV1\VB6_TESTDLL\STDAFX.OBJ
C:\USERS\NMIEL\DOCUMENTS\DLPHC_OFFLINEV1\VB6_TESTDLL\VC110.PDB
C:\USERS\NMIEL\DOCUMENTS\DLPHC_OFFLINEV1\DLPHC.OBJ
C:\USERS\NMIEL\DOCUMENTS\DLPHC_OFFLINEV1\TESTHC_CONSOLE.SBR
C:\USERS\NMIEL\DOCUMENTS\DLPHC_OFFLINEV1\DLPHC.SBR
C:\USERS\NMIEL\DOCUMENTS\DLPHC_OFFLINEV1\TESTHC_CONSOLE.OBJ
C:\Users\nmiel\Documents\DlpHc_OFFLINEV1\testHc_console\DlpHc.lib
C:\Users\nmiel\Documents\DlpHc_OFFLINEV1\testHc_console\DlpHc.exp
C:\USERS\NMIEL\DOCUMENTS\DLPHC_OFFLINEV1\TESTHC_CONSOLE\DLPHC.ILK
C:\USERS\NMIEL\DOCUMENTS\DLPHC_OFFLINEV1\TESTHC_CONSOLE\DLPHC.DLL
C:\USERS\NMIEL\DOCUMENTS\DLPHC_OFFLINEV1\TESTHC_CONSOLE\DLPHC.PDB
C:\USERS\NMIEL\DOCUMENTS\DLPHC_OFFLINEV1\DLPHC.RES
C:\Users\nmiel\Documents\DlpHc_OFFLINEV1\DlpHc.obj
C:\Users\nmiel\Documents\DlpHc_OFFLINEV1\StdAfx.obj
C:\Users\nmiel\Documents\DlpHc_OFFLINEV1\testHc_console.obj
C:\Users\nmiel\Documents\DlpHc_OFFLINEV1\BscMake.command.1.tlog
C:\Users\nmiel\Documents\DlpHc_OFFLINEV1\bscmake.read.1.tlog
C:\Users\nmiel\Documents\DlpHc_OFFLINEV1\bscmake.write.1.tlog
C:\Users\nmiel\Documents\DlpHc_OFFLINEV1\cl.command.1.tlog
C:\Users\nmiel\Documents\DlpHc_OFFLINEV1\CL.read.1.tlog
C:\Users\nmiel\Documents\DlpHc_OFFLINEV1\cl.write.1.tlog
C:\Users\nmiel\Documents\DlpHc_OFFLINEV1\DlpHc.write.1.tlog
C:\Users\nmiel\Documents\DlpHc_OFFLINEV1\link-cvtres.read.1.tlog
C:\Users\nmiel\Documents\DlpHc_OFFLINEV1\link-cvtres.write.1.tlog
C:\Users\nmiel\Documents\DlpHc_OFFLINEV1\link-rc.read.1.tlog
C:\Users\nmiel\Documents\DlpHc_OFFLINEV1\link-rc.write.1.tlog
C:\Users\nmiel\Documents\DlpHc_OFFLINEV1\link.command.1.tlog
C:\Users\nmiel\Documents\DlpHc_OFFLINEV1\link.read.1.tlog
C:\Users\nmiel\Documents\DlpHc_OFFLINEV1\link.write.1.tlog
C:\Users\nmiel\Documents\DlpHc_OFFLINEV1\rc.command.1.tlog
C:\Users\nmiel\Documents\DlpHc_OFFLINEV1\rc.read.1.tlog
C:\Users\nmiel\Documents\DlpHc_OFFLINEV1\rc.write.1.tlog
C:\Users\nmiel\Documents\DlpHc_OFFLINEV1\DlpHc.res
C:\Users\nmiel\Documents\DlpHc_OFFLINEV1\DlpHc.pch
C:\Users\nmiel\Documents\DlpHc_OFFLINEV1\vc110.idb
C:\Users\nmiel\Documents\DlpHc_OFFLINEV1\vc110.pdb
C:\Users\nmiel\Documents\DlpHc_OFFLINEV1\DlpHc.sbr
C:\Users\nmiel\Documents\DlpHc_OFFLINEV1\testHc_console.sbr
C:\Users\nmiel\Documents\DlpHc_OFFLINEV1\testHc_console\DlpHc.pdb
C:\Users\nmiel\Documents\DlpHc_OFFLINEV1\testHc_console\DlpHc.dll
C:\Users\nmiel\Documents\DlpHc_OFFLINEV1\testHc_console\DlpHc.bsc
C:\Users\nmiel\Documents\DlpHc_OFFLINEV1\testHc_console\DlpHc.ilk
