C:\USERS\NMIEL\DOCUMENTS\DEVELOPPEMENT\DLPCC_VS12\DLPCC\DEBUG\APIDLPCC.OBJ
C:\USERS\NMIEL\DOCUMENTS\DEVELOPPEMENT\DLPCC_VS12\DLPCC\DEBUG\APION2.OBJ
C:\USERS\NMIEL\DOCUMENTS\DEVELOPPEMENT\DLPCC_VS12\DLPCC\DEBUG\DLPCCDLL.OBJ
C:\USERS\NMIEL\DOCUMENTS\DEVELOPPEMENT\DLPCC_VS12\DLPCC\DEBUG\VC110.PDB
C:\USERS\NMIEL\DOCUMENTS\DEVELOPPEMENT\DLPCC_VS12\DLPCC\DEBUG\DLPCC.DLL
C:\USERS\NMIEL\DOCUMENTS\DEVELOPPEMENT\DLPCC_VS12\DLPCC\DEBUG\DLPCC.MAP
C:\USERS\NMIEL\DOCUMENTS\DEVELOPPEMENT\DLPCC_VS12\DLPCC\DEBUG\DLPCC.PDB
C:\Users\nmiel\Documents\Developpement\DLPCC_vs12\DlpCc\Debug\DLPCC.lib
C:\Users\nmiel\Documents\Developpement\DLPCC_vs12\DlpCc\Debug\DLPCC.exp
C:\Users\nmiel\Documents\Developpement\DLPCC_vs12\DlpCc\Debug\cl.command.1.tlog
C:\Users\nmiel\Documents\Developpement\DLPCC_vs12\DlpCc\Debug\CL.read.1.tlog
C:\Users\nmiel\Documents\Developpement\DLPCC_vs12\DlpCc\Debug\CL.write.1.tlog
C:\Users\nmiel\Documents\Developpement\DLPCC_vs12\DlpCc\Debug\link-cvtres.read.1.tlog
C:\Users\nmiel\Documents\Developpement\DLPCC_vs12\DlpCc\Debug\link-cvtres.write.1.tlog
C:\Users\nmiel\Documents\Developpement\DLPCC_vs12\DlpCc\Debug\link-rc.read.1.tlog
C:\Users\nmiel\Documents\Developpement\DLPCC_vs12\DlpCc\Debug\link-rc.write.1.tlog
C:\Users\nmiel\Documents\Developpement\DLPCC_vs12\DlpCc\Debug\link.command.1.tlog
C:\Users\nmiel\Documents\Developpement\DLPCC_vs12\DlpCc\Debug\link.read.1.tlog
C:\Users\nmiel\Documents\Developpement\DLPCC_vs12\DlpCc\Debug\link.write.1.tlog
C:\Users\nmiel\Documents\Developpement\DLPCC_vs12\DlpCc\Debug\metagen.read.1.tlog
C:\Users\nmiel\Documents\Developpement\DLPCC_vs12\DlpCc\Debug\metagen.write.1.tlog
C:\Users\nmiel\Documents\Developpement\DLPCC_vs12\DlpCc\Debug\STM95DLL.write.1.tlog
C:\Users\nmiel\Documents\Developpement\DLPCC_vs12\DlpCc\Debug\vc110.idb
C:\Users\nmiel\Documents\Developpement\DLPCC_vs12\DlpCc\Debug\DLPCC.pdb
C:\Users\nmiel\Documents\Developpement\DLPCC_vs12\DlpCc\Debug\vc110.pdb
C:\Users\nmiel\Documents\Developpement\DLPCC_vs12\DlpCc\Debug\RSAENH.DLL.bi
C:\Users\nmiel\Documents\Developpement\DLPCC_vs12\DlpCc\Debug\TZRES.DLL.bi
C:\Users\nmiel\Documents\Developpement\DLPCC_vs12\DlpCc\Debug\DLPCC.dll
