La génération a démarré 10/03/2016 16:30:47.
     1>Projet "C:\Users\nmiel\Documents\Developpement\DLPCC_vs12\DlpCc\STM95DLL.vcxproj" sur le nœud 2 (Build cible(s)).
     1>ClCompile:
         C:\Program Files (x86)\Microsoft Visual Studio 11.0\VC\bin\CL.exe /c /ZI /nologo /W4 /WX- /Od /Oy- /D WIN32 /D _DEBUG /D _WINDOWS /D _VC80_UPGRADE=0x0600 /D _USING_V110_SDK71_ /D _WINDLL /D _MBCS /C /Gm /EHsc /MTd /GS- /fp:precise /Zc:wchar_t- /Zc:forScope /Fo".\Debug/" /Fd".\Debug/vc110.pdb" /Gd /TP /analyze- /errorReport:prompt /YX apiDLPCC.cpp
     1>cl : Ligne de commande warning D9007: '/C' requiert '/E, /EP ou /P' ; option ignorée
     1>cl : Ligne de commande warning D9002: option '/YX' inconnue ignorée
         apiDLPCC.cpp
     1>c:\users\nmiel\documents\developpement\dlpcc_vs12\dlpcc\apidlpcc.cpp(116): warning C4996: 'sprintf': This function or variable may be unsafe. Consider using sprintf_s instead. To disable deprecation, use _CRT_SECURE_NO_WARNINGS. See online help for details.
                 c:\program files (x86)\microsoft visual studio 11.0\vc\include\stdio.h(357) : voir la déclaration de 'sprintf'
     1>c:\users\nmiel\documents\developpement\dlpcc_vs12\dlpcc\apidlpcc.cpp(124): warning C4996: 'sprintf': This function or variable may be unsafe. Consider using sprintf_s instead. To disable deprecation, use _CRT_SECURE_NO_WARNINGS. See online help for details.
                 c:\program files (x86)\microsoft visual studio 11.0\vc\include\stdio.h(357) : voir la déclaration de 'sprintf'
     1>c:\users\nmiel\documents\developpement\dlpcc_vs12\dlpcc\apidlpcc.cpp(131): warning C4996: 'sprintf': This function or variable may be unsafe. Consider using sprintf_s instead. To disable deprecation, use _CRT_SECURE_NO_WARNINGS. See online help for details.
                 c:\program files (x86)\microsoft visual studio 11.0\vc\include\stdio.h(357) : voir la déclaration de 'sprintf'
     1>c:\users\nmiel\documents\developpement\dlpcc_vs12\dlpcc\apidlpcc.cpp(202): warning C4127: l'expression conditionnelle est une constante
     1>c:\users\nmiel\documents\developpement\dlpcc_vs12\dlpcc\apidlpcc.cpp(209): warning C4996: 'sprintf': This function or variable may be unsafe. Consider using sprintf_s instead. To disable deprecation, use _CRT_SECURE_NO_WARNINGS. See online help for details.
                 c:\program files (x86)\microsoft visual studio 11.0\vc\include\stdio.h(357) : voir la déclaration de 'sprintf'
     1>c:\users\nmiel\documents\developpement\dlpcc_vs12\dlpcc\apidlpcc.cpp(216): warning C4996: 'sscanf': This function or variable may be unsafe. Consider using sscanf_s instead. To disable deprecation, use _CRT_SECURE_NO_WARNINGS. See online help for details.
                 c:\program files (x86)\microsoft visual studio 11.0\vc\include\stdio.h(311) : voir la déclaration de 'sscanf'
     1>c:\users\nmiel\documents\developpement\dlpcc_vs12\dlpcc\apidlpcc.cpp(217): warning C4996: 'sprintf': This function or variable may be unsafe. Consider using sprintf_s instead. To disable deprecation, use _CRT_SECURE_NO_WARNINGS. See online help for details.
                 c:\program files (x86)\microsoft visual studio 11.0\vc\include\stdio.h(357) : voir la déclaration de 'sprintf'
     1>c:\users\nmiel\documents\developpement\dlpcc_vs12\dlpcc\apidlpcc.cpp(219): warning C4996: 'sprintf': This function or variable may be unsafe. Consider using sprintf_s instead. To disable deprecation, use _CRT_SECURE_NO_WARNINGS. See online help for details.
                 c:\program files (x86)\microsoft visual studio 11.0\vc\include\stdio.h(357) : voir la déclaration de 'sprintf'
     1>c:\users\nmiel\documents\developpement\dlpcc_vs12\dlpcc\apidlpcc.cpp(253): warning C4996: 'strcpy': This function or variable may be unsafe. Consider using strcpy_s instead. To disable deprecation, use _CRT_SECURE_NO_WARNINGS. See online help for details.
                 c:\program files (x86)\microsoft visual studio 11.0\vc\include\string.h(110) : voir la déclaration de 'strcpy'
     1>c:\users\nmiel\documents\developpement\dlpcc_vs12\dlpcc\apidlpcc.cpp(265): warning C4996: 'sprintf': This function or variable may be unsafe. Consider using sprintf_s instead. To disable deprecation, use _CRT_SECURE_NO_WARNINGS. See online help for details.
                 c:\program files (x86)\microsoft visual studio 11.0\vc\include\stdio.h(357) : voir la déclaration de 'sprintf'
     1>c:\users\nmiel\documents\developpement\dlpcc_vs12\dlpcc\apidlpcc.cpp(283): warning C4100: 'FileToPrint' : paramètre formel non référencé
     1>c:\users\nmiel\documents\developpement\dlpcc_vs12\dlpcc\apidlpcc.cpp(386): warning C4996: 'localtime': This function or variable may be unsafe. Consider using localtime_s instead. To disable deprecation, use _CRT_SECURE_NO_WARNINGS. See online help for details.
                 c:\program files (x86)\microsoft visual studio 11.0\vc\include\time.inl(112) : voir la déclaration de 'localtime'
     1>c:\users\nmiel\documents\developpement\dlpcc_vs12\dlpcc\apidlpcc.cpp(396): warning C4996: 'itoa': The POSIX name for this item is deprecated. Instead, use the ISO C++ conformant name: _itoa. See online help for details.
                 c:\program files (x86)\microsoft visual studio 11.0\vc\include\stdlib.h(909) : voir la déclaration de 'itoa'
     1>c:\users\nmiel\documents\developpement\dlpcc_vs12\dlpcc\apidlpcc.cpp(397): warning C4996: 'itoa': The POSIX name for this item is deprecated. Instead, use the ISO C++ conformant name: _itoa. See online help for details.
                 c:\program files (x86)\microsoft visual studio 11.0\vc\include\stdlib.h(909) : voir la déclaration de 'itoa'
     1>c:\users\nmiel\documents\developpement\dlpcc_vs12\dlpcc\apidlpcc.cpp(398): warning C4996: 'itoa': The POSIX name for this item is deprecated. Instead, use the ISO C++ conformant name: _itoa. See online help for details.
                 c:\program files (x86)\microsoft visual studio 11.0\vc\include\stdlib.h(909) : voir la déclaration de 'itoa'
     1>c:\users\nmiel\documents\developpement\dlpcc_vs12\dlpcc\apidlpcc.cpp(399): warning C4996: 'itoa': The POSIX name for this item is deprecated. Instead, use the ISO C++ conformant name: _itoa. See online help for details.
                 c:\program files (x86)\microsoft visual studio 11.0\vc\include\stdlib.h(909) : voir la déclaration de 'itoa'
     1>c:\users\nmiel\documents\developpement\dlpcc_vs12\dlpcc\apidlpcc.cpp(445): warning C4996: 'sprintf': This function or variable may be unsafe. Consider using sprintf_s instead. To disable deprecation, use _CRT_SECURE_NO_WARNINGS. See online help for details.
                 c:\program files (x86)\microsoft visual studio 11.0\vc\include\stdio.h(357) : voir la déclaration de 'sprintf'
     1>c:\users\nmiel\documents\developpement\dlpcc_vs12\dlpcc\apidlpcc.cpp(448): warning C4996: 'sprintf': This function or variable may be unsafe. Consider using sprintf_s instead. To disable deprecation, use _CRT_SECURE_NO_WARNINGS. See online help for details.
                 c:\program files (x86)\microsoft visual studio 11.0\vc\include\stdio.h(357) : voir la déclaration de 'sprintf'
     1>c:\users\nmiel\documents\developpement\dlpcc_vs12\dlpcc\apidlpcc.cpp(564): warning C4996: 'strncat': This function or variable may be unsafe. Consider using strncat_s instead. To disable deprecation, use _CRT_SECURE_NO_WARNINGS. See online help for details.
                 c:\program files (x86)\microsoft visual studio 11.0\vc\include\string.h(182) : voir la déclaration de 'strncat'
     1>c:\users\nmiel\documents\developpement\dlpcc_vs12\dlpcc\apidlpcc.cpp(568): warning C4996: 'sprintf': This function or variable may be unsafe. Consider using sprintf_s instead. To disable deprecation, use _CRT_SECURE_NO_WARNINGS. See online help for details.
                 c:\program files (x86)\microsoft visual studio 11.0\vc\include\stdio.h(357) : voir la déclaration de 'sprintf'
     1>c:\users\nmiel\documents\developpement\dlpcc_vs12\dlpcc\apidlpcc.cpp(569): warning C4996: 'strncat': This function or variable may be unsafe. Consider using strncat_s instead. To disable deprecation, use _CRT_SECURE_NO_WARNINGS. See online help for details.
                 c:\program files (x86)\microsoft visual studio 11.0\vc\include\string.h(182) : voir la déclaration de 'strncat'
     1>c:\users\nmiel\documents\developpement\dlpcc_vs12\dlpcc\apidlpcc.cpp(570): warning C4996: 'strncat': This function or variable may be unsafe. Consider using strncat_s instead. To disable deprecation, use _CRT_SECURE_NO_WARNINGS. See online help for details.
                 c:\program files (x86)\microsoft visual studio 11.0\vc\include\string.h(182) : voir la déclaration de 'strncat'
     1>c:\users\nmiel\documents\developpement\dlpcc_vs12\dlpcc\apidlpcc.cpp(575): warning C4996: 'sprintf': This function or variable may be unsafe. Consider using sprintf_s instead. To disable deprecation, use _CRT_SECURE_NO_WARNINGS. See online help for details.
                 c:\program files (x86)\microsoft visual studio 11.0\vc\include\stdio.h(357) : voir la déclaration de 'sprintf'
     1>c:\users\nmiel\documents\developpement\dlpcc_vs12\dlpcc\apidlpcc.cpp(579): warning C4996: 'sprintf': This function or variable may be unsafe. Consider using sprintf_s instead. To disable deprecation, use _CRT_SECURE_NO_WARNINGS. See online help for details.
                 c:\program files (x86)\microsoft visual studio 11.0\vc\include\stdio.h(357) : voir la déclaration de 'sprintf'
     1>c:\users\nmiel\documents\developpement\dlpcc_vs12\dlpcc\apidlpcc.cpp(587): warning C4996: 'strncat': This function or variable may be unsafe. Consider using strncat_s instead. To disable deprecation, use _CRT_SECURE_NO_WARNINGS. See online help for details.
                 c:\program files (x86)\microsoft visual studio 11.0\vc\include\string.h(182) : voir la déclaration de 'strncat'
     1>c:\users\nmiel\documents\developpement\dlpcc_vs12\dlpcc\apidlpcc.cpp(591): warning C4996: 'strncat': This function or variable may be unsafe. Consider using strncat_s instead. To disable deprecation, use _CRT_SECURE_NO_WARNINGS. See online help for details.
                 c:\program files (x86)\microsoft visual studio 11.0\vc\include\string.h(182) : voir la déclaration de 'strncat'
     1>c:\users\nmiel\documents\developpement\dlpcc_vs12\dlpcc\apidlpcc.cpp(595): warning C4996: 'strncpy': This function or variable may be unsafe. Consider using strncpy_s instead. To disable deprecation, use _CRT_SECURE_NO_WARNINGS. See online help for details.
                 c:\program files (x86)\microsoft visual studio 11.0\vc\include\string.h(191) : voir la déclaration de 'strncpy'
     1>c:\users\nmiel\documents\developpement\dlpcc_vs12\dlpcc\apidlpcc.cpp(596): warning C4996: 'strncpy': This function or variable may be unsafe. Consider using strncpy_s instead. To disable deprecation, use _CRT_SECURE_NO_WARNINGS. See online help for details.
                 c:\program files (x86)\microsoft visual studio 11.0\vc\include\string.h(191) : voir la déclaration de 'strncpy'
     1>c:\users\nmiel\documents\developpement\dlpcc_vs12\dlpcc\apidlpcc.cpp(597): warning C4996: 'sprintf': This function or variable may be unsafe. Consider using sprintf_s instead. To disable deprecation, use _CRT_SECURE_NO_WARNINGS. See online help for details.
                 c:\program files (x86)\microsoft visual studio 11.0\vc\include\stdio.h(357) : voir la déclaration de 'sprintf'
     1>c:\users\nmiel\documents\developpement\dlpcc_vs12\dlpcc\apidlpcc.cpp(618): warning C4996: 'sprintf': This function or variable may be unsafe. Consider using sprintf_s instead. To disable deprecation, use _CRT_SECURE_NO_WARNINGS. See online help for details.
                 c:\program files (x86)\microsoft visual studio 11.0\vc\include\stdio.h(357) : voir la déclaration de 'sprintf'
     1>c:\users\nmiel\documents\developpement\dlpcc_vs12\dlpcc\apidlpcc.cpp(660): warning C4996: 'strncat': This function or variable may be unsafe. Consider using strncat_s instead. To disable deprecation, use _CRT_SECURE_NO_WARNINGS. See online help for details.
                 c:\program files (x86)\microsoft visual studio 11.0\vc\include\string.h(182) : voir la déclaration de 'strncat'
     1>c:\users\nmiel\documents\developpement\dlpcc_vs12\dlpcc\apidlpcc.cpp(667): warning C4996: 'strncat': This function or variable may be unsafe. Consider using strncat_s instead. To disable deprecation, use _CRT_SECURE_NO_WARNINGS. See online help for details.
                 c:\program files (x86)\microsoft visual studio 11.0\vc\include\string.h(182) : voir la déclaration de 'strncat'
     1>c:\users\nmiel\documents\developpement\dlpcc_vs12\dlpcc\apidlpcc.cpp(670): warning C4996: 'strncat': This function or variable may be unsafe. Consider using strncat_s instead. To disable deprecation, use _CRT_SECURE_NO_WARNINGS. See online help for details.
                 c:\program files (x86)\microsoft visual studio 11.0\vc\include\string.h(182) : voir la déclaration de 'strncat'
     1>c:\users\nmiel\documents\developpement\dlpcc_vs12\dlpcc\apidlpcc.cpp(673): warning C4996: 'strncat': This function or variable may be unsafe. Consider using strncat_s instead. To disable deprecation, use _CRT_SECURE_NO_WARNINGS. See online help for details.
                 c:\program files (x86)\microsoft visual studio 11.0\vc\include\string.h(182) : voir la déclaration de 'strncat'
     1>c:\users\nmiel\documents\developpement\dlpcc_vs12\dlpcc\apidlpcc.cpp(676): warning C4996: 'strncat': This function or variable may be unsafe. Consider using strncat_s instead. To disable deprecation, use _CRT_SECURE_NO_WARNINGS. See online help for details.
                 c:\program files (x86)\microsoft visual studio 11.0\vc\include\string.h(182) : voir la déclaration de 'strncat'
     1>c:\users\nmiel\documents\developpement\dlpcc_vs12\dlpcc\apidlpcc.cpp(713): warning C4996: 'sprintf': This function or variable may be unsafe. Consider using sprintf_s instead. To disable deprecation, use _CRT_SECURE_NO_WARNINGS. See online help for details.
                 c:\program files (x86)\microsoft visual studio 11.0\vc\include\stdio.h(357) : voir la déclaration de 'sprintf'
     1>c:\users\nmiel\documents\developpement\dlpcc_vs12\dlpcc\apidlpcc.cpp(1038): warning C4996: 'sprintf': This function or variable may be unsafe. Consider using sprintf_s instead. To disable deprecation, use _CRT_SECURE_NO_WARNINGS. See online help for details.
                 c:\program files (x86)\microsoft visual studio 11.0\vc\include\stdio.h(357) : voir la déclaration de 'sprintf'
     1>c:\users\nmiel\documents\developpement\dlpcc_vs12\dlpcc\apidlpcc.cpp(1054): warning C4996: 'strncpy': This function or variable may be unsafe. Consider using strncpy_s instead. To disable deprecation, use _CRT_SECURE_NO_WARNINGS. See online help for details.
                 c:\program files (x86)\microsoft visual studio 11.0\vc\include\string.h(191) : voir la déclaration de 'strncpy'
     1>c:\users\nmiel\documents\developpement\dlpcc_vs12\dlpcc\apidlpcc.cpp(1078): warning C4996: 'sprintf': This function or variable may be unsafe. Consider using sprintf_s instead. To disable deprecation, use _CRT_SECURE_NO_WARNINGS. See online help for details.
                 c:\program files (x86)\microsoft visual studio 11.0\vc\include\stdio.h(357) : voir la déclaration de 'sprintf'
     1>c:\users\nmiel\documents\developpement\dlpcc_vs12\dlpcc\apidlpcc.cpp(1083): warning C4996: 'sprintf': This function or variable may be unsafe. Consider using sprintf_s instead. To disable deprecation, use _CRT_SECURE_NO_WARNINGS. See online help for details.
                 c:\program files (x86)\microsoft visual studio 11.0\vc\include\stdio.h(357) : voir la déclaration de 'sprintf'
     1>c:\users\nmiel\documents\developpement\dlpcc_vs12\dlpcc\apidlpcc.cpp(1084): warning C4996: 'strncat': This function or variable may be unsafe. Consider using strncat_s instead. To disable deprecation, use _CRT_SECURE_NO_WARNINGS. See online help for details.
                 c:\program files (x86)\microsoft visual studio 11.0\vc\include\string.h(182) : voir la déclaration de 'strncat'
     1>c:\users\nmiel\documents\developpement\dlpcc_vs12\dlpcc\apidlpcc.cpp(1087): warning C4996: 'sscanf': This function or variable may be unsafe. Consider using sscanf_s instead. To disable deprecation, use _CRT_SECURE_NO_WARNINGS. See online help for details.
                 c:\program files (x86)\microsoft visual studio 11.0\vc\include\stdio.h(311) : voir la déclaration de 'sscanf'
     1>c:\users\nmiel\documents\developpement\dlpcc_vs12\dlpcc\apidlpcc.cpp(1231): warning C4800: 'int' : valeur forcée à la valeur booléenne 'true' ou 'false' (avertissement sur les performances)
     1>c:\users\nmiel\documents\developpement\dlpcc_vs12\dlpcc\apidlpcc.cpp(1282): warning C4996: 'sscanf': This function or variable may be unsafe. Consider using sscanf_s instead. To disable deprecation, use _CRT_SECURE_NO_WARNINGS. See online help for details.
                 c:\program files (x86)\microsoft visual studio 11.0\vc\include\stdio.h(311) : voir la déclaration de 'sscanf'
     1>c:\users\nmiel\documents\developpement\dlpcc_vs12\dlpcc\apidlpcc.cpp(1255): warning C4101: 'szMsg' : variable locale non référencée
     1>c:\users\nmiel\documents\developpement\dlpcc_vs12\dlpcc\apidlpcc.cpp(1351): warning C4996: 'sscanf': This function or variable may be unsafe. Consider using sscanf_s instead. To disable deprecation, use _CRT_SECURE_NO_WARNINGS. See online help for details.
                 c:\program files (x86)\microsoft visual studio 11.0\vc\include\stdio.h(311) : voir la déclaration de 'sscanf'
     1>c:\users\nmiel\documents\developpement\dlpcc_vs12\dlpcc\apidlpcc.cpp(1303): warning C4101: 'szMsg' : variable locale non référencée
     1>c:\users\nmiel\documents\developpement\dlpcc_vs12\dlpcc\apidlpcc.cpp(1443): warning C4100: 'Galaxy' : paramètre formel non référencé
     1>c:\users\nmiel\documents\developpement\dlpcc_vs12\dlpcc\apidlpcc.cpp(1478): warning C4100: 'Galaxy' : paramètre formel non référencé
     1>c:\users\nmiel\documents\developpement\dlpcc_vs12\dlpcc\apidlpcc.cpp(1561): warning C4996: 'strncpy': This function or variable may be unsafe. Consider using strncpy_s instead. To disable deprecation, use _CRT_SECURE_NO_WARNINGS. See online help for details.
                 c:\program files (x86)\microsoft visual studio 11.0\vc\include\string.h(191) : voir la déclaration de 'strncpy'
     1>c:\users\nmiel\documents\developpement\dlpcc_vs12\dlpcc\apidlpcc.cpp(1616): warning C4996: 'strncpy': This function or variable may be unsafe. Consider using strncpy_s instead. To disable deprecation, use _CRT_SECURE_NO_WARNINGS. See online help for details.
                 c:\program files (x86)\microsoft visual studio 11.0\vc\include\string.h(191) : voir la déclaration de 'strncpy'
     1>c:\users\nmiel\documents\developpement\dlpcc_vs12\dlpcc\apidlpcc.cpp(1733): warning C4996: 'strncpy': This function or variable may be unsafe. Consider using strncpy_s instead. To disable deprecation, use _CRT_SECURE_NO_WARNINGS. See online help for details.
                 c:\program files (x86)\microsoft visual studio 11.0\vc\include\string.h(191) : voir la déclaration de 'strncpy'
     1>c:\users\nmiel\documents\developpement\dlpcc_vs12\dlpcc\apidlpcc.cpp(1738): warning C4996: 'fopen': This function or variable may be unsafe. Consider using fopen_s instead. To disable deprecation, use _CRT_SECURE_NO_WARNINGS. See online help for details.
                 c:\program files (x86)\microsoft visual studio 11.0\vc\include\stdio.h(218) : voir la déclaration de 'fopen'
     1>c:\users\nmiel\documents\developpement\dlpcc_vs12\dlpcc\apidlpcc.cpp(1717): warning C4189: 'i' : variable locale initialisée mais non référencée
     1>c:\users\nmiel\documents\developpement\dlpcc_vs12\dlpcc\apidlpcc.cpp(1717): warning C4189: 'j' : variable locale initialisée mais non référencée
     1>c:\users\nmiel\documents\developpement\dlpcc_vs12\dlpcc\apidlpcc.cpp(1856): warning C4996: 'sprintf': This function or variable may be unsafe. Consider using sprintf_s instead. To disable deprecation, use _CRT_SECURE_NO_WARNINGS. See online help for details.
                 c:\program files (x86)\microsoft visual studio 11.0\vc\include\stdio.h(357) : voir la déclaration de 'sprintf'
     1>c:\users\nmiel\documents\developpement\dlpcc_vs12\dlpcc\apidlpcc.cpp(1853): warning C4101: 'sztmp' : variable locale non référencée
     1>c:\users\nmiel\documents\developpement\dlpcc_vs12\dlpcc\apidlpcc.cpp(1930): warning C4996: 'strncpy': This function or variable may be unsafe. Consider using strncpy_s instead. To disable deprecation, use _CRT_SECURE_NO_WARNINGS. See online help for details.
                 c:\program files (x86)\microsoft visual studio 11.0\vc\include\string.h(191) : voir la déclaration de 'strncpy'
     1>c:\users\nmiel\documents\developpement\dlpcc_vs12\dlpcc\apidlpcc.cpp(1933): warning C4996: 'fopen': This function or variable may be unsafe. Consider using fopen_s instead. To disable deprecation, use _CRT_SECURE_NO_WARNINGS. See online help for details.
                 c:\program files (x86)\microsoft visual studio 11.0\vc\include\stdio.h(218) : voir la déclaration de 'fopen'
     1>c:\users\nmiel\documents\developpement\dlpcc_vs12\dlpcc\apidlpcc.cpp(1945): warning C4996: 'strncat': This function or variable may be unsafe. Consider using strncat_s instead. To disable deprecation, use _CRT_SECURE_NO_WARNINGS. See online help for details.
                 c:\program files (x86)\microsoft visual studio 11.0\vc\include\string.h(182) : voir la déclaration de 'strncat'
     1>c:\users\nmiel\documents\developpement\dlpcc_vs12\dlpcc\apidlpcc.cpp(1950): warning C4996: 'sprintf': This function or variable may be unsafe. Consider using sprintf_s instead. To disable deprecation, use _CRT_SECURE_NO_WARNINGS. See online help for details.
                 c:\program files (x86)\microsoft visual studio 11.0\vc\include\stdio.h(357) : voir la déclaration de 'sprintf'
     1>c:\users\nmiel\documents\developpement\dlpcc_vs12\dlpcc\apidlpcc.cpp(1952): warning C4996: 'strncat': This function or variable may be unsafe. Consider using strncat_s instead. To disable deprecation, use _CRT_SECURE_NO_WARNINGS. See online help for details.
                 c:\program files (x86)\microsoft visual studio 11.0\vc\include\string.h(182) : voir la déclaration de 'strncat'
     1>c:\users\nmiel\documents\developpement\dlpcc_vs12\dlpcc\apidlpcc.cpp(1957): warning C4996: 'sprintf': This function or variable may be unsafe. Consider using sprintf_s instead. To disable deprecation, use _CRT_SECURE_NO_WARNINGS. See online help for details.
                 c:\program files (x86)\microsoft visual studio 11.0\vc\include\stdio.h(357) : voir la déclaration de 'sprintf'
     1>c:\users\nmiel\documents\developpement\dlpcc_vs12\dlpcc\apidlpcc.cpp(1959): warning C4996: 'strncat': This function or variable may be unsafe. Consider using strncat_s instead. To disable deprecation, use _CRT_SECURE_NO_WARNINGS. See online help for details.
                 c:\program files (x86)\microsoft visual studio 11.0\vc\include\string.h(182) : voir la déclaration de 'strncat'
     1>c:\users\nmiel\documents\developpement\dlpcc_vs12\dlpcc\apidlpcc.cpp(1984): warning C4996: 'strncpy': This function or variable may be unsafe. Consider using strncpy_s instead. To disable deprecation, use _CRT_SECURE_NO_WARNINGS. See online help for details.
                 c:\program files (x86)\microsoft visual studio 11.0\vc\include\string.h(191) : voir la déclaration de 'strncpy'
     1>c:\users\nmiel\documents\developpement\dlpcc_vs12\dlpcc\apidlpcc.cpp(1986): warning C4996: 'fopen': This function or variable may be unsafe. Consider using fopen_s instead. To disable deprecation, use _CRT_SECURE_NO_WARNINGS. See online help for details.
                 c:\program files (x86)\microsoft visual studio 11.0\vc\include\stdio.h(218) : voir la déclaration de 'fopen'
     1>c:\users\nmiel\documents\developpement\dlpcc_vs12\dlpcc\apidlpcc.cpp(2005): warning C4996: 'sprintf': This function or variable may be unsafe. Consider using sprintf_s instead. To disable deprecation, use _CRT_SECURE_NO_WARNINGS. See online help for details.
                 c:\program files (x86)\microsoft visual studio 11.0\vc\include\stdio.h(357) : voir la déclaration de 'sprintf'
     1>c:\users\nmiel\documents\developpement\dlpcc_vs12\dlpcc\apidlpcc.cpp(2030): warning C4996: 'sprintf': This function or variable may be unsafe. Consider using sprintf_s instead. To disable deprecation, use _CRT_SECURE_NO_WARNINGS. See online help for details.
                 c:\program files (x86)\microsoft visual studio 11.0\vc\include\stdio.h(357) : voir la déclaration de 'sprintf'
     1>c:\users\nmiel\documents\developpement\dlpcc_vs12\dlpcc\apidlpcc.cpp(2044): warning C4996: 'sprintf': This function or variable may be unsafe. Consider using sprintf_s instead. To disable deprecation, use _CRT_SECURE_NO_WARNINGS. See online help for details.
                 c:\program files (x86)\microsoft visual studio 11.0\vc\include\stdio.h(357) : voir la déclaration de 'sprintf'
     1>c:\users\nmiel\documents\developpement\dlpcc_vs12\dlpcc\apidlpcc.cpp(2051): warning C4996: 'sprintf': This function or variable may be unsafe. Consider using sprintf_s instead. To disable deprecation, use _CRT_SECURE_NO_WARNINGS. See online help for details.
                 c:\program files (x86)\microsoft visual studio 11.0\vc\include\stdio.h(357) : voir la déclaration de 'sprintf'
     1>c:\users\nmiel\documents\developpement\dlpcc_vs12\dlpcc\apidlpcc.cpp(2057): warning C4996: 'strncat': This function or variable may be unsafe. Consider using strncat_s instead. To disable deprecation, use _CRT_SECURE_NO_WARNINGS. See online help for details.
                 c:\program files (x86)\microsoft visual studio 11.0\vc\include\string.h(182) : voir la déclaration de 'strncat'
     1>c:\users\nmiel\documents\developpement\dlpcc_vs12\dlpcc\apidlpcc.cpp(2062): warning C4996: 'sprintf': This function or variable may be unsafe. Consider using sprintf_s instead. To disable deprecation, use _CRT_SECURE_NO_WARNINGS. See online help for details.
                 c:\program files (x86)\microsoft visual studio 11.0\vc\include\stdio.h(357) : voir la déclaration de 'sprintf'
     1>c:\users\nmiel\documents\developpement\dlpcc_vs12\dlpcc\apidlpcc.cpp(2064): warning C4996: 'strncat': This function or variable may be unsafe. Consider using strncat_s instead. To disable deprecation, use _CRT_SECURE_NO_WARNINGS. See online help for details.
                 c:\program files (x86)\microsoft visual studio 11.0\vc\include\string.h(182) : voir la déclaration de 'strncat'
     1>c:\users\nmiel\documents\developpement\dlpcc_vs12\dlpcc\apidlpcc.cpp(2069): warning C4996: 'sprintf': This function or variable may be unsafe. Consider using sprintf_s instead. To disable deprecation, use _CRT_SECURE_NO_WARNINGS. See online help for details.
                 c:\program files (x86)\microsoft visual studio 11.0\vc\include\stdio.h(357) : voir la déclaration de 'sprintf'
     1>c:\users\nmiel\documents\developpement\dlpcc_vs12\dlpcc\apidlpcc.cpp(2071): warning C4996: 'strncat': This function or variable may be unsafe. Consider using strncat_s instead. To disable deprecation, use _CRT_SECURE_NO_WARNINGS. See online help for details.
                 c:\program files (x86)\microsoft visual studio 11.0\vc\include\string.h(182) : voir la déclaration de 'strncat'
     1>c:\users\nmiel\documents\developpement\dlpcc_vs12\dlpcc\apidlpcc.cpp(1972): warning C4101: 'szline' : variable locale non référencée
     1>c:\users\nmiel\documents\developpement\dlpcc_vs12\dlpcc\apidlpcc.cpp(1974): warning C4101: 'pos' : variable locale non référencée
     1>c:\users\nmiel\documents\developpement\dlpcc_vs12\dlpcc\apidlpcc.cpp(2085): warning C4996: '_fcvt': This function or variable may be unsafe. Consider using _fcvt_s instead. To disable deprecation, use _CRT_SECURE_NO_WARNINGS. See online help for details.
                 c:\program files (x86)\microsoft visual studio 11.0\vc\include\stdlib.h(753) : voir la déclaration de '_fcvt'
     1>c:\users\nmiel\documents\developpement\dlpcc_vs12\dlpcc\apidlpcc.cpp(2110): warning C4996: '_open': This function or variable may be unsafe. Consider using _sopen_s instead. To disable deprecation, use _CRT_SECURE_NO_WARNINGS. See online help for details.
                 c:\program files (x86)\microsoft visual studio 11.0\vc\include\io.h(243) : voir la déclaration de '_open'
     1>c:\users\nmiel\documents\developpement\dlpcc_vs12\dlpcc\apidlpcc.cpp(2151): warning C4996: 'fopen': This function or variable may be unsafe. Consider using fopen_s instead. To disable deprecation, use _CRT_SECURE_NO_WARNINGS. See online help for details.
                 c:\program files (x86)\microsoft visual studio 11.0\vc\include\stdio.h(218) : voir la déclaration de 'fopen'
     1>c:\users\nmiel\documents\developpement\dlpcc_vs12\dlpcc\apidlpcc.cpp(2164): warning C4996: 'localtime': This function or variable may be unsafe. Consider using localtime_s instead. To disable deprecation, use _CRT_SECURE_NO_WARNINGS. See online help for details.
                 c:\program files (x86)\microsoft visual studio 11.0\vc\include\time.inl(112) : voir la déclaration de 'localtime'
     1>c:\users\nmiel\documents\developpement\dlpcc_vs12\dlpcc\apidlpcc.cpp(2165): warning C4996: 'sprintf': This function or variable may be unsafe. Consider using sprintf_s instead. To disable deprecation, use _CRT_SECURE_NO_WARNINGS. See online help for details.
                 c:\program files (x86)\microsoft visual studio 11.0\vc\include\stdio.h(357) : voir la déclaration de 'sprintf'
     1>c:\users\nmiel\documents\developpement\dlpcc_vs12\dlpcc\apidlpcc.cpp(2202): warning C4996: 'strncpy': This function or variable may be unsafe. Consider using strncpy_s instead. To disable deprecation, use _CRT_SECURE_NO_WARNINGS. See online help for details.
                 c:\program files (x86)\microsoft visual studio 11.0\vc\include\string.h(191) : voir la déclaration de 'strncpy'
     1>c:\users\nmiel\documents\developpement\dlpcc_vs12\dlpcc\apidlpcc.cpp(2220): warning C4996: 'sprintf': This function or variable may be unsafe. Consider using sprintf_s instead. To disable deprecation, use _CRT_SECURE_NO_WARNINGS. See online help for details.
                 c:\program files (x86)\microsoft visual studio 11.0\vc\include\stdio.h(357) : voir la déclaration de 'sprintf'
     1>c:\users\nmiel\documents\developpement\dlpcc_vs12\dlpcc\apidlpcc.cpp(2221): warning C4996: 'sprintf': This function or variable may be unsafe. Consider using sprintf_s instead. To disable deprecation, use _CRT_SECURE_NO_WARNINGS. See online help for details.
                 c:\program files (x86)\microsoft visual studio 11.0\vc\include\stdio.h(357) : voir la déclaration de 'sprintf'
     1>c:\users\nmiel\documents\developpement\dlpcc_vs12\dlpcc\apidlpcc.cpp(2222): warning C4996: 'sprintf': This function or variable may be unsafe. Consider using sprintf_s instead. To disable deprecation, use _CRT_SECURE_NO_WARNINGS. See online help for details.
                 c:\program files (x86)\microsoft visual studio 11.0\vc\include\stdio.h(357) : voir la déclaration de 'sprintf'
     1>c:\users\nmiel\documents\developpement\dlpcc_vs12\dlpcc\apidlpcc.cpp(2223): warning C4996: 'sprintf': This function or variable may be unsafe. Consider using sprintf_s instead. To disable deprecation, use _CRT_SECURE_NO_WARNINGS. See online help for details.
                 c:\program files (x86)\microsoft visual studio 11.0\vc\include\stdio.h(357) : voir la déclaration de 'sprintf'
     1>c:\users\nmiel\documents\developpement\dlpcc_vs12\dlpcc\apidlpcc.cpp(2224): warning C4996: 'sprintf': This function or variable may be unsafe. Consider using sprintf_s instead. To disable deprecation, use _CRT_SECURE_NO_WARNINGS. See online help for details.
                 c:\program files (x86)\microsoft visual studio 11.0\vc\include\stdio.h(357) : voir la déclaration de 'sprintf'
     1>c:\users\nmiel\documents\developpement\dlpcc_vs12\dlpcc\apidlpcc.cpp(2225): warning C4996: 'strncat': This function or variable may be unsafe. Consider using strncat_s instead. To disable deprecation, use _CRT_SECURE_NO_WARNINGS. See online help for details.
                 c:\program files (x86)\microsoft visual studio 11.0\vc\include\string.h(182) : voir la déclaration de 'strncat'
     1>c:\users\nmiel\documents\developpement\dlpcc_vs12\dlpcc\apidlpcc.cpp(2226): warning C4996: 'strncat': This function or variable may be unsafe. Consider using strncat_s instead. To disable deprecation, use _CRT_SECURE_NO_WARNINGS. See online help for details.
                 c:\program files (x86)\microsoft visual studio 11.0\vc\include\string.h(182) : voir la déclaration de 'strncat'
     1>c:\users\nmiel\documents\developpement\dlpcc_vs12\dlpcc\apidlpcc.cpp(2227): warning C4996: 'strncat': This function or variable may be unsafe. Consider using strncat_s instead. To disable deprecation, use _CRT_SECURE_NO_WARNINGS. See online help for details.
                 c:\program files (x86)\microsoft visual studio 11.0\vc\include\string.h(182) : voir la déclaration de 'strncat'
     1>c:\users\nmiel\documents\developpement\dlpcc_vs12\dlpcc\apidlpcc.cpp(2228): warning C4996: 'strncat': This function or variable may be unsafe. Consider using strncat_s instead. To disable deprecation, use _CRT_SECURE_NO_WARNINGS. See online help for details.
                 c:\program files (x86)\microsoft visual studio 11.0\vc\include\string.h(182) : voir la déclaration de 'strncat'
     1>c:\users\nmiel\documents\developpement\dlpcc_vs12\dlpcc\apidlpcc.cpp(2229): warning C4996: 'strncat': This function or variable may be unsafe. Consider using strncat_s instead. To disable deprecation, use _CRT_SECURE_NO_WARNINGS. See online help for details.
                 c:\program files (x86)\microsoft visual studio 11.0\vc\include\string.h(182) : voir la déclaration de 'strncat'
     1>c:\users\nmiel\documents\developpement\dlpcc_vs12\dlpcc\apidlpcc.cpp(2315): warning C4996: 'strncpy': This function or variable may be unsafe. Consider using strncpy_s instead. To disable deprecation, use _CRT_SECURE_NO_WARNINGS. See online help for details.
                 c:\program files (x86)\microsoft visual studio 11.0\vc\include\string.h(191) : voir la déclaration de 'strncpy'
     1>c:\users\nmiel\documents\developpement\dlpcc_vs12\dlpcc\apidlpcc.cpp(2318): warning C4996: 'strncpy': This function or variable may be unsafe. Consider using strncpy_s instead. To disable deprecation, use _CRT_SECURE_NO_WARNINGS. See online help for details.
                 c:\program files (x86)\microsoft visual studio 11.0\vc\include\string.h(191) : voir la déclaration de 'strncpy'
     1>c:\users\nmiel\documents\developpement\dlpcc_vs12\dlpcc\apidlpcc.cpp(2319): warning C4996: 'sprintf': This function or variable may be unsafe. Consider using sprintf_s instead. To disable deprecation, use _CRT_SECURE_NO_WARNINGS. See online help for details.
                 c:\program files (x86)\microsoft visual studio 11.0\vc\include\stdio.h(357) : voir la déclaration de 'sprintf'
     1>c:\users\nmiel\documents\developpement\dlpcc_vs12\dlpcc\apidlpcc.cpp(2324): warning C4996: 'fopen': This function or variable may be unsafe. Consider using fopen_s instead. To disable deprecation, use _CRT_SECURE_NO_WARNINGS. See online help for details.
                 c:\program files (x86)\microsoft visual studio 11.0\vc\include\stdio.h(218) : voir la déclaration de 'fopen'
     1>c:\users\nmiel\documents\developpement\dlpcc_vs12\dlpcc\apidlpcc.cpp(2327): warning C4996: 'fopen': This function or variable may be unsafe. Consider using fopen_s instead. To disable deprecation, use _CRT_SECURE_NO_WARNINGS. See online help for details.
                 c:\program files (x86)\microsoft visual studio 11.0\vc\include\stdio.h(218) : voir la déclaration de 'fopen'
     1>c:\users\nmiel\documents\developpement\dlpcc_vs12\dlpcc\apidlpcc.cpp(2336): warning C4996: 'strcpy': This function or variable may be unsafe. Consider using strcpy_s instead. To disable deprecation, use _CRT_SECURE_NO_WARNINGS. See online help for details.
                 c:\program files (x86)\microsoft visual studio 11.0\vc\include\string.h(110) : voir la déclaration de 'strcpy'
     1>c:\users\nmiel\documents\developpement\dlpcc_vs12\dlpcc\apidlpcc.cpp(2337): warning C4996: 'sscanf': This function or variable may be unsafe. Consider using sscanf_s instead. To disable deprecation, use _CRT_SECURE_NO_WARNINGS. See online help for details.
                 c:\program files (x86)\microsoft visual studio 11.0\vc\include\stdio.h(311) : voir la déclaration de 'sscanf'
     1>c:\users\nmiel\documents\developpement\dlpcc_vs12\dlpcc\apidlpcc.cpp(2338): warning C4996: 'sprintf': This function or variable may be unsafe. Consider using sprintf_s instead. To disable deprecation, use _CRT_SECURE_NO_WARNINGS. See online help for details.
                 c:\program files (x86)\microsoft visual studio 11.0\vc\include\stdio.h(357) : voir la déclaration de 'sprintf'
     1>c:\users\nmiel\documents\developpement\dlpcc_vs12\dlpcc\apidlpcc.cpp(2355): warning C4996: 'strncpy': This function or variable may be unsafe. Consider using strncpy_s instead. To disable deprecation, use _CRT_SECURE_NO_WARNINGS. See online help for details.
                 c:\program files (x86)\microsoft visual studio 11.0\vc\include\string.h(191) : voir la déclaration de 'strncpy'
     1>c:\users\nmiel\documents\developpement\dlpcc_vs12\dlpcc\apidlpcc.cpp(2391): warning C4996: 'strncpy': This function or variable may be unsafe. Consider using strncpy_s instead. To disable deprecation, use _CRT_SECURE_NO_WARNINGS. See online help for details.
                 c:\program files (x86)\microsoft visual studio 11.0\vc\include\string.h(191) : voir la déclaration de 'strncpy'
     1>c:\users\nmiel\documents\developpement\dlpcc_vs12\dlpcc\apidlpcc.cpp(2392): warning C4996: 'strncpy': This function or variable may be unsafe. Consider using strncpy_s instead. To disable deprecation, use _CRT_SECURE_NO_WARNINGS. See online help for details.
                 c:\program files (x86)\microsoft visual studio 11.0\vc\include\string.h(191) : voir la déclaration de 'strncpy'
     1>c:\users\nmiel\documents\developpement\dlpcc_vs12\dlpcc\apidlpcc.cpp(2397): warning C4996: 'fopen': This function or variable may be unsafe. Consider using fopen_s instead. To disable deprecation, use _CRT_SECURE_NO_WARNINGS. See online help for details.
                 c:\program files (x86)\microsoft visual studio 11.0\vc\include\stdio.h(218) : voir la déclaration de 'fopen'
     1>c:\users\nmiel\documents\developpement\dlpcc_vs12\dlpcc\apidlpcc.cpp(2405): warning C4996: 'strcpy': This function or variable may be unsafe. Consider using strcpy_s instead. To disable deprecation, use _CRT_SECURE_NO_WARNINGS. See online help for details.
                 c:\program files (x86)\microsoft visual studio 11.0\vc\include\string.h(110) : voir la déclaration de 'strcpy'
     1>c:\users\nmiel\documents\developpement\dlpcc_vs12\dlpcc\apidlpcc.cpp(2406): warning C4996: 'sscanf': This function or variable may be unsafe. Consider using sscanf_s instead. To disable deprecation, use _CRT_SECURE_NO_WARNINGS. See online help for details.
                 c:\program files (x86)\microsoft visual studio 11.0\vc\include\stdio.h(311) : voir la déclaration de 'sscanf'
     1>c:\users\nmiel\documents\developpement\dlpcc_vs12\dlpcc\apidlpcc.cpp(2433): warning C4996: 'strncpy': This function or variable may be unsafe. Consider using strncpy_s instead. To disable deprecation, use _CRT_SECURE_NO_WARNINGS. See online help for details.
                 c:\program files (x86)\microsoft visual studio 11.0\vc\include\string.h(191) : voir la déclaration de 'strncpy'
     1>c:\users\nmiel\documents\developpement\dlpcc_vs12\dlpcc\apidlpcc.cpp(2438): warning C4996: 'fopen': This function or variable may be unsafe. Consider using fopen_s instead. To disable deprecation, use _CRT_SECURE_NO_WARNINGS. See online help for details.
                 c:\program files (x86)\microsoft visual studio 11.0\vc\include\stdio.h(218) : voir la déclaration de 'fopen'
     1>c:\users\nmiel\documents\developpement\dlpcc_vs12\dlpcc\apidlpcc.cpp(2471): warning C4996: 'strncpy': This function or variable may be unsafe. Consider using strncpy_s instead. To disable deprecation, use _CRT_SECURE_NO_WARNINGS. See online help for details.
                 c:\program files (x86)\microsoft visual studio 11.0\vc\include\string.h(191) : voir la déclaration de 'strncpy'
     1>c:\users\nmiel\documents\developpement\dlpcc_vs12\dlpcc\apidlpcc.cpp(2476): warning C4996: 'fopen': This function or variable may be unsafe. Consider using fopen_s instead. To disable deprecation, use _CRT_SECURE_NO_WARNINGS. See online help for details.
                 c:\program files (x86)\microsoft visual studio 11.0\vc\include\stdio.h(218) : voir la déclaration de 'fopen'
     1>c:\users\nmiel\documents\developpement\dlpcc_vs12\dlpcc\apidlpcc.cpp(2507): warning C4996: 'strncpy': This function or variable may be unsafe. Consider using strncpy_s instead. To disable deprecation, use _CRT_SECURE_NO_WARNINGS. See online help for details.
                 c:\program files (x86)\microsoft visual studio 11.0\vc\include\string.h(191) : voir la déclaration de 'strncpy'
     1>c:\users\nmiel\documents\developpement\dlpcc_vs12\dlpcc\apidlpcc.cpp(2512): warning C4996: 'fopen': This function or variable may be unsafe. Consider using fopen_s instead. To disable deprecation, use _CRT_SECURE_NO_WARNINGS. See online help for details.
                 c:\program files (x86)\microsoft visual studio 11.0\vc\include\stdio.h(218) : voir la déclaration de 'fopen'
     1>c:\users\nmiel\documents\developpement\dlpcc_vs12\dlpcc\apidlpcc.cpp(2543): warning C4996: 'strncpy': This function or variable may be unsafe. Consider using strncpy_s instead. To disable deprecation, use _CRT_SECURE_NO_WARNINGS. See online help for details.
                 c:\program files (x86)\microsoft visual studio 11.0\vc\include\string.h(191) : voir la déclaration de 'strncpy'
     1>c:\users\nmiel\documents\developpement\dlpcc_vs12\dlpcc\apidlpcc.cpp(2548): warning C4996: 'fopen': This function or variable may be unsafe. Consider using fopen_s instead. To disable deprecation, use _CRT_SECURE_NO_WARNINGS. See online help for details.
                 c:\program files (x86)\microsoft visual studio 11.0\vc\include\stdio.h(218) : voir la déclaration de 'fopen'
     1>c:\users\nmiel\documents\developpement\dlpcc_vs12\dlpcc\apidlpcc.cpp(2579): warning C4996: 'strncpy': This function or variable may be unsafe. Consider using strncpy_s instead. To disable deprecation, use _CRT_SECURE_NO_WARNINGS. See online help for details.
                 c:\program files (x86)\microsoft visual studio 11.0\vc\include\string.h(191) : voir la déclaration de 'strncpy'
     1>c:\users\nmiel\documents\developpement\dlpcc_vs12\dlpcc\apidlpcc.cpp(2584): warning C4996: 'fopen': This function or variable may be unsafe. Consider using fopen_s instead. To disable deprecation, use _CRT_SECURE_NO_WARNINGS. See online help for details.
                 c:\program files (x86)\microsoft visual studio 11.0\vc\include\stdio.h(218) : voir la déclaration de 'fopen'
     1>c:\users\nmiel\documents\developpement\dlpcc_vs12\dlpcc\apidlpcc.cpp(2616): warning C4996: 'strncpy': This function or variable may be unsafe. Consider using strncpy_s instead. To disable deprecation, use _CRT_SECURE_NO_WARNINGS. See online help for details.
                 c:\program files (x86)\microsoft visual studio 11.0\vc\include\string.h(191) : voir la déclaration de 'strncpy'
     1>c:\users\nmiel\documents\developpement\dlpcc_vs12\dlpcc\apidlpcc.cpp(2621): warning C4996: 'fopen': This function or variable may be unsafe. Consider using fopen_s instead. To disable deprecation, use _CRT_SECURE_NO_WARNINGS. See online help for details.
                 c:\program files (x86)\microsoft visual studio 11.0\vc\include\stdio.h(218) : voir la déclaration de 'fopen'
     1>c:\users\nmiel\documents\developpement\dlpcc_vs12\dlpcc\apidlpcc.cpp(2663): warning C4996: 'strcpy': This function or variable may be unsafe. Consider using strcpy_s instead. To disable deprecation, use _CRT_SECURE_NO_WARNINGS. See online help for details.
                 c:\program files (x86)\microsoft visual studio 11.0\vc\include\string.h(110) : voir la déclaration de 'strcpy'
     1>c:\users\nmiel\documents\developpement\dlpcc_vs12\dlpcc\apidlpcc.cpp(2666): warning C4996: 'sprintf': This function or variable may be unsafe. Consider using sprintf_s instead. To disable deprecation, use _CRT_SECURE_NO_WARNINGS. See online help for details.
                 c:\program files (x86)\microsoft visual studio 11.0\vc\include\stdio.h(357) : voir la déclaration de 'sprintf'
     1>c:\users\nmiel\documents\developpement\dlpcc_vs12\dlpcc\apidlpcc.cpp(2676): warning C4127: l'expression conditionnelle est une constante
     1>c:\users\nmiel\documents\developpement\dlpcc_vs12\dlpcc\apidlpcc.cpp(2681): warning C4996: 'sprintf': This function or variable may be unsafe. Consider using sprintf_s instead. To disable deprecation, use _CRT_SECURE_NO_WARNINGS. See online help for details.
                 c:\program files (x86)\microsoft visual studio 11.0\vc\include\stdio.h(357) : voir la déclaration de 'sprintf'
     1>c:\users\nmiel\documents\developpement\dlpcc_vs12\dlpcc\apidlpcc.cpp(2687): warning C4996: 'sscanf': This function or variable may be unsafe. Consider using sscanf_s instead. To disable deprecation, use _CRT_SECURE_NO_WARNINGS. See online help for details.
                 c:\program files (x86)\microsoft visual studio 11.0\vc\include\stdio.h(311) : voir la déclaration de 'sscanf'
     1>c:\users\nmiel\documents\developpement\dlpcc_vs12\dlpcc\apidlpcc.cpp(2689): warning C4996: 'sprintf': This function or variable may be unsafe. Consider using sprintf_s instead. To disable deprecation, use _CRT_SECURE_NO_WARNINGS. See online help for details.
                 c:\program files (x86)\microsoft visual studio 11.0\vc\include\stdio.h(357) : voir la déclaration de 'sprintf'
     1>c:\users\nmiel\documents\developpement\dlpcc_vs12\dlpcc\apidlpcc.cpp(2754): warning C4996: 'sprintf': This function or variable may be unsafe. Consider using sprintf_s instead. To disable deprecation, use _CRT_SECURE_NO_WARNINGS. See online help for details.
                 c:\program files (x86)\microsoft visual studio 11.0\vc\include\stdio.h(357) : voir la déclaration de 'sprintf'
     1>c:\users\nmiel\documents\developpement\dlpcc_vs12\dlpcc\apidlpcc.cpp(2794): warning C4996: 'strncat': This function or variable may be unsafe. Consider using strncat_s instead. To disable deprecation, use _CRT_SECURE_NO_WARNINGS. See online help for details.
                 c:\program files (x86)\microsoft visual studio 11.0\vc\include\string.h(182) : voir la déclaration de 'strncat'
     1>c:\users\nmiel\documents\developpement\dlpcc_vs12\dlpcc\apidlpcc.cpp(2801): warning C4996: 'strncat': This function or variable may be unsafe. Consider using strncat_s instead. To disable deprecation, use _CRT_SECURE_NO_WARNINGS. See online help for details.
                 c:\program files (x86)\microsoft visual studio 11.0\vc\include\string.h(182) : voir la déclaration de 'strncat'
     1>c:\users\nmiel\documents\developpement\dlpcc_vs12\dlpcc\apidlpcc.cpp(2804): warning C4996: 'strncat': This function or variable may be unsafe. Consider using strncat_s instead. To disable deprecation, use _CRT_SECURE_NO_WARNINGS. See online help for details.
                 c:\program files (x86)\microsoft visual studio 11.0\vc\include\string.h(182) : voir la déclaration de 'strncat'
     1>c:\users\nmiel\documents\developpement\dlpcc_vs12\dlpcc\apidlpcc.cpp(2807): warning C4996: 'strncat': This function or variable may be unsafe. Consider using strncat_s instead. To disable deprecation, use _CRT_SECURE_NO_WARNINGS. See online help for details.
                 c:\program files (x86)\microsoft visual studio 11.0\vc\include\string.h(182) : voir la déclaration de 'strncat'
     1>c:\users\nmiel\documents\developpement\dlpcc_vs12\dlpcc\apidlpcc.cpp(2810): warning C4996: 'strncat': This function or variable may be unsafe. Consider using strncat_s instead. To disable deprecation, use _CRT_SECURE_NO_WARNINGS. See online help for details.
                 c:\program files (x86)\microsoft visual studio 11.0\vc\include\string.h(182) : voir la déclaration de 'strncat'
     1>c:\users\nmiel\documents\developpement\dlpcc_vs12\dlpcc\apidlpcc.cpp(2853): warning C4996: 'strcpy': This function or variable may be unsafe. Consider using strcpy_s instead. To disable deprecation, use _CRT_SECURE_NO_WARNINGS. See online help for details.
                 c:\program files (x86)\microsoft visual studio 11.0\vc\include\string.h(110) : voir la déclaration de 'strcpy'
     1>c:\users\nmiel\documents\developpement\dlpcc_vs12\dlpcc\apidlpcc.cpp(2856): warning C4996: 'sprintf': This function or variable may be unsafe. Consider using sprintf_s instead. To disable deprecation, use _CRT_SECURE_NO_WARNINGS. See online help for details.
                 c:\program files (x86)\microsoft visual studio 11.0\vc\include\stdio.h(357) : voir la déclaration de 'sprintf'
     1>c:\users\nmiel\documents\developpement\dlpcc_vs12\dlpcc\apidlpcc.cpp(2867): warning C4127: l'expression conditionnelle est une constante
     1>c:\users\nmiel\documents\developpement\dlpcc_vs12\dlpcc\apidlpcc.cpp(2872): warning C4996: 'sprintf': This function or variable may be unsafe. Consider using sprintf_s instead. To disable deprecation, use _CRT_SECURE_NO_WARNINGS. See online help for details.
                 c:\program files (x86)\microsoft visual studio 11.0\vc\include\stdio.h(357) : voir la déclaration de 'sprintf'
     1>c:\users\nmiel\documents\developpement\dlpcc_vs12\dlpcc\apidlpcc.cpp(2879): warning C4996: 'sscanf': This function or variable may be unsafe. Consider using sscanf_s instead. To disable deprecation, use _CRT_SECURE_NO_WARNINGS. See online help for details.
                 c:\program files (x86)\microsoft visual studio 11.0\vc\include\stdio.h(311) : voir la déclaration de 'sscanf'
     1>c:\users\nmiel\documents\developpement\dlpcc_vs12\dlpcc\apidlpcc.cpp(2881): warning C4996: 'sprintf': This function or variable may be unsafe. Consider using sprintf_s instead. To disable deprecation, use _CRT_SECURE_NO_WARNINGS. See online help for details.
                 c:\program files (x86)\microsoft visual studio 11.0\vc\include\stdio.h(357) : voir la déclaration de 'sprintf'
     1>c:\users\nmiel\documents\developpement\dlpcc_vs12\dlpcc\apidlpcc.cpp(2922): warning C4996: 'sprintf': This function or variable may be unsafe. Consider using sprintf_s instead. To disable deprecation, use _CRT_SECURE_NO_WARNINGS. See online help for details.
                 c:\program files (x86)\microsoft visual studio 11.0\vc\include\stdio.h(357) : voir la déclaration de 'sprintf'
     1>c:\users\nmiel\documents\developpement\dlpcc_vs12\dlpcc\apidlpcc.cpp(2927): warning C4996: 'fopen': This function or variable may be unsafe. Consider using fopen_s instead. To disable deprecation, use _CRT_SECURE_NO_WARNINGS. See online help for details.
                 c:\program files (x86)\microsoft visual studio 11.0\vc\include\stdio.h(218) : voir la déclaration de 'fopen'
     1>c:\users\nmiel\documents\developpement\dlpcc_vs12\dlpcc\apidlpcc.cpp(2936): warning C4996: 'localtime': This function or variable may be unsafe. Consider using localtime_s instead. To disable deprecation, use _CRT_SECURE_NO_WARNINGS. See online help for details.
                 c:\program files (x86)\microsoft visual studio 11.0\vc\include\time.inl(112) : voir la déclaration de 'localtime'
     1>c:\users\nmiel\documents\developpement\dlpcc_vs12\dlpcc\apidlpcc.cpp(2937): warning C4996: 'sprintf': This function or variable may be unsafe. Consider using sprintf_s instead. To disable deprecation, use _CRT_SECURE_NO_WARNINGS. See online help for details.
                 c:\program files (x86)\microsoft visual studio 11.0\vc\include\stdio.h(357) : voir la déclaration de 'sprintf'
     1>c:\users\nmiel\documents\developpement\dlpcc_vs12\dlpcc\apidlpcc.cpp(3060): warning C4389: '!=' : incompatibilité signed/unsigned
     1>c:\users\nmiel\documents\developpement\dlpcc_vs12\dlpcc\apidlpcc.cpp(3071): warning C4127: l'expression conditionnelle est une constante
     1>c:\users\nmiel\documents\developpement\dlpcc_vs12\dlpcc\apidlpcc.cpp(3100): warning C4100: 'flag' : paramètre formel non référencé
     1>c:\users\nmiel\documents\developpement\dlpcc_vs12\dlpcc\apidlpcc.cpp(3100): warning C4100: 'dwTimeout' : paramètre formel non référencé
     1>c:\users\nmiel\documents\developpement\dlpcc_vs12\dlpcc\apidlpcc.cpp(3185): warning C4127: l'expression conditionnelle est une constante
     1>c:\users\nmiel\documents\developpement\dlpcc_vs12\dlpcc\apidlpcc.cpp(3250): warning C4996: 'sprintf': This function or variable may be unsafe. Consider using sprintf_s instead. To disable deprecation, use _CRT_SECURE_NO_WARNINGS. See online help for details.
                 c:\program files (x86)\microsoft visual studio 11.0\vc\include\stdio.h(357) : voir la déclaration de 'sprintf'
     1>c:\users\nmiel\documents\developpement\dlpcc_vs12\dlpcc\apidlpcc.cpp(3290): warning C4996: 'strncpy': This function or variable may be unsafe. Consider using strncpy_s instead. To disable deprecation, use _CRT_SECURE_NO_WARNINGS. See online help for details.
                 c:\program files (x86)\microsoft visual studio 11.0\vc\include\string.h(191) : voir la déclaration de 'strncpy'
     1>c:\users\nmiel\documents\developpement\dlpcc_vs12\dlpcc\apidlpcc.cpp(3303): warning C4244: 'argument' : conversion de 'int' en 'u_short', perte possible de données
     1>c:\users\nmiel\documents\developpement\dlpcc_vs12\dlpcc\apidlpcc.cpp(3232): warning C4101: 'szhostName' : variable locale non référencée
     1>c:\users\nmiel\documents\developpement\dlpcc_vs12\dlpcc\apidlpcc.cpp(3237): warning C4101: 'buff' : variable locale non référencée
     1>c:\users\nmiel\documents\developpement\dlpcc_vs12\dlpcc\apidlpcc.cpp(3229): warning C4101: 'line' : variable locale non référencée
     1>c:\users\nmiel\documents\developpement\dlpcc_vs12\dlpcc\apidlpcc.cpp(3227): warning C4101: 'fp' : variable locale non référencée
     1>c:\users\nmiel\documents\developpement\dlpcc_vs12\dlpcc\apidlpcc.cpp(3228): warning C4101: 'fp1' : variable locale non référencée
     1>c:\users\nmiel\documents\developpement\dlpcc_vs12\dlpcc\apidlpcc.cpp(3236): warning C4101: 'lpszRemoteAddress' : variable locale non référencée
     1>c:\users\nmiel\documents\developpement\dlpcc_vs12\dlpcc\apidlpcc.cpp(3234): warning C4101: 'hostPort' : variable locale non référencée
     1>c:\users\nmiel\documents\developpement\dlpcc_vs12\dlpcc\apidlpcc.cpp(3233): warning C4101: 'Port' : variable locale non référencée
     1>c:\users\nmiel\documents\developpement\dlpcc_vs12\dlpcc\apidlpcc.cpp(3225): warning C4101: 'recv_init' : variable locale non référencée
     1>c:\users\nmiel\documents\developpement\dlpcc_vs12\dlpcc\apidlpcc.cpp(3231): warning C4101: 'hostName' : variable locale non référencée
     1>c:\users\nmiel\documents\developpement\dlpcc_vs12\dlpcc\apidlpcc.cpp(3239): warning C4189: 'fFinished' : variable locale initialisée mais non référencée
     1>c:\users\nmiel\documents\developpement\dlpcc_vs12\dlpcc\apidlpcc.cpp(3402): warning C4996: 'strcat': This function or variable may be unsafe. Consider using strcat_s instead. To disable deprecation, use _CRT_SECURE_NO_WARNINGS. See online help for details.
                 c:\program files (x86)\microsoft visual studio 11.0\vc\include\string.h(115) : voir la déclaration de 'strcat'
     1>c:\users\nmiel\documents\developpement\dlpcc_vs12\dlpcc\apidlpcc.cpp(3389): warning C4100: 'flag' : paramètre formel non référencé
     1>c:\users\nmiel\documents\developpement\dlpcc_vs12\dlpcc\apidlpcc.cpp(3436): warning C4996: 'strncpy': This function or variable may be unsafe. Consider using strncpy_s instead. To disable deprecation, use _CRT_SECURE_NO_WARNINGS. See online help for details.
                 c:\program files (x86)\microsoft visual studio 11.0\vc\include\string.h(191) : voir la déclaration de 'strncpy'
     1>c:\users\nmiel\documents\developpement\dlpcc_vs12\dlpcc\apidlpcc.cpp(3441): warning C4996: 'fopen': This function or variable may be unsafe. Consider using fopen_s instead. To disable deprecation, use _CRT_SECURE_NO_WARNINGS. See online help for details.
                 c:\program files (x86)\microsoft visual studio 11.0\vc\include\stdio.h(218) : voir la déclaration de 'fopen'
     1>c:\users\nmiel\documents\developpement\dlpcc_vs12\dlpcc\apidlpcc.cpp(3449): warning C4996: 'strcpy': This function or variable may be unsafe. Consider using strcpy_s instead. To disable deprecation, use _CRT_SECURE_NO_WARNINGS. See online help for details.
                 c:\program files (x86)\microsoft visual studio 11.0\vc\include\string.h(110) : voir la déclaration de 'strcpy'
     1>c:\users\nmiel\documents\developpement\dlpcc_vs12\dlpcc\apidlpcc.cpp(3450): warning C4996: 'sscanf': This function or variable may be unsafe. Consider using sscanf_s instead. To disable deprecation, use _CRT_SECURE_NO_WARNINGS. See online help for details.
                 c:\program files (x86)\microsoft visual studio 11.0\vc\include\stdio.h(311) : voir la déclaration de 'sscanf'
     1>c:\users\nmiel\documents\developpement\dlpcc_vs12\dlpcc\apidlpcc.cpp(3489): warning C4996: 'localtime': This function or variable may be unsafe. Consider using localtime_s instead. To disable deprecation, use _CRT_SECURE_NO_WARNINGS. See online help for details.
                 c:\program files (x86)\microsoft visual studio 11.0\vc\include\time.inl(112) : voir la déclaration de 'localtime'
     1>c:\users\nmiel\documents\developpement\dlpcc_vs12\dlpcc\apidlpcc.cpp(3490): warning C4996: 'sprintf': This function or variable may be unsafe. Consider using sprintf_s instead. To disable deprecation, use _CRT_SECURE_NO_WARNINGS. See online help for details.
                 c:\program files (x86)\microsoft visual studio 11.0\vc\include\stdio.h(357) : voir la déclaration de 'sprintf'
     1>c:\users\nmiel\documents\developpement\dlpcc_vs12\dlpcc\apidlpcc.cpp(3503): warning C4996: 'localtime': This function or variable may be unsafe. Consider using localtime_s instead. To disable deprecation, use _CRT_SECURE_NO_WARNINGS. See online help for details.
                 c:\program files (x86)\microsoft visual studio 11.0\vc\include\time.inl(112) : voir la déclaration de 'localtime'
     1>c:\users\nmiel\documents\developpement\dlpcc_vs12\dlpcc\apidlpcc.cpp(3504): warning C4996: 'sprintf': This function or variable may be unsafe. Consider using sprintf_s instead. To disable deprecation, use _CRT_SECURE_NO_WARNINGS. See online help for details.
                 c:\program files (x86)\microsoft visual studio 11.0\vc\include\stdio.h(357) : voir la déclaration de 'sprintf'
     1>c:\users\nmiel\documents\developpement\dlpcc_vs12\dlpcc\apidlpcc.cpp(3519): warning C4996: 'sprintf': This function or variable may be unsafe. Consider using sprintf_s instead. To disable deprecation, use _CRT_SECURE_NO_WARNINGS. See online help for details.
                 c:\program files (x86)\microsoft visual studio 11.0\vc\include\stdio.h(357) : voir la déclaration de 'sprintf'
     1>c:\users\nmiel\documents\developpement\dlpcc_vs12\dlpcc\apidlpcc.cpp(3534): warning C4996: 'strncpy': This function or variable may be unsafe. Consider using strncpy_s instead. To disable deprecation, use _CRT_SECURE_NO_WARNINGS. See online help for details.
                 c:\program files (x86)\microsoft visual studio 11.0\vc\include\string.h(191) : voir la déclaration de 'strncpy'
     1>c:\users\nmiel\documents\developpement\dlpcc_vs12\dlpcc\apidlpcc.cpp(3539): warning C4996: 'fopen': This function or variable may be unsafe. Consider using fopen_s instead. To disable deprecation, use _CRT_SECURE_NO_WARNINGS. See online help for details.
                 c:\program files (x86)\microsoft visual studio 11.0\vc\include\stdio.h(218) : voir la déclaration de 'fopen'
     1>c:\users\nmiel\documents\developpement\dlpcc_vs12\dlpcc\apidlpcc.cpp(3555): warning C4996: 'sprintf': This function or variable may be unsafe. Consider using sprintf_s instead. To disable deprecation, use _CRT_SECURE_NO_WARNINGS. See online help for details.
                 c:\program files (x86)\microsoft visual studio 11.0\vc\include\stdio.h(357) : voir la déclaration de 'sprintf'
     1>c:\users\nmiel\documents\developpement\dlpcc_vs12\dlpcc\apidlpcc.cpp(3602): warning C4244: 'argument' : conversion de 'int' en 'u_short', perte possible de données
     1>c:\users\nmiel\documents\developpement\dlpcc_vs12\dlpcc\apidlpcc.cpp(3609): warning C4996: 'sprintf': This function or variable may be unsafe. Consider using sprintf_s instead. To disable deprecation, use _CRT_SECURE_NO_WARNINGS. See online help for details.
                 c:\program files (x86)\microsoft visual studio 11.0\vc\include\stdio.h(357) : voir la déclaration de 'sprintf'
     1>c:\users\nmiel\documents\developpement\dlpcc_vs12\dlpcc\apidlpcc.cpp(3620): warning C4996: 'sprintf': This function or variable may be unsafe. Consider using sprintf_s instead. To disable deprecation, use _CRT_SECURE_NO_WARNINGS. See online help for details.
                 c:\program files (x86)\microsoft visual studio 11.0\vc\include\stdio.h(357) : voir la déclaration de 'sprintf'
     1>c:\users\nmiel\documents\developpement\dlpcc_vs12\dlpcc\apidlpcc.cpp(3639): warning C4996: 'sprintf': This function or variable may be unsafe. Consider using sprintf_s instead. To disable deprecation, use _CRT_SECURE_NO_WARNINGS. See online help for details.
                 c:\program files (x86)\microsoft visual studio 11.0\vc\include\stdio.h(357) : voir la déclaration de 'sprintf'
     1>c:\users\nmiel\documents\developpement\dlpcc_vs12\dlpcc\apidlpcc.cpp(3652): warning C4996: 'sprintf': This function or variable may be unsafe. Consider using sprintf_s instead. To disable deprecation, use _CRT_SECURE_NO_WARNINGS. See online help for details.
                 c:\program files (x86)\microsoft visual studio 11.0\vc\include\stdio.h(357) : voir la déclaration de 'sprintf'
     1>c:\users\nmiel\documents\developpement\dlpcc_vs12\dlpcc\apidlpcc.cpp(3514): warning C4101: 'HCtosend' : variable locale non référencée
     1>c:\users\nmiel\documents\developpement\dlpcc_vs12\dlpcc\apidlpcc.cpp(248): warning C4706: assignation au sein d'une expression conditionnelle
     1>c:\users\nmiel\documents\developpement\dlpcc_vs12\dlpcc\apidlpcc.cpp(1738): warning C4706: assignation au sein d'une expression conditionnelle
     1>c:\users\nmiel\documents\developpement\dlpcc_vs12\dlpcc\apidlpcc.cpp(2151): warning C4706: assignation au sein d'une expression conditionnelle
     1>c:\users\nmiel\documents\developpement\dlpcc_vs12\dlpcc\apidlpcc.cpp(2324): warning C4706: assignation au sein d'une expression conditionnelle
     1>c:\users\nmiel\documents\developpement\dlpcc_vs12\dlpcc\apidlpcc.cpp(2327): warning C4706: assignation au sein d'une expression conditionnelle
     1>c:\users\nmiel\documents\developpement\dlpcc_vs12\dlpcc\apidlpcc.cpp(2246): warning C4700: variable locale 's' non initialisée utilisée
     1>c:\users\nmiel\documents\developpement\dlpcc_vs12\dlpcc\apidlpcc.cpp(2397): warning C4706: assignation au sein d'une expression conditionnelle
     1>c:\users\nmiel\documents\developpement\dlpcc_vs12\dlpcc\apidlpcc.cpp(2438): warning C4706: assignation au sein d'une expression conditionnelle
     1>c:\users\nmiel\documents\developpement\dlpcc_vs12\dlpcc\apidlpcc.cpp(2476): warning C4706: assignation au sein d'une expression conditionnelle
     1>c:\users\nmiel\documents\developpement\dlpcc_vs12\dlpcc\apidlpcc.cpp(2512): warning C4706: assignation au sein d'une expression conditionnelle
     1>c:\users\nmiel\documents\developpement\dlpcc_vs12\dlpcc\apidlpcc.cpp(2548): warning C4706: assignation au sein d'une expression conditionnelle
     1>c:\users\nmiel\documents\developpement\dlpcc_vs12\dlpcc\apidlpcc.cpp(2584): warning C4706: assignation au sein d'une expression conditionnelle
     1>c:\users\nmiel\documents\developpement\dlpcc_vs12\dlpcc\apidlpcc.cpp(2658): warning C4706: assignation au sein d'une expression conditionnelle
     1>c:\users\nmiel\documents\developpement\dlpcc_vs12\dlpcc\apidlpcc.cpp(2927): warning C4706: assignation au sein d'une expression conditionnelle
     1>c:\users\nmiel\documents\developpement\dlpcc_vs12\dlpcc\apidlpcc.cpp(2848): warning C4706: assignation au sein d'une expression conditionnelle
     1>c:\users\nmiel\documents\developpement\dlpcc_vs12\dlpcc\apidlpcc.cpp(2848): warning C4702: impossible d'atteindre le code
     1>c:\users\nmiel\documents\developpement\dlpcc_vs12\dlpcc\apidlpcc.cpp(2851): warning C4702: impossible d'atteindre le code
     1>c:\users\nmiel\documents\developpement\dlpcc_vs12\dlpcc\apidlpcc.cpp(2862): warning C4702: impossible d'atteindre le code
     1>c:\users\nmiel\documents\developpement\dlpcc_vs12\dlpcc\apidlpcc.cpp(2869): warning C4702: impossible d'atteindre le code
     1>c:\users\nmiel\documents\developpement\dlpcc_vs12\dlpcc\apidlpcc.cpp(2871): warning C4702: impossible d'atteindre le code
     1>c:\users\nmiel\documents\developpement\dlpcc_vs12\dlpcc\apidlpcc.cpp(2876): warning C4702: impossible d'atteindre le code
     1>c:\users\nmiel\documents\developpement\dlpcc_vs12\dlpcc\apidlpcc.cpp(2878): warning C4702: impossible d'atteindre le code
     1>c:\users\nmiel\documents\developpement\dlpcc_vs12\dlpcc\apidlpcc.cpp(2883): warning C4702: impossible d'atteindre le code
     1>c:\users\nmiel\documents\developpement\dlpcc_vs12\dlpcc\apidlpcc.cpp(2884): warning C4702: impossible d'atteindre le code
     1>c:\users\nmiel\documents\developpement\dlpcc_vs12\dlpcc\apidlpcc.cpp(2898): warning C4702: impossible d'atteindre le code
     1>c:\users\nmiel\documents\developpement\dlpcc_vs12\dlpcc\apidlpcc.cpp(3441): warning C4706: assignation au sein d'une expression conditionnelle
     1>c:\users\nmiel\documents\developpement\dlpcc_vs12\dlpcc\apidlpcc.cpp(2621): warning C4706: assignation au sein d'une expression conditionnelle
     1>c:\users\nmiel\documents\developpement\dlpcc_vs12\dlpcc\apidlpcc.cpp(3539): warning C4706: assignation au sein d'une expression conditionnelle
       Link:
         C:\Program Files (x86)\Microsoft Visual Studio 11.0\VC\bin\link.exe /OUT:"C:\Users\nmiel\Documents\Developpement\DLPCC_vs12\DlpCc\Debug\DLPCC.dll" /INCREMENTAL:NO /NOLOGO wsock32.lib odbc32.lib odbccp32.lib dlpc3dll.lib stm95dll.lib kernel32.lib user32.lib gdi32.lib winspool.lib comdlg32.lib advapi32.lib shell32.lib ole32.lib oleaut32.lib uuid.lib odbc32.lib odbccp32.lib /MANIFEST /MANIFESTUAC:"level='asInvoker' uiAccess='false'" /manifest:embed /DEBUG /PDB:"C:\Users\nmiel\Documents\Developpement\DLPCC_vs12\DlpCc\Debug\DLPCC.pdb" /MAP /SUBSYSTEM:WINDOWS,"5.01" /TLBID:1 /DYNAMICBASE:NO /IMPLIB:"C:\Users\nmiel\Documents\Developpement\DLPCC_vs12\DlpCc\Debug\DLPCC.lib" /MACHINE:X86 /SAFESEH /DLL .\Debug/apiDLPCC.obj
         .\Debug/apiOn2.obj
         .\Debug/DLPCCDLL.obj
         dlpc3dll.lib
         STM95DLL.lib
     1>apiDLPCC.obj : warning LNK4075: ' /EDITANDCONTINUE' ignoré à cause de la spécification '/OPT:LBR'
            Création de la bibliothèque C:\Users\nmiel\Documents\Developpement\DLPCC_vs12\DlpCc\Debug\DLPCC.lib et de l'objet C:\Users\nmiel\Documents\Developpement\DLPCC_vs12\DlpCc\Debug\DLPCC.exp
         STM95DLL.vcxproj -> C:\Users\nmiel\Documents\Developpement\DLPCC_vs12\DlpCc\Debug\DLPCC.dll
     1>Génération du projet "C:\Users\nmiel\Documents\Developpement\DLPCC_vs12\DlpCc\STM95DLL.vcxproj" terminée (Build cible(s)).

La génération a réussi.

Temps écoulé 00:00:02.71
