12/02/2016 15:35:51.113 INFO [C3Driver::handle] [Th-58076] Message In[384]
[0000] 00 00 00 00 00 00 00 00 : 00 00 00 00 00 00 00 00  [........ ........]
[0010] 00 00 00 00 00 00 00 00 : 00 00 00 00 00 00 41 00  [........ ......A.]
[0020] 00 00 00 00 30 33 39 35 : 31 30 30 31 30 30 31 32  [....0395 10010012]
[0030] 34 35 36 32 00 00 00 00 : 2A 2A 2A 2A 2A 2A 2A 2A  [4562.... ********]
[0040] 2A 2A 2A 2A 2A 2A 2A 2A : 2A 2A 2A 2A 2A 2A 00 00  [******** ******..]
[0050] 00 00 2A 2A 2A 2A 2A 2A : 2A 2A 2A 2A 2A 2A 2A 2A  [..****** ********]
[0060] 2A 2A 2A 2A 2A 2A 2A 2A : 2A 2A 2A 2A 2A 2A 2A 2A  [******** ********]
[0070] 2A 2A 2A 2A 2A 2A 2A 2A : 2A 2A 2A 2A 2A 2A 00 00  [******** ******..]
[0080] 00 00 00 00 00 00 00 00 : 00 00 00 00 00 00 00 00  [........ ........]
[0090] 00 00 00 00 00 00 00 00 : 00 00 00 00 00 00 00 00  [........ ........]
[00a0] 00 00 00 00 00 00 00 00 : 00 00 00 00 00 00 00 00  [........ ........]
[00b0] 00 00 00 00 00 00 00 00 : 00 00 00 00 00 00 00 00  [........ ........]
[00c0] 00 00 00 00 00 00 00 00 : 00 00 00 00 00 00 00 00  [........ ........]
[00d0] 00 00 00 00 00 00 00 00 : 00 00 00 00 00 00 00 00  [........ ........]
[00e0] 00 00 00 00 00 00 00 00 : 00 00 00 00 00 00 00 00  [........ ........]
[00f0] 00 00 00 00 00 00 00 00 : 00 00 00 00 00 00 00 00  [........ ........]
[0100] 00 00 00 00 00 00 00 00 : 00 00 00 00 00 00 00 00  [........ ........]
[0110] 00 00 00 00 00 00 00 00 : 00 00 00 00 00 00 00 00  [........ ........]
[0120] 00 00 00 00 00 00 00 00 : 00 00 00 00 00 00 00 00  [........ ........]
[0130] 00 00 00 00 00 00 00 00 : 00 00 00 00 00 00 00 00  [........ ........]
[0140] 00 00 00 00 00 00 00 00 : 00 00 00 00 00 00 00 00  [........ ........]
[0150] 00 00 00 00 00 00 00 00 : 00 00 00 00 00 00 00 00  [........ ........]
[0160] 00 00 00 00 00 00 00 00 : 00 00 00 00 00 00 00 00  [........ ........]
[0170] 00 00 00 00 00 00 00 00 : 00 00 00 00 00 00 00 00  [........ ........]
12/02/2016 15:35:51.191 DEBUG [PinpadService::write] [Th-58076] length=7
[0000] 01 30 36 10 03 A2 CF                               [.06....          ]
12/02/2016 15:35:51.191 LEVEL[7] [Enter getKey] [Th-58076] Start
12/02/2016 15:35:51.207 LEVEL[6] [Return getKey] [Th-58076] ret=0x00
12/02/2016 15:35:51.316 DEBUG [PinpadService::read first] [Th-58076] received=86 rv=0
[0000] 01 30 36 30 30 30 31 30 : 33 9A 57 38 32 30 38 30  [.0600010 3.W82080]
[0010] 35 FC 49 30 31 39 33 30 : 35 13 65 35 35 30 38 30  [5.I01930 5.e55080]
[0020] 31 18 1D 30 32 39 33 30 : 33 9E B6 30 31 39 35 30  [1..02930 3..01950]
[0030] 31 86 3F 31 31 31 33 30 : 31 98 22 24 24 24 24 31  [1.?11130 1."$$$$1]
[0040] 35 00 00 31 33 31 36 33 : 50 50 38 30 31 32 36 33  [5..13163 PP801263]
[0050] 30 33 10 03 CC 6F                                  [03...o           ]
12/02/2016 15:35:51.316 DEBUG [C3Driver::handle] [Th-58076] version C3Driver [C3DRIVER 2.2.4 18/01/2013]
12/02/2016 15:35:51.332 LEVEL[6] [pos_display] [Th-58076] msg='C3DRIVER 2.2.4 18/01/2013' length=25 confirm=0x02
12/02/2016 15:35:51.441 LEVEL[6] [Return pos_display] [Th-58076] msg='C3DRIVER 2.2.4 18/01/2013' length=25 confirm=0x02
12/02/2016 15:35:51.441 DEBUG [PinpadService::write] [Th-58076] length=133
[0000] 01 30 32 83 C4 99 90 01 : E6 92 30 30 30 30 30 30  [.02..... ..000000]
[0010] 30 30 30 50 39 37 38 30 :                          [000P9780         ]
12/02/2016 15:35:51.441 LEVEL[7] [Enter getKey] [Th-58076] Start
12/02/2016 15:35:51.457 LEVEL[6] [Return getKey] [Th-58076] ret=0x00
12/02/2016 15:35:51.941 DEBUG [PinpadService::read first] [Th-58076] received=106 rv=0
[0000] 01 30 32 83 C4 99 90 01 : E6 92 30 30 30 30 30 30  [.02..... ..000000]
[0010] 30 30 30 30 50 20 20 20 : 20 20                    [0000P... ..      ]
12/02/2016 15:35:51.941 DEBUG [PinpadService::write] [Th-58076] length=15
[0000] 01 30 37 43 30 00 04 44 : 00 01 23 10 03 F4 9D     [.07C0..D ..#.... ]
12/02/2016 15:35:51.941 LEVEL[7] [Enter getKey] [Th-58076] Start
12/02/2016 15:35:51.957 LEVEL[6] [Return getKey] [Th-58076] ret=0x00
12/02/2016 15:35:52.629 DEBUG [PinpadService::read first] [Th-58076] received=287 rv=0
[0000] 01 30 37 30 30 30 30 30 : 30 30 30 01 0E 43 00 8D  [.0700000 000..C..]
[0010] 1C 31 23 35 35 30 38 30 : 31 30 34 18 1D 20 20 20  [.1#55080 104.....]
[0020] 44 49 53 4E 45 59 5F 46 : 49 44 20 20 20 30 32 30  [DISNEY_F ID...020]
[0030] 30 30 31 30 33 35 38 9A : 57 41 50 50 4C 49 41 44  [0010358. WAPPLIAD]
[0040] 53 20 20 20 20 28 30 29 : 20 30 33 39 33 32 31 30  [S....(0) .0393210]
[0050] 33 35 38 9C EE 41 44 53 : 44 4C 4C 20 20 20 20 20  [358..ADS DLL.....]
[0060] 20 20 20 20 20 30 33 33 : 37 37 37 32 36 31 36 00  [.....033 7772616.]
[0070] 00 4F 53 20 20 20 20 20 : 20 20 20 20 20 20 20 20  [.OS..... ........]
[0080] 20 30 33 34 37 37 38 37 : 32 30 36 00 00 4D 41 4E  [.0347787 206..MAN]
[0090] 41 47 45 52 20 20 20 20 : 20 20 20 20 20 44 00 20  [AGER.... .....D..]
[00a0] 20 20 31 33 31 30 37 32 : 20 20 20 31 30 35 32 30  [..131072 ...10520]
[00b0] 20 20 20 31 36 33 38 34 : 20 20 20 20 33 34 37 32  [...16384 ....3472]
[00c0] 53 00 0F 31 33 31 36 33 : 50 50 38 30 31 32 36 33  [S..13163 PP801263]
[00d0] 30 33 49 00 46 50 32 50 : 45 20 3A 20 30 0A 4B 45  [03I.FP2P E.:.0.KE]
[00e0] 59 53 20 41 52 45 41 20 : 3A 20 2D 2D 2D 0A 45 32  [YS.AREA. :.---.E2]
[00f0] 45 45 20 3A 20 2D 2D 2D : 0A 48 4D 41 43 20 3A 20  [EE.:.--- .HMAC.:.]
[0100] 2D 2D 2D 0A 54 44 45 53 : 20 3A 20 2D 2D 2D 0A 57  [---.TDES .:.---.W]
[0110] 4C 20 3A 20 2D 2D 2E 2D : 2D 0A 0A 10 03 88 5A     [L.:.--.- -.....Z ]
12/02/2016 15:35:52.629 DEBUG [PinpadService::write] [Th-58076] length=111
[0000] 01 30 32 83 C4 99 90 01 : E6 92 30 30 30 30 30 30  [.02..... ..000000]
[0010] 30 30 23 58 39 37 38 30 :                          [00#X9780         ]
12/02/2016 15:35:52.629 LEVEL[7] [Enter getKey] [Th-58076] Start
12/02/2016 15:35:52.644 LEVEL[6] [Return getKey] [Th-58076] ret=0x00
12/02/2016 15:35:53.222 DEBUG [PinpadService::read first] [Th-58076] received=45 rv=0
[0000] 01 30 33 49 4E 49                                  [.03INI           ]
12/02/2016 15:35:53.222 INFO [C3Driver::tpvFunction3] [Th-58076] message='INIT DISNEY FID         EN COURS        ' input='1' timeout=0
12/02/2016 15:35:53.222 LEVEL[6] [pos_display] [Th-58076] msg='INIT DISNEY FID         EN COURS        ' length=40 confirm=0x00
12/02/2016 15:35:53.222 LEVEL[6] [Return pos_display] [Th-58076] msg='INIT DISNEY FID         EN COURS        ' length=40 confirm=0x00
12/02/2016 15:35:53.222 INFO [C3Driver::tpvFunction3] [Th-58076] cr='0' TypeVal='f1'
12/02/2016 15:35:53.222 DEBUG [PinpadService::write] [Th-58076] length=9
[0000] 01 30 33 30 F1 10 03 12 : C6                       [.030.... .       ]
12/02/2016 15:35:53.222 LEVEL[7] [Enter getKey] [Th-58076] Start
12/02/2016 15:35:53.238 LEVEL[6] [Return getKey] [Th-58076] ret=0x00
12/02/2016 15:35:53.238 DEBUG [PinpadService::read first] [Th-58076] received=28 rv=0
[0000] 02 30 30 31 31 30 4D 30 : 35 30 31 30 33 39 35 31  [.00110M0 50103951]
[0010] 30 30 31 30 30                                     [00100            ]
12/02/2016 15:35:53.238 INFO [AxisService::connect] [Th-58076] Connecting "AXIS 1" (stratusv610:9874) (SSL OFF) (to 5000 ms) ...
12/02/2016 15:35:53.238 INFO [AxisService::connect] [Th-58076] Connect Ok (ret 0)
12/02/2016 15:35:53.238 DEBUG [AxisService::write] [Th-58076] lengthOut=20 rv=0 length=16
[0000] 4D 30 35 30 31 30 33 39 : 35 31 30 30 31 30 30 30  [M0501039 51001000]
12/02/2016 15:35:53.238 DEBUG [AxisService::read] [Th-58076] m_data.length=545 received=545
[0000] 4D 30 35 30 31 30 33 39 : 35 31 30 30 31 34 37 35  [M0501039 51001475]
12/02/2016 15:35:53.238 DEBUG [PinpadService::write] [Th-58076] length=553
[0000] 02 30 30 31 31 30 4D 30 : 35 30 31 30 33 39 35 31  [.00110M0 50103951]
[0010] 30 30 31 34 37                                     [00147            ]
12/02/2016 15:35:53.238 LEVEL[7] [Enter getKey] [Th-58076] Start
12/02/2016 15:35:53.254 LEVEL[6] [Return getKey] [Th-58076] ret=0x00
12/02/2016 15:35:53.613 DEBUG [PinpadService::read first] [Th-58076] received=28 rv=0
[0000] 02 30 30 31 31 30 4D 30 : 35 30 31 30 33 39 35 31  [.00110M0 50103951]
[0010] 30 30 31 30 30                                     [00100            ]
12/02/2016 15:35:53.613 DEBUG [AxisService::write] [Th-58076] lengthOut=20 rv=0 length=16
[0000] 4D 30 35 30 31 30 33 39 : 35 31 30 30 31 30 30 30  [M0501039 51001000]
12/02/2016 15:35:53.613 DEBUG [AxisService::read] [Th-58076] m_data.length=545 received=545
[0000] 4D 30 35 30 31 30 33 39 : 35 31 30 30 31 34 37 35  [M0501039 51001475]
12/02/2016 15:35:53.613 DEBUG [PinpadService::write] [Th-58076] length=553
[0000] 02 30 30 31 31 30 4D 30 : 35 30 31 30 33 39 35 31  [.00110M0 50103951]
[0010] 30 30 31 34 37                                     [00147            ]
12/02/2016 15:35:53.613 LEVEL[7] [Enter getKey] [Th-58076] Start
12/02/2016 15:35:53.629 LEVEL[6] [Return getKey] [Th-58076] ret=0x00
12/02/2016 15:35:53.816 DEBUG [PinpadService::read first] [Th-58076] received=28 rv=0
[0000] 02 30 30 31 31 30 4D 30 : 35 30 31 30 33 39 35 31  [.00110M0 50103951]
[0010] 30 30 31 30 30                                     [00100            ]
12/02/2016 15:35:53.816 DEBUG [AxisService::write] [Th-58076] lengthOut=20 rv=0 length=16
[0000] 4D 30 35 30 31 30 33 39 : 35 31 30 30 31 30 30 30  [M0501039 51001000]
12/02/2016 15:35:53.816 DEBUG [AxisService::read] [Th-58076] m_data.length=546 received=546
[0000] 4D 30 35 30 31 30 33 39 : 35 31 30 30 31 34 37 35  [M0501039 51001475]
12/02/2016 15:35:53.816 DEBUG [PinpadService::write] [Th-58076] length=554
[0000] 02 30 30 31 31 30 4D 30 : 35 30 31 30 33 39 35 31  [.00110M0 50103951]
[0010] 30 30 31 34 37                                     [00147            ]
12/02/2016 15:35:53.816 LEVEL[7] [Enter getKey] [Th-58076] Start
12/02/2016 15:35:53.832 LEVEL[6] [Return getKey] [Th-58076] ret=0x00
12/02/2016 15:35:54.019 DEBUG [PinpadService::read first] [Th-58076] received=28 rv=0
[0000] 02 30 30 31 31 30 4D 30 : 35 30 31 30 33 39 35 31  [.00110M0 50103951]
[0010] 30 30 31 30 30                                     [00100            ]
12/02/2016 15:35:54.019 DEBUG [AxisService::write] [Th-58076] lengthOut=20 rv=0 length=16
[0000] 4D 30 35 30 31 30 33 39 : 35 31 30 30 31 30 30 30  [M0501039 51001000]
12/02/2016 15:35:54.019 DEBUG [AxisService::read] [Th-58076] m_data.length=545 received=545
[0000] 4D 30 35 30 31 30 33 39 : 35 31 30 30 31 34 37 35  [M0501039 51001475]
12/02/2016 15:35:54.019 DEBUG [PinpadService::write] [Th-58076] length=553
[0000] 02 30 30 31 31 30 4D 30 : 35 30 31 30 33 39 35 31  [.00110M0 50103951]
[0010] 30 30 31 34 37                                     [00147            ]
12/02/2016 15:35:54.019 LEVEL[7] [Enter getKey] [Th-58076] Start
12/02/2016 15:35:54.035 LEVEL[6] [Return getKey] [Th-58076] ret=0x00
12/02/2016 15:35:54.222 DEBUG [PinpadService::read first] [Th-58076] received=28 rv=0
[0000] 02 30 30 31 31 30 4D 30 : 35 30 31 30 33 39 35 31  [.00110M0 50103951]
[0010] 30 30 31 30 30                                     [00100            ]
12/02/2016 15:35:54.222 DEBUG [AxisService::write] [Th-58076] lengthOut=20 rv=0 length=16
[0000] 4D 30 35 30 31 30 33 39 : 35 31 30 30 31 30 30 30  [M0501039 51001000]
12/02/2016 15:35:54.222 DEBUG [AxisService::read] [Th-58076] m_data.length=33 received=33
[0000] 4D 30 35 30 31 30 33 39 : 35 31 30 30 31 34 37 35  [M0501039 51001475]
12/02/2016 15:35:54.222 DEBUG [PinpadService::write] [Th-58076] length=41
[0000] 02 30 30 31 31 30 4D 30 : 35 30 31 30 33 39 35 31  [.00110M0 50103951]
[0010] 30 30 31 34 37                                     [00147            ]
12/02/2016 15:35:54.222 LEVEL[7] [Enter getKey] [Th-58076] Start
12/02/2016 15:35:54.238 LEVEL[6] [Return getKey] [Th-58076] ret=0x00
12/02/2016 15:35:55.238 LEVEL[7] [Enter getKey] [Th-58076] Start
12/02/2016 15:35:55.254 LEVEL[6] [Return getKey] [Th-58076] ret=0x00
12/02/2016 15:35:56.254 LEVEL[7] [Enter getKey] [Th-58076] Start
12/02/2016 15:35:56.269 LEVEL[6] [Return getKey] [Th-58076] ret=0x00
12/02/2016 15:35:57.269 LEVEL[7] [Enter getKey] [Th-58076] Start
12/02/2016 15:35:57.285 LEVEL[6] [Return getKey] [Th-58076] ret=0x00
12/02/2016 15:35:58.285 LEVEL[7] [Enter getKey] [Th-58076] Start
12/02/2016 15:35:58.301 LEVEL[6] [Return getKey] [Th-58076] ret=0x00
12/02/2016 15:35:59.301 LEVEL[7] [Enter getKey] [Th-58076] Start
12/02/2016 15:35:59.316 LEVEL[6] [Return getKey] [Th-58076] ret=0x00
12/02/2016 15:36:00.316 LEVEL[7] [Enter getKey] [Th-58076] Start
12/02/2016 15:36:00.332 LEVEL[6] [Return getKey] [Th-58076] ret=0x00
12/02/2016 15:36:01.332 LEVEL[7] [Enter getKey] [Th-58076] Start
12/02/2016 15:36:01.347 LEVEL[6] [Return getKey] [Th-58076] ret=0x00
12/02/2016 15:36:02.347 LEVEL[7] [Enter getKey] [Th-58076] Start
12/02/2016 15:36:02.363 LEVEL[6] [Return getKey] [Th-58076] ret=0x00
12/02/2016 15:36:03.363 LEVEL[7] [Enter getKey] [Th-58076] Start
12/02/2016 15:36:03.379 LEVEL[6] [Return getKey] [Th-58076] ret=0x00
12/02/2016 15:36:04.379 LEVEL[7] [Enter getKey] [Th-58076] Start
12/02/2016 15:36:04.394 LEVEL[6] [Return getKey] [Th-58076] ret=0x00
12/02/2016 15:36:05.160 DEBUG [PinpadService::read first] [Th-58076] received=45 rv=0
[0000] 01 30 33 49 4E 49                                  [.03INI           ]
12/02/2016 15:36:05.160 INFO [C3Driver::tpvFunction3] [Th-58076] message='INIT DISNEY FID         TERMINEE        ' input='1' timeout=0
12/02/2016 15:36:05.160 LEVEL[6] [pos_display] [Th-58076] msg='INIT DISNEY FID         TERMINEE        ' length=40 confirm=0x00
12/02/2016 15:36:05.160 LEVEL[6] [Return pos_display] [Th-58076] msg='INIT DISNEY FID         TERMINEE        ' length=40 confirm=0x00
12/02/2016 15:36:05.160 INFO [C3Driver::tpvFunction3] [Th-58076] cr='0' TypeVal='f1'
12/02/2016 15:36:05.160 DEBUG [PinpadService::write] [Th-58076] length=9
[0000] 01 30 33 30 F1 10 03 12 : C6                       [.030.... .       ]
12/02/2016 15:36:05.160 LEVEL[7] [Enter getKey] [Th-58076] Start
12/02/2016 15:36:05.175 LEVEL[6] [Return getKey] [Th-58076] ret=0x00
12/02/2016 15:36:05.175 DEBUG [PinpadService::read first] [Th-58076] received=84 rv=0
[0000] 01 30 32 83 C4 99 90 01 : E6 92 30 30 30 30 30 30  [.02..... ..000000]
[0010] 30 30 30 23 58 31 31 30 : 32 31                    [000#X110 21      ]
12/02/2016 15:36:05.175 DEBUG [PinpadService::write] [Th-58076] length=73
[0000] 01 30 32 83 C4 99 90 01 : E6 92 30 30 30 30 30 30  [.02..... ..000000]
[0010] 30 30 23 61 39 37 38 30 :                          [00#a9780         ]
12/02/2016 15:36:05.175 LEVEL[7] [Enter getKey] [Th-58076] Start
12/02/2016 15:36:05.191 LEVEL[6] [Return getKey] [Th-58076] ret=0x00
12/02/2016 15:36:05.238 DEBUG [PinpadService::read first] [Th-58076] received=84 rv=0
[0000] 01 30 32 83 C4 99 90 01 : E6 92 31 30 30 30 30 30  [.02..... ..100000]
[0010] 30 30 30 30 61 20 20 20 : 20 20                    [0000a... ..      ]
12/02/2016 15:36:05.238 INFO [C3Driver::handleAdmin] [Th-58076] V/13 "send offline txns" result app 'DSY' : ko
12/02/2016 15:36:05.238 INFO [C3Driver::handle] [Th-58076] Message Out[512]
[0000] 30 30 30 30 30 30 30 30 : 30 30 30 30 00 00 00 00  [00000000 0000....]
[0010] 00 00 00 00 00 00 00 00 : 00 00 00 00 00 00 30 30  [........ ......00]
[0020] 30 30 30 30 30 30 30 2A : 2A 2A 2A 2A 2A 2A 2A 2A  [0000000* ********]
[0030] 2A 2A 2A 2A 2A 2A 2A 2A : 2A 2A 20 20 20 20 20 20  [******** **......]
[0040] 20 20 20 20 30 33 39 35 : 31 30 30 31 20 2A 2A 2A  [....0395 1001.***]
[0050] 2A 2A 2A 2A 2A 2A 2A 2A : 2A 2A 2A 2A 2A 2A 2A 2A  [******** ********]
[0060] 2A 2A 2A 2A 2A 2A 2A 2A : 2A 2A 2A 2A 2A 2A 2A 2A  [******** ********]
[0070] 2A 2A 2A 20 20 20 20 20 : 20 20 20 20 20 20 20 20  [***..... ........]
[0080] 20 20 20 20 20 20 20 20 : 20 20 20 20 20 20 20 20  [........ ........]
[0090] 20 20 20 20 20 20 20 20 : 20 20 20 20 20 20 2A 2A  [........ ......**]
[00a0] 2A 2A 2A 2A 2A 20 00 00 : 20 20 20 20 20 20 20 20  [*****... ........]
[00b0] 20 20 20 20 20 20 20 20 : 20 20 20 20 20 20 20 20  [........ ........]
[00c0] 20 20 20 20 20 20 20 20 : 20 20 20 20 20 20 20 20  [........ ........]
[00d0] 20 20 20 20 20 20 20 20 : 20 20 20 20 20 20 20 20  [........ ........]
[00e0] 20 20 20 20 20 20 20 20 : 20 20 20 20 20 20 20 20  [........ ........]
[00f0] 20 20 20 20 20 20 20 20 : 20 20 20 20 20 20 20 20  [........ ........]
[0100] 20 20 20 20 20 20 20 20 : 20 20 20 20 20 20 20 20  [........ ........]
[0110] 20 20 20 20 20 20 20 20 : 20 20 20 20 20 20 20 20  [........ ........]
[0120] 20 20 20 20 20 20 20 20 : 20 20 20 20 20 20 20 20  [........ ........]
[0130] 20 20 20 20 20 20 20 20 : 20 20 20 20 20 20 20 20  [........ ........]
[0140] 20 20 20 20 20 20 20 20 : 20 20 20 20 20 20 20 20  [........ ........]
[0150] 20 20 20 20 20 20 20 20 : 20 20 20 20 20 00 00 00  [........ ........]
[0160] 00 20 20 2B 20 20 20 20 : 20 20 20 20 20 20 20 20  [...+.... ........]
[0170] 20 20 20 20 20 20 20 20 : 20 20 20 20 20 20 20 20  [........ ........]
[0180] 20 20 20 2B 20 20 20 20 : 20 20 20 20 20 20 20 20  [...+.... ........]
[0190] 20 20 20 20 20 20 20 20 : 20 20 20 20 20 20 20 20  [........ ........]
[01a0] 20 20 20 20 20 20 20 20 : 20 20 20 20 20 20 20 20  [........ ........]
[01b0] 20 20 20 20 20 20 20 20 : 20 20 20 20 20 20 20 20  [........ ........]
[01c0] 20 20 20 20 20 20 20 20 : 20 20 20 20 20 20 20 20  [........ ........]
[01d0] 20 20 20 20 20 20 20 20 : 20 20 20 20 20 20 20 20  [........ ........]
[01e0] 20 20 20 20 20 20 20 20 : 20 20 20 20 20 20 20 20  [........ ........]
[01f0] 20 20 20 20 20 20 20 20 : 20 20 20 20 20 20 20 20  [........ ........]
12/02/2016 15:36:05.269 DEBUG [Socket::close] [Th-58076] Socket::closed successfully
12/02/2016 15:36:05.269 INFO [C3Driver::handle] [Th-58076] Message In[384]
[0000] 20 20 20 20 20 20 20 20 : 20 20 20 20 39 37 38 20  [........ ....978.]
[0010] 20 20 20 20 20 20 20 20 : 20 20 20 20 20 20 7A 2B  [........ ......z+]
[0020] 70 30 20 20 30 33 39 35 : 31 30 30 31 30 30 31 32  [p0..0395 10010012]
[0030] 34 35 36 32 20 20 20 20 : 2A 2A 2A 2A 2A 2A 2A 2A  [4562.... ********]
[0040] 2A 2A 2A 2A 2A 2A 2A 2A : 2A 2A 2A 2A 2A 2A 20 20  [******** ******..]
[0050] 20 20 2A 2A 2A 2A 2A 2A : 2A 2A 2A 2A 2A 2A 2A 2A  [..****** ********]
[0060] 2A 2A 2A 2A 2A 2A 2A 2A : 2A 2A 2A 2A 2A 2A 2A 2A  [******** ********]
[0070] 2A 2A 2A 2A 2A 2A 2A 2A : 2A 2A 2A 2A 2A 2A 20 20  [******** ******..]
[0080] 20 20 20 20 20 20 20 20 : 20 20 20 20 20 20 20 20  [........ ........]
[0090] 20 20 20 20 20 20 20 20 : 20 20 20 20 20 20 20 20  [........ ........]
[00a0] 20 20 20 20 20 20 20 20 : 20 20 20 20 20 20 20 20  [........ ........]
[00b0] 20 20 20 20 20 00 00 00 : 00 00 00 00 00 00 00 00  [........ ........]
[00c0] 00 00 00 00 00 00 00 00 : 00 00 00 00 00 00 00 00  [........ ........]
[00d0] 00 00 00 00 00 00 00 00 : 00 00 00 00 00 00 00 00  [........ ........]
[00e0] 00 00 00 00 00 00 00 00 : 00 00 00 00 00 00 00 00  [........ ........]
[00f0] 00 00 00 00 00 20 20 20 : 20 20 20 20 20 20 20 20  [........ ........]
[0100] 20 20 20 20 20 20 20 20 : 20 20 20 20 20 20 20 20  [........ ........]
[0110] 20 20 20 20 20 20 20 20 : 20 20 20 20 20 20 20 20  [........ ........]
[0120] 20 20 20 20 20 20 20 20 : 20 20 20 20 20 20 20 20  [........ ........]
[0130] 20 20 20 20 20 20 20 20 : 20 20 20 20 20 20 20 20  [........ ........]
[0140] 20 20 20 20 20 20 20 20 : 20 20 20 20 20 20 20 20  [........ ........]
[0150] 20 20 20 20 20 20 20 20 : 20 20 20 20 20 20 20 20  [........ ........]
[0160] 20 20 20 20 20 20 20 20 : 20 20 20 20 20 20 20 20  [........ ........]
[0170] 20 20 20 20 20 20 20 20 : 20 20 20 20 20 20 20 20  [........ ........]
12/02/2016 15:36:05.347 DEBUG [PinpadService::write] [Th-58076] length=7
[0000] 01 30 36 10 03 A2 CF                               [.06....          ]
12/02/2016 15:36:05.347 LEVEL[7] [Enter getKey] [Th-58076] Start
12/02/2016 15:36:05.363 LEVEL[6] [Return getKey] [Th-58076] ret=0x00
12/02/2016 15:36:05.925 DEBUG [PinpadService::read first] [Th-58076] received=86 rv=0
[0000] 01 30 36 30 30 30 31 30 : 33 9A 57 38 32 30 38 30  [.0600010 3.W82080]
[0010] 35 FC 49 30 31 39 33 30 : 35 13 65 35 35 30 38 30  [5.I01930 5.e55080]
[0020] 31 18 1D 30 32 39 33 30 : 33 9E B6 30 31 39 35 30  [1..02930 3..01950]
[0030] 31 86 3F 31 31 31 33 30 : 31 98 22 24 24 24 24 31  [1.?11130 1."$$$$1]
[0040] 35 00 00 31 33 31 36 33 : 50 50 38 30 31 32 36 33  [5..13163 PP801263]
[0050] 30 33 10 03 CC 6F                                  [03...o           ]
12/02/2016 15:36:05.925 DEBUG [PinpadService::write] [Th-58076] length=81
[0000] 01 30 32 83 C4 99 90 01 : E6 92 30 30 30 30 30 30  [.02..... ..000000]
[0010] 30 30 23 5A 39 37 38 30 :                          [00#Z9780         ]
12/02/2016 15:36:05.925 LEVEL[7] [Enter getKey] [Th-58076] Start
12/02/2016 15:36:05.941 LEVEL[6] [Return getKey] [Th-58076] ret=0x00
12/02/2016 15:36:06.582 DEBUG [PinpadService::read first] [Th-58076] received=45 rv=0
[0000] 01 30 33 50 52 45                                  [.03PRE           ]
12/02/2016 15:36:06.582 INFO [C3Driver::tpvFunction3] [Th-58076] message='PRESENTEZ CARTE                         ' input='1' timeout=0
12/02/2016 15:36:06.582 LEVEL[6] [pos_display] [Th-58076] msg='PRESENTEZ CARTE                         ' length=40 confirm=0x00
12/02/2016 15:36:06.582 LEVEL[6] [Return pos_display] [Th-58076] msg='PRESENTEZ CARTE                         ' length=40 confirm=0x00
12/02/2016 15:36:06.582 INFO [C3Driver::tpvFunction3] [Th-58076] cr='0' TypeVal='f1'
12/02/2016 15:36:06.582 DEBUG [PinpadService::write] [Th-58076] length=9
[0000] 01 30 33 30 F1 10 03 12 : C6                       [.030.... .       ]
12/02/2016 15:36:06.582 LEVEL[7] [Enter getKey] [Th-58076] Start
12/02/2016 15:36:06.597 LEVEL[6] [Return getKey] [Th-58076] ret=0x00
12/02/2016 15:36:07.597 LEVEL[7] [Enter getKey] [Th-58076] Start
12/02/2016 15:36:07.613 LEVEL[6] [Return getKey] [Th-58076] ret=0x00
12/02/2016 15:36:08.613 LEVEL[7] [Enter getKey] [Th-58076] Start
12/02/2016 15:36:08.629 LEVEL[6] [Return getKey] [Th-58076] ret=0x00
12/02/2016 15:36:09.629 LEVEL[7] [Enter getKey] [Th-58076] Start
12/02/2016 15:36:09.644 LEVEL[6] [Return getKey] [Th-58076] ret=0x00
12/02/2016 15:36:09.691 DEBUG [PinpadService::read first] [Th-58076] received=45 rv=0
[0000] 01 30 33 43 4F 4D                                  [.03COM           ]
12/02/2016 15:36:09.691 INFO [C3Driver::tpvFunction3] [Th-58076] message='COMPOSEZ LE CODE                        ' input='1' timeout=0
12/02/2016 15:36:09.691 LEVEL[6] [pos_display] [Th-58076] msg='COMPOSEZ LE CODE                        ' length=40 confirm=0x00
12/02/2016 15:36:09.691 LEVEL[6] [Return pos_display] [Th-58076] msg='COMPOSEZ LE CODE                        ' length=40 confirm=0x00
12/02/2016 15:36:09.691 INFO [C3Driver::tpvFunction3] [Th-58076] cr='0' TypeVal='f1'
12/02/2016 15:36:09.691 DEBUG [PinpadService::write] [Th-58076] length=9
[0000] 01 30 33 30 F1 10 03 12 : C6                       [.030.... .       ]
12/02/2016 15:36:09.691 LEVEL[7] [Enter getKey] [Th-58076] Start
12/02/2016 15:36:09.707 LEVEL[6] [Return getKey] [Th-58076] ret=0x00
12/02/2016 15:36:10.707 LEVEL[7] [Enter getKey] [Th-58076] Start
12/02/2016 15:36:10.722 LEVEL[6] [Return getKey] [Th-58076] ret=0x00
12/02/2016 15:36:11.722 LEVEL[7] [Enter getKey] [Th-58076] Start
12/02/2016 15:36:11.738 LEVEL[6] [Return getKey] [Th-58076] ret=0x00
12/02/2016 15:36:12.738 LEVEL[7] [Enter getKey] [Th-58076] Start
12/02/2016 15:36:12.754 LEVEL[6] [Return getKey] [Th-58076] ret=0x00
12/02/2016 15:36:13.754 LEVEL[7] [Enter getKey] [Th-58076] Start
12/02/2016 15:36:13.769 LEVEL[6] [Return getKey] [Th-58076] ret=0x00
12/02/2016 15:36:14.769 LEVEL[7] [Enter getKey] [Th-58076] Start
12/02/2016 15:36:14.785 LEVEL[6] [Return getKey] [Th-58076] ret=0x00
12/02/2016 15:36:15.785 LEVEL[7] [Enter getKey] [Th-58076] Start
12/02/2016 15:36:15.800 LEVEL[6] [Return getKey] [Th-58076] ret=0x00
12/02/2016 15:36:16.800 LEVEL[7] [Enter getKey] [Th-58076] Start
12/02/2016 15:36:16.816 LEVEL[6] [Return getKey] [Th-58076] ret=0x00
12/02/2016 15:36:16.894 DEBUG [PinpadService::read first] [Th-58076] received=45 rv=0
[0000] 01 30 33 43 4F 4D                                  [.03COM           ]
12/02/2016 15:36:16.894 INFO [C3Driver::tpvFunction3] [Th-58076] message='COMPOSEZ LE CODE                        ' input='1' timeout=0
12/02/2016 15:36:16.894 LEVEL[6] [pos_display] [Th-58076] msg='COMPOSEZ LE CODE                        ' length=40 confirm=0x00
12/02/2016 15:36:16.894 LEVEL[6] [Return pos_display] [Th-58076] msg='COMPOSEZ LE CODE                        ' length=40 confirm=0x00
12/02/2016 15:36:16.894 INFO [C3Driver::tpvFunction3] [Th-58076] cr='0' TypeVal='f1'
12/02/2016 15:36:16.894 DEBUG [PinpadService::write] [Th-58076] length=9
[0000] 01 30 33 30 F1 10 03 12 : C6                       [.030.... .       ]
12/02/2016 15:36:16.894 LEVEL[7] [Enter getKey] [Th-58076] Start
12/02/2016 15:36:16.910 LEVEL[6] [Return getKey] [Th-58076] ret=0x00
12/02/2016 15:36:17.910 LEVEL[7] [Enter getKey] [Th-58076] Start
12/02/2016 15:36:17.925 LEVEL[6] [Return getKey] [Th-58076] ret=0x00
12/02/2016 15:36:18.925 LEVEL[7] [Enter getKey] [Th-58076] Start
12/02/2016 15:36:18.941 LEVEL[6] [Return getKey] [Th-58076] ret=0x00
12/02/2016 15:36:19.004 DEBUG [PinpadService::read first] [Th-58076] received=45 rv=0
[0000] 01 30 33 49 4E 49                                  [.03INI           ]
12/02/2016 15:36:19.004 INFO [C3Driver::tpvFunction3] [Th-58076] message='INITIALISAT. PIN        EN COURS        ' input='1' timeout=0
12/02/2016 15:36:19.004 LEVEL[6] [pos_display] [Th-58076] msg='INITIALISAT. PIN        EN COURS        ' length=40 confirm=0x00
12/02/2016 15:36:19.004 LEVEL[6] [Return pos_display] [Th-58076] msg='INITIALISAT. PIN        EN COURS        ' length=40 confirm=0x00
12/02/2016 15:36:19.004 INFO [C3Driver::tpvFunction3] [Th-58076] cr='0' TypeVal='f1'
12/02/2016 15:36:19.004 DEBUG [PinpadService::write] [Th-58076] length=9
[0000] 01 30 33 30 F1 10 03 12 : C6                       [.030.... .       ]
12/02/2016 15:36:19.004 LEVEL[7] [Enter getKey] [Th-58076] Start
12/02/2016 15:36:19.019 LEVEL[6] [Return getKey] [Th-58076] ret=0x00
12/02/2016 15:36:19.019 DEBUG [PinpadService::read first] [Th-58076] received=419 rv=0
[0000] 02 30 30 31 31 30 4D 30 : 35 30 32 30 33 39 35 31  [.00110M0 50203951]
[0010] 30 30 31 34 37                                     [00147            ]
12/02/2016 15:36:19.019 INFO [AxisService::connect] [Th-58076] Connecting "AXIS 1" (stratusv610:9874) (SSL OFF) (to 5000 ms) ...
12/02/2016 15:36:19.019 INFO [AxisService::connect] [Th-58076] Connect Ok (ret 0)
12/02/2016 15:36:19.019 DEBUG [AxisService::write] [Th-58076] lengthOut=411 rv=0 length=16
[0000] 4D 30 35 30 32 30 33 39 : 35 31 30 30 31 34 37 35  [M0502039 51001475]
12/02/2016 15:36:19.285 DEBUG [AxisService::read] [Th-58076] m_data.length=34 received=34
[0000] 4D 30 35 30 32 30 33 39 : 35 31 30 30 31 34 37 35  [M0502039 51001475]
12/02/2016 15:36:19.285 DEBUG [PinpadService::write] [Th-58076] length=42
[0000] 02 30 30 31 31 30 4D 30 : 35 30 32 30 33 39 35 31  [.00110M0 50203951]
[0010] 30 30 31 34 37                                     [00147            ]
12/02/2016 15:36:19.285 LEVEL[7] [Enter getKey] [Th-58076] Start
12/02/2016 15:36:19.300 LEVEL[6] [Return getKey] [Th-58076] ret=0x00
12/02/2016 15:36:19.457 DEBUG [PinpadService::read first] [Th-58076] received=45 rv=0
[0000] 01 30 33 49 4E 49                                  [.03INI           ]
12/02/2016 15:36:19.457 INFO [C3Driver::tpvFunction3] [Th-58076] message='INITIALISAT. PIN        REUSSIE         ' input='1' timeout=0
12/02/2016 15:36:19.457 LEVEL[6] [pos_display] [Th-58076] msg='INITIALISAT. PIN        REUSSIE         ' length=40 confirm=0x00
12/02/2016 15:36:19.457 LEVEL[6] [Return pos_display] [Th-58076] msg='INITIALISAT. PIN        REUSSIE         ' length=40 confirm=0x00
12/02/2016 15:36:19.457 INFO [C3Driver::tpvFunction3] [Th-58076] cr='0' TypeVal='f1'
12/02/2016 15:36:19.457 DEBUG [PinpadService::write] [Th-58076] length=9
[0000] 01 30 33 30 F1 10 03 12 : C6                       [.030.... .       ]
12/02/2016 15:36:19.457 LEVEL[7] [Enter getKey] [Th-58076] Start
12/02/2016 15:36:19.472 LEVEL[6] [Return getKey] [Th-58076] ret=0x00
12/02/2016 15:36:19.472 DEBUG [PinpadService::read first] [Th-58076] received=84 rv=0
[0000] 01 30 32 83 C4 99 90 01 : E6 92 30 30 30 30 30 30  [.02..... ..000000]
[0010] 30 30 30 23 5A 30 34 41 : 34 46                    [000#Z04A 4F      ]
12/02/2016 15:36:19.472 INFO [C3Driver::handle] [Th-58076] Message Out[512]
[0000] 30 30 30 30 30 30 30 30 : 30 30 30 30 39 37 38 20  [00000000 0000978.]
[0010] 20 20 20 20 20 20 20 20 : 20 20 20 20 20 20 30 30  [........ ......00]
[0020] 30 30 30 30 30 30 30 2A : 2A 2A 2A 2A 2A 2A 2A 2A  [0000000* ********]
[0030] 2A 2A 2A 2A 2A 2A 2A 2A : 2A 2A 20 20 20 20 20 20  [******** **......]
[0040] 20 20 20 20 30 33 39 35 : 31 30 30 31 20 2A 2A 2A  [....0395 1001.***]
[0050] 2A 2A 2A 2A 2A 2A 2A 2A : 2A 2A 2A 2A 2A 2A 2A 2A  [******** ********]
[0060] 2A 2A 2A 2A 2A 2A 2A 2A : 2A 2A 2A 2A 2A 2A 2A 2A  [******** ********]
[0070] 2A 2A 2A 20 20 20 20 20 : 20 20 20 20 20 20 20 20  [***..... ........]
[0080] 20 20 20 20 20 20 20 20 : 20 20 20 20 20 20 20 20  [........ ........]
[0090] 20 20 20 20 20 20 2B 20 : 20 20 20 20 20 20 2A 2A  [......+. ......**]
[00a0] 2A 2A 2A 2A 2A 20 2B 70 : 20 20 20 20 20 20 20 20  [*****.+p ........]
[00b0] 20 20 20 20 20 20 20 20 : 20 20 20 20 20 20 20 20  [........ ........]
[00c0] 20 20 20 20 20 20 20 20 : 20 20 20 20 20 20 20 20  [........ ........]
[00d0] 20 20 20 20 20 20 20 20 : 20 20 20 20 20 20 20 20  [........ ........]
[00e0] 20 20 20 20 20 20 20 20 : 20 20 20 20 20 20 20 20  [........ ........]
[00f0] 20 20 20 20 20 20 20 20 : 20 20 20 20 20 20 20 20  [........ ........]
[0100] 20 20 20 20 20 20 20 20 : 20 20 20 20 20 20 20 20  [........ ........]
[0110] 20 20 20 20 20 20 20 20 : 20 20 20 20 20 20 20 20  [........ ........]
[0120] 20 20 20 20 20 20 20 20 : 20 20 20 20 20 20 20 20  [........ ........]
[0130] 20 20 20 20 20 20 20 20 : 20 20 20 20 20 20 20 20  [........ ........]
[0140] 20 20 20 20 20 20 20 20 : 20 20 20 20 20 20 20 20  [........ ........]
[0150] 20 20 20 20 20 20 20 20 : 20 20 20 20 20 20 20 20  [........ ........]
[0160] 20 20 20 00 00 00 00 00 : 00 00 00 00 00 00 00 00  [........ ........]
[0170] 00 00 00 00 00 00 00 00 : 00 00 00 00 00 00 00 00  [........ ........]
[0180] 00 00 00 00 00 00 00 00 : 00 00 00 00 00 00 00 00  [........ ........]
[0190] 00 00 00 00 00 00 00 00 : 00 00 00 00 00 00 00 00  [........ ........]
[01a0] 00 00 00 20 20 20 20 20 : 20 20 20 20 20 20 20 20  [........ ........]
[01b0] 30 20 20 20 20 20 20 20 : 20 20 20 20 20 20 20 20  [0....... ........]
[01c0] 20 20 20 20 20 20 20 20 : 20 20 20 20 20 20 20 20  [........ ........]
[01d0] 20 20 20 20 20 20 20 20 : 20 20 20 20 20 20 20 20  [........ ........]
[01e0] 20 20 20 20 20 20 20 20 : 20 20 20 20 20 20 20 20  [........ ........]
[01f0] 20 20 20 20 20 20 20 20 : 20 20 20 20 20 20 20 20  [........ ........]
12/02/2016 15:36:19.504 DEBUG [Socket::close] [Th-58076] Socket::closed successfully
