16/02/2016 14:45:02.677 INFO [C3Driver::handle] [Th-3236] Message In[384]
[0000] 00 00 00 00 00 00 00 00 : 00 00 00 00 00 00 00 00  [........ ........]
[0010] 00 00 00 00 00 00 00 00 : 00 00 00 00 00 00 41 00  [........ ......A.]
[0020] 00 00 00 00 30 33 39 35 : 31 30 30 31 30 30 31 32  [....0395 10010012]
[0030] 34 35 36 32 00 00 00 00 : 2A 2A 2A 2A 2A 2A 2A 2A  [4562.... ********]
[0040] 2A 2A 2A 2A 2A 2A 2A 2A : 2A 2A 2A 2A 2A 2A 00 00  [******** ******..]
[0050] 00 00 2A 2A 2A 2A 2A 2A : 2A 2A 2A 2A 2A 2A 2A 2A  [..****** ********]
[0060] 2A 2A 2A 2A 2A 2A 2A 2A : 2A 2A 2A 2A 2A 2A 2A 2A  [******** ********]
[0070] 2A 2A 2A 2A 2A 2A 2A 2A : 2A 2A 2A 2A 2A 2A 00 00  [******** ******..]
[0080] 00 00 00 00 00 00 00 00 : 00 00 00 00 00 00 00 00  [........ ........]
[0090] 00 00 00 00 00 00 00 00 : 00 00 00 00 00 00 00 00  [........ ........]
[00a0] 00 00 00 00 00 00 00 00 : 00 00 00 00 00 00 00 00  [........ ........]
[00b0] 00 00 00 00 00 00 00 00 : 00 00 00 00 00 00 00 00  [........ ........]
[00c0] 00 00 00 00 00 00 00 00 : 00 00 00 00 00 00 00 00  [........ ........]
[00d0] 00 00 00 00 00 00 00 00 : 00 00 00 00 00 00 00 00  [........ ........]
[00e0] 00 00 00 00 00 00 00 00 : 00 00 00 00 00 00 00 00  [........ ........]
[00f0] 00 00 00 00 00 00 00 00 : 00 00 00 00 00 00 00 00  [........ ........]
[0100] 00 00 00 00 00 00 00 00 : 00 00 00 00 00 00 00 00  [........ ........]
[0110] 00 00 00 00 00 00 00 00 : 00 00 00 00 00 00 00 00  [........ ........]
[0120] 00 00 00 00 00 00 00 00 : 00 00 00 00 00 00 00 00  [........ ........]
[0130] 00 00 00 00 00 00 00 00 : 00 00 00 00 00 00 00 00  [........ ........]
[0140] 00 00 00 00 00 00 00 00 : 00 00 00 00 00 00 00 00  [........ ........]
[0150] 00 00 00 00 00 00 00 00 : 00 00 00 00 00 00 00 00  [........ ........]
[0160] 00 00 00 00 00 00 00 00 : 00 00 00 00 00 00 00 00  [........ ........]
[0170] 00 00 00 00 00 00 00 00 : 00 00 00 00 00 00 00 00  [........ ........]
16/02/2016 14:45:02.755 DEBUG [PinpadService::write] [Th-3236] length=7
[0000] 01 30 36 10 03 A2 CF                               [.06....          ]
16/02/2016 14:45:02.755 LEVEL[7] [Enter getKey] [Th-3236] Start
16/02/2016 14:45:02.770 LEVEL[6] [Return getKey] [Th-3236] ret=0x00
16/02/2016 14:45:02.880 DEBUG [PinpadService::read first] [Th-3236] received=86 rv=0
[0000] 01 30 36 30 30 30 31 30 : 33 9A 57 38 32 30 38 30  [.0600010 3.W82080]
[0010] 35 FC 49 30 31 39 33 30 : 35 13 65 35 35 30 38 30  [5.I01930 5.e55080]
[0020] 31 18 1D 30 32 39 33 30 : 33 9E B6 30 31 39 35 30  [1..02930 3..01950]
[0030] 31 86 3F 31 31 31 33 30 : 31 98 22 24 24 24 24 31  [1.?11130 1."$$$$1]
[0040] 35 00 00 31 33 31 36 33 : 50 50 38 30 31 32 36 33  [5..13163 PP801263]
[0050] 30 33 10 03 CC 6F                                  [03...o           ]
16/02/2016 14:45:02.880 DEBUG [C3Driver::handle] [Th-3236] version C3Driver [C3DRIVER 2.2.4 18/01/2013]
16/02/2016 14:45:02.880 LEVEL[6] [pos_display] [Th-3236] msg='C3DRIVER 2.2.4 18/01/2013' length=25 confirm=0x02
16/02/2016 14:45:02.989 LEVEL[6] [Return pos_display] [Th-3236] msg='C3DRIVER 2.2.4 18/01/2013' length=25 confirm=0x02
16/02/2016 14:45:02.989 DEBUG [PinpadService::write] [Th-3236] length=133
[0000] 01 30 32 83 C4 99 90 01 : E6 92 30 30 30 30 30 30  [.02..... ..000000]
[0010] 30 30 30 50 39 37 38 30 :                          [000P9780         ]
16/02/2016 14:45:02.989 LEVEL[7] [Enter getKey] [Th-3236] Start
16/02/2016 14:45:03.005 LEVEL[6] [Return getKey] [Th-3236] ret=0x00
16/02/2016 14:45:03.505 DEBUG [PinpadService::read first] [Th-3236] received=106 rv=0
[0000] 01 30 32 83 C4 99 90 01 : E6 92 30 30 30 30 30 30  [.02..... ..000000]
[0010] 30 30 30 30 50 20 20 20 : 20 20                    [0000P... ..      ]
16/02/2016 14:45:03.505 DEBUG [PinpadService::write] [Th-3236] length=15
[0000] 01 30 37 43 30 00 04 44 : 00 01 23 10 03 F4 9D     [.07C0..D ..#.... ]
16/02/2016 14:45:03.505 LEVEL[7] [Enter getKey] [Th-3236] Start
16/02/2016 14:45:03.520 LEVEL[6] [Return getKey] [Th-3236] ret=0x00
16/02/2016 14:45:04.192 DEBUG [PinpadService::read first] [Th-3236] received=287 rv=0
[0000] 01 30 37 30 30 30 30 30 : 30 30 30 01 0E 43 00 8D  [.0700000 000..C..]
[0010] 1C 31 23 35 35 30 38 30 : 31 30 34 18 1D 20 20 20  [.1#55080 104.....]
[0020] 44 49 53 4E 45 59 5F 46 : 49 44 20 20 20 30 32 30  [DISNEY_F ID...020]
[0030] 30 30 31 30 33 35 38 9A : 57 41 50 50 4C 49 41 44  [0010358. WAPPLIAD]
[0040] 53 20 20 20 20 28 30 29 : 20 30 33 39 33 32 31 30  [S....(0) .0393210]
[0050] 33 35 38 9C EE 41 44 53 : 44 4C 4C 20 20 20 20 20  [358..ADS DLL.....]
[0060] 20 20 20 20 20 30 33 33 : 37 37 37 32 36 31 36 00  [.....033 7772616.]
[0070] 00 4F 53 20 20 20 20 20 : 20 20 20 20 20 20 20 20  [.OS..... ........]
[0080] 20 30 33 34 37 37 38 37 : 32 30 36 00 00 4D 41 4E  [.0347787 206..MAN]
[0090] 41 47 45 52 20 20 20 20 : 20 20 20 20 20 44 00 20  [AGER.... .....D..]
[00a0] 20 20 31 33 31 30 37 32 : 20 20 20 31 30 35 32 30  [..131072 ...10520]
[00b0] 20 20 20 31 36 33 38 34 : 20 20 20 20 33 35 38 30  [...16384 ....3580]
[00c0] 53 00 0F 31 33 31 36 33 : 50 50 38 30 31 32 36 33  [S..13163 PP801263]
[00d0] 30 33 49 00 46 50 32 50 : 45 20 3A 20 30 0A 4B 45  [03I.FP2P E.:.0.KE]
[00e0] 59 53 20 41 52 45 41 20 : 3A 20 2D 2D 2D 0A 45 32  [YS.AREA. :.---.E2]
[00f0] 45 45 20 3A 20 2D 2D 2D : 0A 48 4D 41 43 20 3A 20  [EE.:.--- .HMAC.:.]
[0100] 2D 2D 2D 0A 54 44 45 53 : 20 3A 20 2D 2D 2D 0A 57  [---.TDES .:.---.W]
[0110] 4C 20 3A 20 2D 2D 2E 2D : 2D 0A 0A 10 03 1E ED     [L.:.--.- -...... ]
16/02/2016 14:45:04.192 DEBUG [PinpadService::write] [Th-3236] length=111
[0000] 01 30 32 83 C4 99 90 01 : E6 92 30 30 30 30 30 30  [.02..... ..000000]
[0010] 30 30 23 58 39 37 38 30 :                          [00#X9780         ]
16/02/2016 14:45:04.192 LEVEL[7] [Enter getKey] [Th-3236] Start
16/02/2016 14:45:04.208 LEVEL[6] [Return getKey] [Th-3236] ret=0x00
16/02/2016 14:45:04.786 DEBUG [PinpadService::read first] [Th-3236] received=45 rv=0
[0000] 01 30 33 49 4E 49                                  [.03INI           ]
16/02/2016 14:45:04.786 INFO [C3Driver::tpvFunction3] [Th-3236] message='INIT DISNEY FID         EN COURS        ' input='1' timeout=0
16/02/2016 14:45:04.786 LEVEL[6] [pos_display] [Th-3236] msg='INIT DISNEY FID         EN COURS        ' length=40 confirm=0x00
16/02/2016 14:45:04.786 LEVEL[6] [Return pos_display] [Th-3236] msg='INIT DISNEY FID         EN COURS        ' length=40 confirm=0x00
16/02/2016 14:45:04.786 INFO [C3Driver::tpvFunction3] [Th-3236] cr='0' TypeVal='f1'
16/02/2016 14:45:04.786 DEBUG [PinpadService::write] [Th-3236] length=9
[0000] 01 30 33 30 F1 10 03 12 : C6                       [.030.... .       ]
16/02/2016 14:45:04.786 LEVEL[7] [Enter getKey] [Th-3236] Start
16/02/2016 14:45:04.802 LEVEL[6] [Return getKey] [Th-3236] ret=0x00
16/02/2016 14:45:04.802 DEBUG [PinpadService::read first] [Th-3236] received=28 rv=0
[0000] 02 30 30 31 31 30 4D 30 : 35 30 31 30 33 39 35 31  [.00110M0 50103951]
[0010] 30 30 31 30 30                                     [00100            ]
16/02/2016 14:45:04.802 INFO [AxisService::connect] [Th-3236] Connecting "AXIS 1" (stratusv610:9874) (SSL OFF) (to 5000 ms) ...
16/02/2016 14:45:04.802 INFO [AxisService::connect] [Th-3236] Connect Ok (ret 0)
16/02/2016 14:45:04.802 DEBUG [AxisService::write] [Th-3236] lengthOut=20 rv=0 length=16
[0000] 4D 30 35 30 31 30 33 39 : 35 31 30 30 31 30 30 30  [M0501039 51001000]
16/02/2016 14:45:04.802 DEBUG [AxisService::read] [Th-3236] m_data.length=545 received=545
[0000] 4D 30 35 30 31 30 33 39 : 35 31 30 30 31 34 37 35  [M0501039 51001475]
16/02/2016 14:45:04.802 DEBUG [PinpadService::write] [Th-3236] length=553
[0000] 02 30 30 31 31 30 4D 30 : 35 30 31 30 33 39 35 31  [.00110M0 50103951]
[0010] 30 30 31 34 37                                     [00147            ]
16/02/2016 14:45:04.802 LEVEL[7] [Enter getKey] [Th-3236] Start
16/02/2016 14:45:04.817 LEVEL[6] [Return getKey] [Th-3236] ret=0x00
16/02/2016 14:45:05.192 DEBUG [PinpadService::read first] [Th-3236] received=28 rv=0
[0000] 02 30 30 31 31 30 4D 30 : 35 30 31 30 33 39 35 31  [.00110M0 50103951]
[0010] 30 30 31 30 30                                     [00100            ]
16/02/2016 14:45:05.192 DEBUG [AxisService::write] [Th-3236] lengthOut=20 rv=0 length=16
[0000] 4D 30 35 30 31 30 33 39 : 35 31 30 30 31 30 30 30  [M0501039 51001000]
16/02/2016 14:45:05.192 DEBUG [AxisService::read] [Th-3236] m_data.length=545 received=545
[0000] 4D 30 35 30 31 30 33 39 : 35 31 30 30 31 34 37 35  [M0501039 51001475]
16/02/2016 14:45:05.192 DEBUG [PinpadService::write] [Th-3236] length=553
[0000] 02 30 30 31 31 30 4D 30 : 35 30 31 30 33 39 35 31  [.00110M0 50103951]
[0010] 30 30 31 34 37                                     [00147            ]
16/02/2016 14:45:05.192 LEVEL[7] [Enter getKey] [Th-3236] Start
16/02/2016 14:45:05.208 LEVEL[6] [Return getKey] [Th-3236] ret=0x00
16/02/2016 14:45:05.395 DEBUG [PinpadService::read first] [Th-3236] received=28 rv=0
[0000] 02 30 30 31 31 30 4D 30 : 35 30 31 30 33 39 35 31  [.00110M0 50103951]
[0010] 30 30 31 30 30                                     [00100            ]
16/02/2016 14:45:05.395 DEBUG [AxisService::write] [Th-3236] lengthOut=20 rv=0 length=16
[0000] 4D 30 35 30 31 30 33 39 : 35 31 30 30 31 30 30 30  [M0501039 51001000]
16/02/2016 14:45:05.395 DEBUG [AxisService::read] [Th-3236] m_data.length=546 received=546
[0000] 4D 30 35 30 31 30 33 39 : 35 31 30 30 31 34 37 35  [M0501039 51001475]
16/02/2016 14:45:05.395 DEBUG [PinpadService::write] [Th-3236] length=554
[0000] 02 30 30 31 31 30 4D 30 : 35 30 31 30 33 39 35 31  [.00110M0 50103951]
[0010] 30 30 31 34 37                                     [00147            ]
16/02/2016 14:45:05.395 LEVEL[7] [Enter getKey] [Th-3236] Start
16/02/2016 14:45:05.411 LEVEL[6] [Return getKey] [Th-3236] ret=0x00
16/02/2016 14:45:05.598 DEBUG [PinpadService::read first] [Th-3236] received=28 rv=0
[0000] 02 30 30 31 31 30 4D 30 : 35 30 31 30 33 39 35 31  [.00110M0 50103951]
[0010] 30 30 31 30 30                                     [00100            ]
16/02/2016 14:45:05.598 DEBUG [AxisService::write] [Th-3236] lengthOut=20 rv=0 length=16
[0000] 4D 30 35 30 31 30 33 39 : 35 31 30 30 31 30 30 30  [M0501039 51001000]
16/02/2016 14:45:05.598 DEBUG [AxisService::read] [Th-3236] m_data.length=545 received=545
[0000] 4D 30 35 30 31 30 33 39 : 35 31 30 30 31 34 37 35  [M0501039 51001475]
16/02/2016 14:45:05.598 DEBUG [PinpadService::write] [Th-3236] length=553
[0000] 02 30 30 31 31 30 4D 30 : 35 30 31 30 33 39 35 31  [.00110M0 50103951]
[0010] 30 30 31 34 37                                     [00147            ]
16/02/2016 14:45:05.598 LEVEL[7] [Enter getKey] [Th-3236] Start
16/02/2016 14:45:05.614 LEVEL[6] [Return getKey] [Th-3236] ret=0x00
16/02/2016 14:45:05.786 DEBUG [PinpadService::read first] [Th-3236] received=28 rv=0
[0000] 02 30 30 31 31 30 4D 30 : 35 30 31 30 33 39 35 31  [.00110M0 50103951]
[0010] 30 30 31 30 30                                     [00100            ]
16/02/2016 14:45:05.786 DEBUG [AxisService::write] [Th-3236] lengthOut=20 rv=0 length=16
[0000] 4D 30 35 30 31 30 33 39 : 35 31 30 30 31 30 30 30  [M0501039 51001000]
16/02/2016 14:45:05.802 DEBUG [AxisService::read] [Th-3236] m_data.length=33 received=33
[0000] 4D 30 35 30 31 30 33 39 : 35 31 30 30 31 34 37 35  [M0501039 51001475]
16/02/2016 14:45:05.802 DEBUG [PinpadService::write] [Th-3236] length=41
[0000] 02 30 30 31 31 30 4D 30 : 35 30 31 30 33 39 35 31  [.00110M0 50103951]
[0010] 30 30 31 34 37                                     [00147            ]
16/02/2016 14:45:05.802 LEVEL[7] [Enter getKey] [Th-3236] Start
16/02/2016 14:45:05.817 LEVEL[6] [Return getKey] [Th-3236] ret=0x00
16/02/2016 14:45:06.817 LEVEL[7] [Enter getKey] [Th-3236] Start
16/02/2016 14:45:06.833 LEVEL[6] [Return getKey] [Th-3236] ret=0x00
16/02/2016 14:45:07.833 LEVEL[7] [Enter getKey] [Th-3236] Start
16/02/2016 14:45:07.848 LEVEL[6] [Return getKey] [Th-3236] ret=0x00
16/02/2016 14:45:08.848 LEVEL[7] [Enter getKey] [Th-3236] Start
16/02/2016 14:45:08.864 LEVEL[6] [Return getKey] [Th-3236] ret=0x00
16/02/2016 14:45:09.864 LEVEL[7] [Enter getKey] [Th-3236] Start
16/02/2016 14:45:09.880 LEVEL[6] [Return getKey] [Th-3236] ret=0x00
16/02/2016 14:45:10.880 LEVEL[7] [Enter getKey] [Th-3236] Start
16/02/2016 14:45:10.895 LEVEL[6] [Return getKey] [Th-3236] ret=0x00
16/02/2016 14:45:11.895 LEVEL[7] [Enter getKey] [Th-3236] Start
16/02/2016 14:45:11.911 LEVEL[6] [Return getKey] [Th-3236] ret=0x00
16/02/2016 14:45:12.911 LEVEL[7] [Enter getKey] [Th-3236] Start
16/02/2016 14:45:12.927 LEVEL[6] [Return getKey] [Th-3236] ret=0x00
16/02/2016 14:45:13.927 LEVEL[7] [Enter getKey] [Th-3236] Start
16/02/2016 14:45:13.942 LEVEL[6] [Return getKey] [Th-3236] ret=0x00
16/02/2016 14:45:14.942 LEVEL[7] [Enter getKey] [Th-3236] Start
16/02/2016 14:45:14.958 LEVEL[6] [Return getKey] [Th-3236] ret=0x00
16/02/2016 14:45:15.958 LEVEL[7] [Enter getKey] [Th-3236] Start
16/02/2016 14:45:15.973 LEVEL[6] [Return getKey] [Th-3236] ret=0x00
16/02/2016 14:45:16.739 DEBUG [PinpadService::read first] [Th-3236] received=45 rv=0
[0000] 01 30 33 49 4E 49                                  [.03INI           ]
16/02/2016 14:45:16.739 INFO [C3Driver::tpvFunction3] [Th-3236] message='INIT DISNEY FID         TERMINEE        ' input='1' timeout=0
16/02/2016 14:45:16.739 LEVEL[6] [pos_display] [Th-3236] msg='INIT DISNEY FID         TERMINEE        ' length=40 confirm=0x00
16/02/2016 14:45:16.739 LEVEL[6] [Return pos_display] [Th-3236] msg='INIT DISNEY FID         TERMINEE        ' length=40 confirm=0x00
16/02/2016 14:45:16.739 INFO [C3Driver::tpvFunction3] [Th-3236] cr='0' TypeVal='f1'
16/02/2016 14:45:16.739 DEBUG [PinpadService::write] [Th-3236] length=9
[0000] 01 30 33 30 F1 10 03 12 : C6                       [.030.... .       ]
16/02/2016 14:45:16.739 LEVEL[7] [Enter getKey] [Th-3236] Start
16/02/2016 14:45:16.755 LEVEL[6] [Return getKey] [Th-3236] ret=0x00
16/02/2016 14:45:16.755 DEBUG [PinpadService::read first] [Th-3236] received=84 rv=0
[0000] 01 30 32 83 C4 99 90 01 : E6 92 30 30 30 30 30 30  [.02..... ..000000]
[0010] 30 30 30 23 58 31 35 30 : 32 31                    [000#X150 21      ]
16/02/2016 14:45:16.755 DEBUG [PinpadService::write] [Th-3236] length=73
[0000] 01 30 32 83 C4 99 90 01 : E6 92 30 30 30 30 30 30  [.02..... ..000000]
[0010] 30 30 23 61 39 37 38 30 :                          [00#a9780         ]
16/02/2016 14:45:16.755 LEVEL[7] [Enter getKey] [Th-3236] Start
16/02/2016 14:45:16.770 LEVEL[6] [Return getKey] [Th-3236] ret=0x00
16/02/2016 14:45:16.817 DEBUG [PinpadService::read first] [Th-3236] received=84 rv=0
[0000] 01 30 32 83 C4 99 90 01 : E6 92 31 30 30 30 30 30  [.02..... ..100000]
[0010] 30 30 30 30 61 20 20 20 : 20 20                    [0000a... ..      ]
16/02/2016 14:45:16.817 INFO [C3Driver::handleAdmin] [Th-3236] V/13 "send offline txns" result app 'DSY' : ko
16/02/2016 14:45:16.817 INFO [C3Driver::handle] [Th-3236] Message Out[512]
[0000] 30 30 30 30 30 30 30 30 : 30 30 30 30 00 00 00 00  [00000000 0000....]
[0010] 00 00 00 00 00 00 00 00 : 00 00 00 00 00 00 30 30  [........ ......00]
[0020] 30 30 30 30 30 30 30 2A : 2A 2A 2A 2A 2A 2A 2A 2A  [0000000* ********]
[0030] 2A 2A 2A 2A 2A 2A 2A 2A : 2A 2A 20 20 20 20 20 20  [******** **......]
[0040] 20 20 20 20 30 33 39 35 : 31 30 30 31 20 2A 2A 2A  [....0395 1001.***]
[0050] 2A 2A 2A 2A 2A 2A 2A 2A : 2A 2A 2A 2A 2A 2A 2A 2A  [******** ********]
[0060] 2A 2A 2A 2A 2A 2A 2A 2A : 2A 2A 2A 2A 2A 2A 2A 2A  [******** ********]
[0070] 2A 2A 2A 20 20 20 20 20 : 20 20 20 20 20 20 20 20  [***..... ........]
[0080] 20 20 20 20 20 20 20 20 : 20 20 20 20 20 20 20 20  [........ ........]
[0090] 20 20 20 20 20 20 20 20 : 20 20 20 20 20 20 2A 2A  [........ ......**]
[00a0] 2A 2A 2A 2A 2A 20 00 00 : 20 20 20 20 20 20 20 20  [*****... ........]
[00b0] 20 20 20 20 20 20 20 20 : 20 20 20 20 20 20 20 20  [........ ........]
[00c0] 20 20 20 20 20 20 20 20 : 20 20 20 20 20 20 20 20  [........ ........]
[00d0] 20 20 20 20 20 20 20 20 : 20 20 20 20 20 20 20 20  [........ ........]
[00e0] 20 20 20 20 20 20 20 20 : 20 20 20 20 20 20 20 20  [........ ........]
[00f0] 20 20 20 20 20 20 20 20 : 20 20 20 20 20 20 20 20  [........ ........]
[0100] 20 20 20 20 20 20 20 20 : 20 20 20 20 20 20 20 20  [........ ........]
[0110] 20 20 20 20 20 20 20 20 : 20 20 20 20 20 20 20 20  [........ ........]
[0120] 20 20 20 20 20 20 20 20 : 20 20 20 20 20 20 20 20  [........ ........]
[0130] 20 20 20 20 20 20 20 20 : 20 20 20 20 20 20 20 20  [........ ........]
[0140] 20 20 20 20 20 20 20 20 : 20 20 20 20 20 20 20 20  [........ ........]
[0150] 20 20 20 20 20 20 20 20 : 20 20 20 20 20 00 00 00  [........ ........]
[0160] 00 20 20 2B 20 20 20 20 : 20 20 20 20 20 20 20 20  [...+.... ........]
[0170] 20 20 20 20 20 20 20 20 : 20 20 20 20 20 20 20 20  [........ ........]
[0180] 20 20 20 2B 20 20 20 20 : 20 20 20 20 20 20 20 20  [...+.... ........]
[0190] 20 20 20 20 20 20 20 20 : 20 20 20 20 20 20 20 20  [........ ........]
[01a0] 20 20 20 20 20 20 20 20 : 20 20 20 20 20 20 20 20  [........ ........]
[01b0] 20 20 20 20 20 20 20 20 : 20 20 20 20 20 20 20 20  [........ ........]
[01c0] 20 20 20 20 20 20 20 20 : 20 20 20 20 20 20 20 20  [........ ........]
[01d0] 20 20 20 20 20 20 20 20 : 20 20 20 20 20 20 20 20  [........ ........]
[01e0] 20 20 20 20 20 20 20 20 : 20 20 20 20 20 20 20 20  [........ ........]
[01f0] 20 20 20 20 20 20 20 20 : 20 20 20 20 20 20 20 20  [........ ........]
16/02/2016 14:45:16.848 DEBUG [Socket::close] [Th-3236] Socket::closed successfully
16/02/2016 14:45:16.848 INFO [C3Driver::handle] [Th-3236] Message In[384]
[0000] 20 20 20 20 20 20 20 20 : 20 20 20 20 39 37 38 20  [........ ....978.]
[0010] 20 20 20 20 20 20 20 20 : 20 20 20 20 20 20 7A 2B  [........ ......z+]
[0020] 70 30 20 20 30 33 39 35 : 31 30 30 31 30 30 31 32  [p0..0395 10010012]
[0030] 34 35 36 32 20 20 20 20 : 2A 2A 2A 2A 2A 2A 2A 2A  [4562.... ********]
[0040] 2A 2A 2A 2A 2A 2A 2A 2A : 2A 2A 2A 2A 2A 2A 20 20  [******** ******..]
[0050] 20 20 2A 2A 2A 2A 2A 2A : 2A 2A 2A 2A 2A 2A 2A 2A  [..****** ********]
[0060] 2A 2A 2A 2A 2A 2A 2A 2A : 2A 2A 2A 2A 2A 2A 2A 2A  [******** ********]
[0070] 2A 2A 2A 2A 2A 2A 2A 2A : 2A 2A 2A 2A 2A 2A 20 20  [******** ******..]
[0080] 20 20 20 20 20 20 20 20 : 20 20 20 20 20 20 20 20  [........ ........]
[0090] 20 20 20 20 20 20 20 20 : 20 20 20 20 20 20 20 20  [........ ........]
[00a0] 20 20 20 20 20 20 20 20 : 20 20 20 20 20 20 20 20  [........ ........]
[00b0] 20 20 20 20 20 00 00 00 : 00 00 00 00 00 00 00 00  [........ ........]
[00c0] 00 00 00 00 00 00 00 00 : 00 00 00 00 00 00 00 00  [........ ........]
[00d0] 00 00 00 00 00 00 00 00 : 00 00 00 00 00 00 00 00  [........ ........]
[00e0] 00 00 00 00 00 00 00 00 : 00 00 00 00 00 00 00 00  [........ ........]
[00f0] 00 00 00 00 00 20 20 20 : 20 20 20 20 20 20 20 20  [........ ........]
[0100] 20 20 20 20 20 20 20 20 : 20 20 20 20 20 20 20 20  [........ ........]
[0110] 20 20 20 20 20 20 20 20 : 20 20 20 20 20 20 20 20  [........ ........]
[0120] 20 20 20 20 20 20 20 20 : 20 20 20 20 20 20 20 20  [........ ........]
[0130] 20 20 20 20 20 20 20 20 : 20 20 20 20 20 20 20 20  [........ ........]
[0140] 20 20 20 20 20 20 20 20 : 20 20 20 20 20 20 20 20  [........ ........]
[0150] 20 20 20 20 20 20 20 20 : 20 20 20 20 20 20 20 20  [........ ........]
[0160] 20 20 20 20 20 20 20 20 : 20 20 20 20 20 20 20 20  [........ ........]
[0170] 20 20 20 20 20 20 20 20 : 20 20 20 20 20 20 20 20  [........ ........]
16/02/2016 14:45:16.927 DEBUG [PinpadService::write] [Th-3236] length=7
[0000] 01 30 36 10 03 A2 CF                               [.06....          ]
16/02/2016 14:45:16.927 LEVEL[7] [Enter getKey] [Th-3236] Start
16/02/2016 14:45:16.942 LEVEL[6] [Return getKey] [Th-3236] ret=0x00
16/02/2016 14:45:17.489 DEBUG [PinpadService::read first] [Th-3236] received=86 rv=0
[0000] 01 30 36 30 30 30 31 30 : 33 9A 57 38 32 30 38 30  [.0600010 3.W82080]
[0010] 35 FC 49 30 31 39 33 30 : 35 13 65 35 35 30 38 30  [5.I01930 5.e55080]
[0020] 31 18 1D 30 32 39 33 30 : 33 9E B6 30 31 39 35 30  [1..02930 3..01950]
[0030] 31 86 3F 31 31 31 33 30 : 31 98 22 24 24 24 24 31  [1.?11130 1."$$$$1]
[0040] 35 00 00 31 33 31 36 33 : 50 50 38 30 31 32 36 33  [5..13163 PP801263]
[0050] 30 33 10 03 CC 6F                                  [03...o           ]
16/02/2016 14:45:17.489 DEBUG [PinpadService::write] [Th-3236] length=81
[0000] 01 30 32 83 C4 99 90 01 : E6 92 30 30 30 30 30 30  [.02..... ..000000]
[0010] 30 30 23 5A 39 37 38 30 :                          [00#Z9780         ]
16/02/2016 14:45:17.505 LEVEL[7] [Enter getKey] [Th-3236] Start
16/02/2016 14:45:17.520 LEVEL[6] [Return getKey] [Th-3236] ret=0x00
16/02/2016 14:45:18.145 DEBUG [PinpadService::read first] [Th-3236] received=45 rv=0
[0000] 01 30 33 50 52 45                                  [.03PRE           ]
16/02/2016 14:45:18.145 INFO [C3Driver::tpvFunction3] [Th-3236] message='PRESENTEZ CARTE                         ' input='1' timeout=0
16/02/2016 14:45:18.145 LEVEL[6] [pos_display] [Th-3236] msg='PRESENTEZ CARTE                         ' length=40 confirm=0x00
16/02/2016 14:45:18.145 LEVEL[6] [Return pos_display] [Th-3236] msg='PRESENTEZ CARTE                         ' length=40 confirm=0x00
16/02/2016 14:45:18.145 INFO [C3Driver::tpvFunction3] [Th-3236] cr='0' TypeVal='f1'
16/02/2016 14:45:18.145 DEBUG [PinpadService::write] [Th-3236] length=9
[0000] 01 30 33 30 F1 10 03 12 : C6                       [.030.... .       ]
16/02/2016 14:45:18.145 LEVEL[7] [Enter getKey] [Th-3236] Start
16/02/2016 14:45:18.161 LEVEL[6] [Return getKey] [Th-3236] ret=0x00
16/02/2016 14:45:19.161 LEVEL[7] [Enter getKey] [Th-3236] Start
16/02/2016 14:45:19.177 LEVEL[6] [Return getKey] [Th-3236] ret=0x00
16/02/2016 14:45:20.177 LEVEL[7] [Enter getKey] [Th-3236] Start
16/02/2016 14:45:20.192 LEVEL[6] [Return getKey] [Th-3236] ret=0x00
16/02/2016 14:45:20.255 DEBUG [PinpadService::read first] [Th-3236] received=45 rv=0
[0000] 01 30 33 43 4F 4D                                  [.03COM           ]
16/02/2016 14:45:20.255 INFO [C3Driver::tpvFunction3] [Th-3236] message='COMPOSEZ LE CODE                        ' input='1' timeout=0
16/02/2016 14:45:20.255 LEVEL[6] [pos_display] [Th-3236] msg='COMPOSEZ LE CODE                        ' length=40 confirm=0x00
16/02/2016 14:45:20.255 LEVEL[6] [Return pos_display] [Th-3236] msg='COMPOSEZ LE CODE                        ' length=40 confirm=0x00
16/02/2016 14:45:20.255 INFO [C3Driver::tpvFunction3] [Th-3236] cr='0' TypeVal='f1'
16/02/2016 14:45:20.255 DEBUG [PinpadService::write] [Th-3236] length=9
[0000] 01 30 33 30 F1 10 03 12 : C6                       [.030.... .       ]
16/02/2016 14:45:20.255 LEVEL[7] [Enter getKey] [Th-3236] Start
16/02/2016 14:45:20.270 LEVEL[6] [Return getKey] [Th-3236] ret=0x00
16/02/2016 14:45:21.270 LEVEL[7] [Enter getKey] [Th-3236] Start
16/02/2016 14:45:21.286 LEVEL[6] [Return getKey] [Th-3236] ret=0x00
16/02/2016 14:45:22.286 LEVEL[7] [Enter getKey] [Th-3236] Start
16/02/2016 14:45:22.302 LEVEL[6] [Return getKey] [Th-3236] ret=0x00
16/02/2016 14:45:23.302 LEVEL[7] [Enter getKey] [Th-3236] Start
16/02/2016 14:45:23.317 LEVEL[6] [Return getKey] [Th-3236] ret=0x00
16/02/2016 14:45:23.942 DEBUG [PinpadService::read first] [Th-3236] received=45 rv=0
[0000] 01 30 33 43 4F 4D                                  [.03COM           ]
16/02/2016 14:45:23.942 INFO [C3Driver::tpvFunction3] [Th-3236] message='COMPOSEZ LE CODE                        ' input='1' timeout=0
16/02/2016 14:45:23.942 LEVEL[6] [pos_display] [Th-3236] msg='COMPOSEZ LE CODE                        ' length=40 confirm=0x00
16/02/2016 14:45:23.942 LEVEL[6] [Return pos_display] [Th-3236] msg='COMPOSEZ LE CODE                        ' length=40 confirm=0x00
16/02/2016 14:45:23.942 INFO [C3Driver::tpvFunction3] [Th-3236] cr='0' TypeVal='f1'
16/02/2016 14:45:23.942 DEBUG [PinpadService::write] [Th-3236] length=9
[0000] 01 30 33 30 F1 10 03 12 : C6                       [.030.... .       ]
16/02/2016 14:45:23.942 LEVEL[7] [Enter getKey] [Th-3236] Start
16/02/2016 14:45:23.958 LEVEL[6] [Return getKey] [Th-3236] ret=0x00
16/02/2016 14:45:24.958 LEVEL[7] [Enter getKey] [Th-3236] Start
16/02/2016 14:45:24.973 LEVEL[6] [Return getKey] [Th-3236] ret=0x00
16/02/2016 14:45:25.973 LEVEL[7] [Enter getKey] [Th-3236] Start
16/02/2016 14:45:25.989 LEVEL[6] [Return getKey] [Th-3236] ret=0x00
16/02/2016 14:45:26.786 DEBUG [PinpadService::read first] [Th-3236] received=45 rv=0
[0000] 01 30 33 49 4E 49                                  [.03INI           ]
16/02/2016 14:45:26.786 INFO [C3Driver::tpvFunction3] [Th-3236] message='INITIALISAT. PIN        EN COURS        ' input='1' timeout=0
16/02/2016 14:45:26.786 LEVEL[6] [pos_display] [Th-3236] msg='INITIALISAT. PIN        EN COURS        ' length=40 confirm=0x00
16/02/2016 14:45:26.786 LEVEL[6] [Return pos_display] [Th-3236] msg='INITIALISAT. PIN        EN COURS        ' length=40 confirm=0x00
16/02/2016 14:45:26.786 INFO [C3Driver::tpvFunction3] [Th-3236] cr='0' TypeVal='f1'
16/02/2016 14:45:26.786 DEBUG [PinpadService::write] [Th-3236] length=9
[0000] 01 30 33 30 F1 10 03 12 : C6                       [.030.... .       ]
16/02/2016 14:45:26.786 LEVEL[7] [Enter getKey] [Th-3236] Start
16/02/2016 14:45:26.802 LEVEL[6] [Return getKey] [Th-3236] ret=0x00
16/02/2016 14:45:26.802 DEBUG [PinpadService::read first] [Th-3236] received=419 rv=0
[0000] 02 30 30 31 31 30 4D 30 : 35 30 32 30 33 39 35 31  [.00110M0 50203951]
[0010] 30 30 31 34 37                                     [00147            ]
16/02/2016 14:45:26.802 INFO [AxisService::connect] [Th-3236] Connecting "AXIS 1" (stratusv610:9874) (SSL OFF) (to 5000 ms) ...
16/02/2016 14:45:26.802 INFO [AxisService::connect] [Th-3236] Connect Ok (ret 0)
16/02/2016 14:45:26.802 DEBUG [AxisService::write] [Th-3236] lengthOut=411 rv=0 length=16
[0000] 4D 30 35 30 32 30 33 39 : 35 31 30 30 31 34 37 35  [M0502039 51001475]
16/02/2016 14:45:27.036 DEBUG [AxisService::read] [Th-3236] m_data.length=34 received=34
[0000] 4D 30 35 30 32 30 33 39 : 35 31 30 30 31 34 37 35  [M0502039 51001475]
16/02/2016 14:45:27.036 DEBUG [PinpadService::write] [Th-3236] length=42
[0000] 02 30 30 31 31 30 4D 30 : 35 30 32 30 33 39 35 31  [.00110M0 50203951]
[0010] 30 30 31 34 37                                     [00147            ]
16/02/2016 14:45:27.036 LEVEL[7] [Enter getKey] [Th-3236] Start
16/02/2016 14:45:27.052 LEVEL[6] [Return getKey] [Th-3236] ret=0x00
16/02/2016 14:45:27.192 DEBUG [PinpadService::read first] [Th-3236] received=45 rv=0
[0000] 01 30 33 49 4E 49                                  [.03INI           ]
16/02/2016 14:45:27.192 INFO [C3Driver::tpvFunction3] [Th-3236] message='INITIALISAT. PIN        REUSSIE         ' input='1' timeout=0
16/02/2016 14:45:27.192 LEVEL[6] [pos_display] [Th-3236] msg='INITIALISAT. PIN        REUSSIE         ' length=40 confirm=0x00
16/02/2016 14:45:27.192 LEVEL[6] [Return pos_display] [Th-3236] msg='INITIALISAT. PIN        REUSSIE         ' length=40 confirm=0x00
16/02/2016 14:45:27.192 INFO [C3Driver::tpvFunction3] [Th-3236] cr='0' TypeVal='f1'
16/02/2016 14:45:27.192 DEBUG [PinpadService::write] [Th-3236] length=9
[0000] 01 30 33 30 F1 10 03 12 : C6                       [.030.... .       ]
16/02/2016 14:45:27.192 LEVEL[7] [Enter getKey] [Th-3236] Start
16/02/2016 14:45:27.223 LEVEL[6] [Return getKey] [Th-3236] ret=0x00
16/02/2016 14:45:27.223 DEBUG [PinpadService::read first] [Th-3236] received=84 rv=0
[0000] 01 30 32 83 C4 99 90 01 : E6 92 30 30 30 30 30 30  [.02..... ..000000]
[0010] 30 30 30 23 5A 30 34 36 : 36 46                    [000#Z046 6F      ]
16/02/2016 14:45:27.223 INFO [C3Driver::handle] [Th-3236] Message Out[512]
[0000] 30 30 30 30 30 30 30 30 : 30 30 30 30 39 37 38 20  [00000000 0000978.]
[0010] 20 20 20 20 20 20 20 20 : 20 20 20 20 20 20 30 30  [........ ......00]
[0020] 30 30 30 30 30 30 30 2A : 2A 2A 2A 2A 2A 2A 2A 2A  [0000000* ********]
[0030] 2A 2A 2A 2A 2A 2A 2A 2A : 2A 2A 20 20 20 20 20 20  [******** **......]
[0040] 20 20 20 20 30 33 39 35 : 31 30 30 31 20 2A 2A 2A  [....0395 1001.***]
[0050] 2A 2A 2A 2A 2A 2A 2A 2A : 2A 2A 2A 2A 2A 2A 2A 2A  [******** ********]
[0060] 2A 2A 2A 2A 2A 2A 2A 2A : 2A 2A 2A 2A 2A 2A 2A 2A  [******** ********]
[0070] 2A 2A 2A 20 20 20 20 20 : 20 20 20 20 20 20 20 20  [***..... ........]
[0080] 20 20 20 20 20 20 20 20 : 20 20 20 20 20 20 20 20  [........ ........]
[0090] 20 20 20 20 20 20 2B 20 : 20 20 20 20 20 20 2A 2A  [......+. ......**]
[00a0] 2A 2A 2A 2A 2A 20 2B 70 : 20 20 20 20 20 20 20 20  [*****.+p ........]
[00b0] 20 20 20 20 20 20 20 20 : 20 20 20 20 20 20 20 20  [........ ........]
[00c0] 20 20 20 20 20 20 20 20 : 20 20 20 20 20 20 20 20  [........ ........]
[00d0] 20 20 20 20 20 20 20 20 : 20 20 20 20 20 20 20 20  [........ ........]
[00e0] 20 20 20 20 20 20 20 20 : 20 20 20 20 20 20 20 20  [........ ........]
[00f0] 20 20 20 20 20 20 20 20 : 20 20 20 20 20 20 20 20  [........ ........]
[0100] 20 20 20 20 20 20 20 20 : 20 20 20 20 20 20 20 20  [........ ........]
[0110] 20 20 20 20 20 20 20 20 : 20 20 20 20 20 20 20 20  [........ ........]
[0120] 20 20 20 20 20 20 20 20 : 20 20 20 20 20 20 20 20  [........ ........]
[0130] 20 20 20 20 20 20 20 20 : 20 20 20 20 20 20 20 20  [........ ........]
[0140] 20 20 20 20 20 20 20 20 : 20 20 20 20 20 20 20 20  [........ ........]
[0150] 20 20 20 20 20 20 20 20 : 20 20 20 20 20 20 20 20  [........ ........]
[0160] 20 20 20 00 00 00 00 00 : 00 00 00 00 00 00 00 00  [........ ........]
[0170] 00 00 00 00 00 00 00 00 : 00 00 00 00 00 00 00 00  [........ ........]
[0180] 00 00 00 00 00 00 00 00 : 00 00 00 00 00 00 00 00  [........ ........]
[0190] 00 00 00 00 00 00 00 00 : 00 00 00 00 00 00 00 00  [........ ........]
[01a0] 00 00 00 20 20 20 20 20 : 20 20 20 20 20 20 20 20  [........ ........]
[01b0] 30 20 20 20 20 20 20 20 : 20 20 20 20 20 20 20 20  [0....... ........]
[01c0] 20 20 20 20 20 20 20 20 : 20 20 20 20 20 20 20 20  [........ ........]
[01d0] 20 20 20 20 20 20 20 20 : 20 20 20 20 20 20 20 20  [........ ........]
[01e0] 20 20 20 20 20 20 20 20 : 20 20 20 20 20 20 20 20  [........ ........]
[01f0] 20 20 20 20 20 20 20 20 : 20 20 20 20 20 20 20 20  [........ ........]
16/02/2016 14:45:27.255 DEBUG [Socket::close] [Th-3236] Socket::closed successfully
