11/01/2016 16:01:25.505 INFO [C3Driver::handle] [Th-289796] Message In[384]
[0000] 20 20 20 20 20 20 20 20 : 20 20 20 20 39 37 38 20  [........ ....978.]
[0010] 20 20 20 20 20 20 20 20 : 20 20 20 20 20 20 7A 2B  [........ ......z+]
[0020] 70 30 20 20 20 20 20 20 : 20 20 20 20 30 30 31 32  [p0...... ....0012]
[0030] 34 35 36 32 20 20 20 20 : 2A 2A 2A 2A 2A 2A 2A 2A  [4562.... ********]
[0040] 2A 2A 2A 2A 2A 2A 2A 2A : 2A 2A 2A 2A 2A 2A 20 20  [******** ******..]
[0050] 20 20 2A 2A 2A 2A 2A 2A : 2A 2A 2A 2A 2A 2A 2A 2A  [..****** ********]
[0060] 2A 2A 2A 2A 2A 2A 2A 2A : 2A 2A 2A 2A 2A 2A 2A 2A  [******** ********]
[0070] 2A 2A 2A 2A 2A 2A 2A 2A : 2A 2A 2A 2A 2A 2A 20 20  [******** ******..]
[0080] 20 20 20 20 20 20 20 20 : 20 20 20 20 20 20 20 20  [........ ........]
[0090] 20 20 20 20 20 20 20 20 : 20 20 20 20 20 20 20 20  [........ ........]
[00a0] 20 20 20 20 20 20 20 20 : 20 20 20 20 20 20 20 20  [........ ........]
[00b0] 20 20 20 20 20 00 00 00 : 00 00 00 00 00 00 00 00  [........ ........]
[00c0] 00 00 00 00 00 00 00 00 : 00 00 00 00 00 00 00 00  [........ ........]
[00d0] 00 00 00 00 00 00 00 00 : 00 00 00 00 00 00 00 00  [........ ........]
[00e0] 00 00 00 00 00 00 00 00 : 00 00 00 00 00 00 00 00  [........ ........]
[00f0] 00 00 00 00 00 20 20 20 : 20 20 20 20 20 20 20 20  [........ ........]
[0100] 20 20 20 20 20 20 20 20 : 20 20 20 20 20 20 20 20  [........ ........]
[0110] 20 20 20 20 20 20 20 20 : 20 20 20 20 20 20 20 20  [........ ........]
[0120] 20 20 20 20 20 20 20 20 : 20 20 20 20 20 20 20 20  [........ ........]
[0130] 20 20 20 20 20 20 20 20 : 20 20 20 20 20 20 20 20  [........ ........]
[0140] 20 20 20 20 20 20 20 20 : 20 20 20 20 20 20 20 20  [........ ........]
[0150] 20 20 20 20 20 20 20 20 : 20 20 20 20 20 20 20 20  [........ ........]
[0160] 20 20 20 20 20 20 20 20 : 20 20 20 20 20 20 20 20  [........ ........]
[0170] 20 20 20 20 20 20 20 20 : 20 20 20 20 20 20 20 20  [........ ........]
11/01/2016 16:01:25.583 DEBUG [PinpadService::write] [Th-289796] length=7
[0000] 01 30 36 10 03 A2 CF                               [.06....          ]
11/01/2016 16:01:25.583 LEVEL[7] [Enter getKey] [Th-289796] Start
11/01/2016 16:01:25.599 LEVEL[6] [Return getKey] [Th-289796] ret=0x00
11/01/2016 16:01:25.708 DEBUG [PinpadService::read first] [Th-289796] received=86 rv=0
[0000] 01 30 36 30 30 30 31 30 : 33 9A 57 38 32 30 38 30  [.0600010 3.W82080]
[0010] 35 FC 49 30 31 39 33 30 : 36 BE 42 35 35 30 38 30  [5.I01930 6.B55080]
[0020] 31 18 1D 30 32 39 33 30 : 33 9E B6 30 31 39 35 30  [1..02930 3..01950]
[0030] 31 86 3F 31 31 31 33 30 : 31 98 22 24 24 24 24 31  [1.?11130 1."$$$$1]
[0040] 35 00 00 31 31 31 35 34 : 50 50 37 30 35 30 31 34  [5..11154 PP705014]
[0050] 37 38 10 03 6F B0                                  [78..o.           ]
11/01/2016 16:01:25.724 LEVEL[6] [pos_display] [Th-289796] msg='Numéro Terminal Invalide <>      ' length=33 confirm=0x00
11/01/2016 16:01:25.724 LEVEL[6] [Return pos_display] [Th-289796] msg='Numéro Terminal Invalide <>      ' length=33 confirm=0x00
11/01/2016 16:01:25.724 INFO [C3Driver::handle] [Th-289796] Message Out[512]
[0000] 30 30 30 30 30 30 30 30 : 30 30 30 30 39 37 38 20  [00000000 0000978.]
[0010] 20 20 20 20 20 20 20 20 : 20 20 20 20 20 20 20 20  [........ ........]
[0020] 20 20 30 31 32 38 30 2A : 2A 2A 2A 2A 2A 2A 2A 2A  [..01280* ********]
[0030] 2A 2A 2A 2A 2A 2A 2A 2A : 2A 2A 20 20 20 20 20 20  [******** **......]
[0040] 20 20 20 20 20 20 20 20 : 20 20 20 20 20 2A 2A 2A  [........ .....***]
[0050] 2A 2A 2A 2A 2A 2A 2A 2A : 2A 2A 2A 2A 2A 2A 2A 2A  [******** ********]
[0060] 2A 2A 2A 2A 2A 2A 2A 2A : 2A 2A 2A 2A 2A 2A 2A 2A  [******** ********]
[0070] 2A 2A 2A 20 20 20 20 20 : 20 20 20 20 20 20 20 20  [***..... ........]
[0080] 20 20 20 20 20 20 20 20 : 20 20 20 20 20 20 20 20  [........ ........]
[0090] 20 20 20 20 20 20 20 20 : 20 20 20 20 20 20 2A 2A  [........ ......**]
[00a0] 2A 2A 2A 2A 2A 20 2B 70 : 20 20 20 20 20 20 20 20  [*****.+p ........]
[00b0] 20 20 20 20 20 20 20 20 : 20 20 20 20 20 20 20 20  [........ ........]
[00c0] 20 20 20 20 20 20 20 20 : 20 20 20 20 20 20 20 20  [........ ........]
[00d0] 20 20 20 20 20 20 20 20 : 20 20 20 20 20 20 20 20  [........ ........]
[00e0] 20 20 20 20 20 20 20 20 : 20 20 20 20 20 20 20 20  [........ ........]
[00f0] 20 20 20 20 20 20 20 20 : 20 20 20 20 20 20 20 20  [........ ........]
[0100] 20 20 20 20 20 20 20 20 : 20 20 20 20 20 20 20 20  [........ ........]
[0110] 20 20 20 20 20 20 20 20 : 20 20 20 20 20 20 20 20  [........ ........]
[0120] 20 20 20 20 20 20 20 20 : 20 20 20 20 20 20 20 20  [........ ........]
[0130] 20 20 20 20 20 20 20 20 : 20 20 20 20 20 20 20 20  [........ ........]
[0140] 20 20 20 20 20 20 20 20 : 20 20 20 20 20 20 20 20  [........ ........]
[0150] 20 20 20 20 20 20 20 20 : 20 20 20 20 20 20 20 20  [........ ........]
[0160] 20 20 20 00 00 00 00 00 : 00 00 00 00 00 00 00 00  [........ ........]
[0170] 00 00 00 00 00 00 00 00 : 00 00 00 00 00 00 00 00  [........ ........]
[0180] 00 00 00 00 00 00 00 00 : 00 00 00 00 00 00 00 00  [........ ........]
[0190] 00 00 00 00 00 00 00 00 : 00 00 00 00 00 00 00 00  [........ ........]
[01a0] 00 00 00 20 20 20 20 20 : 20 20 20 20 20 20 20 20  [........ ........]
[01b0] 20 20 20 20 20 20 20 20 : 20 20 20 20 20 20 20 20  [........ ........]
[01c0] 20 20 20 20 20 20 20 20 : 20 20 20 20 20 20 20 20  [........ ........]
[01d0] 20 20 20 20 20 20 20 20 : 20 20 20 20 20 20 20 20  [........ ........]
[01e0] 20 20 20 20 20 20 20 20 : 20 20 20 20 20 20 20 20  [........ ........]
[01f0] 20 20 20 20 20 20 20 20 : 20 20 20 20 20 20 20 20  [........ ........]
11/01/2016 16:11:30.614 INFO [C3Driver::handle] [Th-290400] Message In[384]
[0000] 20 20 20 20 20 20 20 20 : 20 20 20 20 39 37 38 20  [........ ....978.]
[0010] 20 20 20 20 20 20 20 20 : 20 20 20 20 20 20 7A 2B  [........ ......z+]
[0020] 70 31 20 20 30 30 30 30 : 30 30 30 31 30 30 31 32  [p1..0000 00010012]
[0030] 34 35 36 32 20 20 20 20 : 2A 2A 2A 2A 2A 2A 2A 2A  [4562.... ********]
[0040] 2A 2A 2A 2A 2A 2A 2A 2A : 2A 2A 2A 2A 2A 2A 20 20  [******** ******..]
[0050] 20 20 2A 2A 2A 2A 2A 2A : 2A 2A 2A 2A 2A 2A 2A 2A  [..****** ********]
[0060] 2A 2A 2A 2A 2A 2A 2A 2A : 2A 2A 2A 2A 2A 2A 2A 2A  [******** ********]
[0070] 2A 2A 2A 2A 2A 2A 2A 2A : 2A 2A 2A 2A 2A 2A 20 20  [******** ******..]
[0080] 20 20 20 20 20 20 20 20 : 20 20 20 20 20 20 20 20  [........ ........]
[0090] 20 20 20 20 20 20 20 20 : 20 20 20 20 20 20 20 20  [........ ........]
[00a0] 20 20 20 20 20 20 20 20 : 20 20 20 20 20 20 20 20  [........ ........]
[00b0] 20 20 20 20 20 00 00 00 : 00 00 00 00 00 00 00 00  [........ ........]
[00c0] 00 00 00 00 00 00 00 00 : 00 00 00 00 00 00 00 00  [........ ........]
[00d0] 00 00 00 00 00 00 00 00 : 00 00 00 00 00 00 00 00  [........ ........]
[00e0] 00 00 00 00 00 00 00 00 : 00 00 00 00 00 00 00 00  [........ ........]
[00f0] 00 00 00 00 00 20 20 20 : 20 20 20 20 20 20 20 20  [........ ........]
[0100] 20 20 20 20 20 20 20 20 : 20 20 20 20 20 20 20 20  [........ ........]
[0110] 20 20 20 20 20 20 20 20 : 20 20 20 20 20 20 20 20  [........ ........]
[0120] 20 20 20 20 20 20 20 20 : 20 20 20 20 20 20 20 20  [........ ........]
[0130] 20 20 20 20 20 20 20 20 : 20 20 20 20 20 20 20 20  [........ ........]
[0140] 20 20 20 20 20 20 20 20 : 20 20 20 20 20 20 20 20  [........ ........]
[0150] 20 20 20 20 20 20 20 20 : 20 20 20 20 20 20 20 20  [........ ........]
[0160] 20 20 20 20 20 20 20 20 : 20 20 20 20 20 20 20 20  [........ ........]
[0170] 20 20 20 20 20 20 20 20 : 20 20 20 20 20 20 20 20  [........ ........]
11/01/2016 16:11:30.692 DEBUG [PinpadService::write] [Th-290400] length=7
[0000] 01 30 36 10 03 A2 CF                               [.06....          ]
11/01/2016 16:11:30.692 LEVEL[7] [Enter getKey] [Th-290400] Start
11/01/2016 16:11:30.708 LEVEL[6] [Return getKey] [Th-290400] ret=0x00
11/01/2016 16:11:30.817 DEBUG [PinpadService::read first] [Th-290400] received=86 rv=0
[0000] 01 30 36 30 30 30 31 30 : 33 9A 57 38 32 30 38 30  [.0600010 3.W82080]
[0010] 35 FC 49 30 31 39 33 30 : 36 BE 42 35 35 30 38 30  [5.I01930 6.B55080]
[0020] 31 18 1D 30 32 39 33 30 : 33 9E B6 30 31 39 35 30  [1..02930 3..01950]
[0030] 31 86 3F 31 31 31 33 30 : 31 98 22 24 24 24 24 31  [1.?11130 1."$$$$1]
[0040] 35 00 00 31 31 31 35 34 : 50 50 37 30 35 30 31 34  [5..11154 PP705014]
[0050] 37 38 10 03 6F B0                                  [78..o.           ]
11/01/2016 16:11:30.817 DEBUG [PinpadService::write] [Th-290400] length=82
[0000] 01 30 32 80 00 00 10 10 : 01 E6 92 30 30 30 30 30  [.02..... ...00000]
[0010] 30 30 30 23 5A 39 37 38 :                          [000#Z978         ]
11/01/2016 16:11:30.817 LEVEL[7] [Enter getKey] [Th-290400] Start
11/01/2016 16:11:30.833 LEVEL[6] [Return getKey] [Th-290400] ret=0x00
11/01/2016 16:11:31.411 DEBUG [PinpadService::read first] [Th-290400] received=45 rv=0
[0000] 01 30 33 43 4F 4D                                  [.03COM           ]
11/01/2016 16:11:31.411 INFO [C3Driver::tpvFunction3] [Th-290400] message='COMPOSEZ LE CODE                        ' input='1' timeout=0
11/01/2016 16:11:31.411 LEVEL[6] [pos_display] [Th-290400] msg='COMPOSEZ LE CODE                        ' length=40 confirm=0x00
11/01/2016 16:11:31.411 LEVEL[6] [Return pos_display] [Th-290400] msg='COMPOSEZ LE CODE                        ' length=40 confirm=0x00
11/01/2016 16:11:31.411 INFO [C3Driver::tpvFunction3] [Th-290400] cr='0' TypeVal='f1'
11/01/2016 16:11:31.411 DEBUG [PinpadService::write] [Th-290400] length=9
[0000] 01 30 33 30 F1 10 03 12 : C6                       [.030.... .       ]
11/01/2016 16:11:31.411 LEVEL[7] [Enter getKey] [Th-290400] Start
11/01/2016 16:11:31.427 LEVEL[6] [Return getKey] [Th-290400] ret=0x00
11/01/2016 16:11:32.427 LEVEL[7] [Enter getKey] [Th-290400] Start
11/01/2016 16:11:32.442 LEVEL[6] [Return getKey] [Th-290400] ret=0x00
11/01/2016 16:11:33.442 LEVEL[7] [Enter getKey] [Th-290400] Start
11/01/2016 16:11:33.458 LEVEL[6] [Return getKey] [Th-290400] ret=0x00
11/01/2016 16:11:34.458 LEVEL[7] [Enter getKey] [Th-290400] Start
11/01/2016 16:11:34.474 LEVEL[6] [Return getKey] [Th-290400] ret=0x00
11/01/2016 16:11:35.474 LEVEL[7] [Enter getKey] [Th-290400] Start
11/01/2016 16:11:35.489 LEVEL[6] [Return getKey] [Th-290400] ret=0x00
11/01/2016 16:11:35.489 DEBUG [PinpadService::read first] [Th-290400] received=45 rv=0
[0000] 01 30 33 43 4F 4D                                  [.03COM           ]
11/01/2016 16:11:35.489 INFO [C3Driver::tpvFunction3] [Th-290400] message='COMPOSEZ LE CODE                        ' input='1' timeout=0
11/01/2016 16:11:35.489 LEVEL[6] [pos_display] [Th-290400] msg='COMPOSEZ LE CODE                        ' length=40 confirm=0x00
11/01/2016 16:11:35.489 LEVEL[6] [Return pos_display] [Th-290400] msg='COMPOSEZ LE CODE                        ' length=40 confirm=0x00
11/01/2016 16:11:35.489 INFO [C3Driver::tpvFunction3] [Th-290400] cr='0' TypeVal='f1'
11/01/2016 16:11:35.489 DEBUG [PinpadService::write] [Th-290400] length=9
[0000] 01 30 33 30 F1 10 03 12 : C6                       [.030.... .       ]
11/01/2016 16:11:35.489 LEVEL[7] [Enter getKey] [Th-290400] Start
11/01/2016 16:11:35.505 LEVEL[6] [Return getKey] [Th-290400] ret=0x00
11/01/2016 16:11:36.505 LEVEL[7] [Enter getKey] [Th-290400] Start
11/01/2016 16:11:36.520 LEVEL[6] [Return getKey] [Th-290400] ret=0x00
11/01/2016 16:11:37.520 LEVEL[7] [Enter getKey] [Th-290400] Start
11/01/2016 16:11:37.536 LEVEL[6] [Return getKey] [Th-290400] ret=0x00
11/01/2016 16:11:38.270 DEBUG [PinpadService::read first] [Th-290400] received=45 rv=0
[0000] 01 30 33 49 4E 49                                  [.03INI           ]
11/01/2016 16:11:38.270 INFO [C3Driver::tpvFunction3] [Th-290400] message='INITIALISAT. PIN        EN COURS        ' input='1' timeout=0
11/01/2016 16:11:38.270 LEVEL[6] [pos_display] [Th-290400] msg='INITIALISAT. PIN        EN COURS        ' length=40 confirm=0x00
11/01/2016 16:11:38.270 LEVEL[6] [Return pos_display] [Th-290400] msg='INITIALISAT. PIN        EN COURS        ' length=40 confirm=0x00
11/01/2016 16:11:38.270 INFO [C3Driver::tpvFunction3] [Th-290400] cr='0' TypeVal='f1'
11/01/2016 16:11:38.270 DEBUG [PinpadService::write] [Th-290400] length=9
[0000] 01 30 33 30 F1 10 03 12 : C6                       [.030.... .       ]
11/01/2016 16:11:38.270 LEVEL[7] [Enter getKey] [Th-290400] Start
11/01/2016 16:11:38.286 LEVEL[6] [Return getKey] [Th-290400] ret=0x00
11/01/2016 16:11:38.286 DEBUG [PinpadService::read first] [Th-290400] received=48 rv=0
[0000] 01 31 31 48 23 00 24 64 : 30 31 30 54 32 35 73 6F  [.11H#.$d 010T25so]
[0010] 63 6B 65 74 20 31 35 37 : 2E 32 33 2E 31 30 2E 31  [cket.157 .23.10.1]
[0020] 31 30 20 39 38 37 34 56 : 30 31 30 00 10 03 F6 0A  [10.9874V 010.....]
11/01/2016 16:11:38.286 INFO [AxisService::close] [Th-290400] CLOSE 1
11/01/2016 16:11:38.286 INFO [AxisService::connect] [Th-290400] Connecting "AXIS ALT" (157.23.10.110:9874) (SSL OFF) (to 5000 ms) ...
11/01/2016 16:11:38.286 INFO [AxisService::connect] [Th-290400] Connect Ok (ret 0)
11/01/2016 16:11:38.286 DEBUG [PinpadService::write] [Th-290400] length=13
[0000] 01 31 31 30 30 30 30 00 : 00 10 03 33 89           [.110000. ...3.   ]
11/01/2016 16:11:38.286 LEVEL[7] [Enter getKey] [Th-290400] Start
11/01/2016 16:11:38.302 LEVEL[6] [Return getKey] [Th-290400] ret=0x00
11/01/2016 16:11:38.302 DEBUG [PinpadService::read first] [Th-290400] received=419 rv=0
[0000] 02 30 30 31 31 30 4D 30 : 35 30 32 30 30 30 30 30  [.00110M0 50200000]
[0010] 30 30 31 34 37                                     [00147            ]
11/01/2016 16:11:38.302 DEBUG [AxisService::write] [Th-290400] lengthOut=411 rv=0 length=16
[0000] 4D 30 35 30 32 30 30 30 : 30 30 30 30 31 34 37 35  [M0502000 00001475]
11/01/2016 16:11:38.739 DEBUG [AxisService::read] [Th-290400] m_data.length=34 received=34
[0000] 4D 30 35 30 32 30 30 30 : 30 30 30 30 31 34 37 35  [M0502000 00001475]
11/01/2016 16:11:38.739 DEBUG [PinpadService::write] [Th-290400] length=42
[0000] 02 30 30 31 31 30 4D 30 : 35 30 32 30 30 30 30 30  [.00110M0 50200000]
[0010] 30 30 31 34 37                                     [00147            ]
11/01/2016 16:11:38.739 LEVEL[7] [Enter getKey] [Th-290400] Start
11/01/2016 16:11:38.755 LEVEL[6] [Return getKey] [Th-290400] ret=0x00
11/01/2016 16:11:38.755 DEBUG [PinpadService::read first] [Th-290400] received=16 rv=0
[0000] 01 31 31 48 23 00 04 64 : 30 31 31 00 10 03 6F 0A  [.11H#..d 011...o.]
11/01/2016 16:11:38.755 INFO [AxisService::close] [Th-290400] CLOSE 1
11/01/2016 16:11:38.755 INFO [AxisService::close] [Th-290400] CLOSE 2
11/01/2016 16:11:38.755 DEBUG [Socket::close] [Th-290400] Socket::closed successfully
11/01/2016 16:11:38.755 DEBUG [PinpadService::write] [Th-290400] length=13
[0000] 01 31 31 30 30 30 30 00 : 00 10 03 33 89           [.110000. ...3.   ]
11/01/2016 16:11:38.755 LEVEL[7] [Enter getKey] [Th-290400] Start
11/01/2016 16:11:38.770 LEVEL[6] [Return getKey] [Th-290400] ret=0x00
11/01/2016 16:11:38.911 DEBUG [PinpadService::read first] [Th-290400] received=45 rv=0
[0000] 01 30 33 49 4E 49                                  [.03INI           ]
11/01/2016 16:11:38.911 INFO [C3Driver::tpvFunction3] [Th-290400] message='INITIALISAT. PIN        REUSSIE         ' input='1' timeout=0
11/01/2016 16:11:38.911 LEVEL[6] [pos_display] [Th-290400] msg='INITIALISAT. PIN        REUSSIE         ' length=40 confirm=0x00
11/01/2016 16:11:38.911 LEVEL[6] [Return pos_display] [Th-290400] msg='INITIALISAT. PIN        REUSSIE         ' length=40 confirm=0x00
11/01/2016 16:11:38.911 INFO [C3Driver::tpvFunction3] [Th-290400] cr='0' TypeVal='f1'
11/01/2016 16:11:38.911 DEBUG [PinpadService::write] [Th-290400] length=9
[0000] 01 30 33 30 F1 10 03 12 : C6                       [.030.... .       ]
11/01/2016 16:11:38.911 LEVEL[7] [Enter getKey] [Th-290400] Start
11/01/2016 16:11:38.927 LEVEL[6] [Return getKey] [Th-290400] ret=0x00
11/01/2016 16:11:38.927 DEBUG [PinpadService::read first] [Th-290400] received=85 rv=0
[0000] 01 30 32 80 00 00 10 10 : 01 E6 92 30 30 30 30 30  [.02..... ...00000]
[0010] 30 30 30 30 23 5A 30 34 : 42 37                    [0000#Z04 B7      ]
11/01/2016 16:11:38.927 INFO [C3Driver::handle] [Th-290400] Message Out[512]
[0000] 30 30 30 30 30 30 30 30 : 30 30 30 30 39 37 38 20  [00000000 0000978.]
[0010] 20 20 20 20 20 20 20 20 : 20 20 20 20 20 20 30 30  [........ ......00]
[0020] 30 30 30 30 30 30 30 2A : 2A 2A 2A 2A 2A 2A 2A 2A  [0000000* ********]
[0030] 2A 2A 2A 2A 2A 2A 2A 2A : 2A 2A 20 20 20 20 20 20  [******** **......]
[0040] 20 20 20 20 30 30 30 30 : 30 30 30 31 20 2A 2A 2A  [....0000 0001.***]
[0050] 2A 2A 2A 2A 2A 2A 2A 2A : 2A 2A 2A 2A 2A 2A 2A 2A  [******** ********]
[0060] 2A 2A 2A 2A 2A 2A 2A 2A : 2A 2A 2A 2A 2A 2A 2A 2A  [******** ********]
[0070] 2A 2A 2A 20 20 20 20 20 : 20 20 20 20 20 20 20 20  [***..... ........]
[0080] 20 20 20 20 20 20 20 20 : 20 20 20 20 20 20 20 20  [........ ........]
[0090] 20 20 20 20 20 20 2B 20 : 20 20 20 20 20 20 2A 2A  [......+. ......**]
[00a0] 2A 2A 2A 2A 2A 20 2B 70 : 20 20 20 20 20 20 20 20  [*****.+p ........]
[00b0] 20 20 20 20 20 20 20 20 : 20 20 20 20 20 20 20 20  [........ ........]
[00c0] 20 20 20 20 20 20 20 20 : 20 20 20 20 20 20 20 20  [........ ........]
[00d0] 20 20 20 20 20 20 20 20 : 20 20 20 20 20 20 20 20  [........ ........]
[00e0] 20 20 20 20 20 20 20 20 : 20 20 20 20 20 20 20 20  [........ ........]
[00f0] 20 20 20 20 20 20 20 20 : 20 20 20 20 20 20 20 20  [........ ........]
[0100] 20 20 20 20 20 20 20 20 : 20 20 20 20 20 20 20 20  [........ ........]
[0110] 20 20 20 20 20 20 20 20 : 20 20 20 20 20 20 20 20  [........ ........]
[0120] 20 20 20 20 20 20 20 20 : 20 20 20 20 20 20 20 20  [........ ........]
[0130] 20 20 20 20 20 20 20 20 : 20 20 20 20 20 20 20 20  [........ ........]
[0140] 20 20 20 20 20 20 20 20 : 20 20 20 20 20 20 20 20  [........ ........]
[0150] 20 20 20 20 20 20 20 20 : 20 20 20 20 20 20 20 20  [........ ........]
[0160] 20 20 20 00 00 00 00 00 : 00 00 00 00 00 00 00 00  [........ ........]
[0170] 00 00 00 00 00 00 00 00 : 00 00 00 00 00 00 00 00  [........ ........]
[0180] 00 00 00 00 00 00 00 00 : 00 00 00 00 00 00 00 00  [........ ........]
[0190] 00 00 00 00 00 00 00 00 : 00 00 00 00 00 00 00 00  [........ ........]
[01a0] 00 00 00 20 20 20 20 20 : 20 20 20 20 20 20 20 20  [........ ........]
[01b0] 30 20 20 20 20 20 20 20 : 20 20 20 20 20 20 20 20  [0....... ........]
[01c0] 20 20 20 20 20 20 20 20 : 20 20 20 20 20 20 20 20  [........ ........]
[01d0] 20 20 20 20 20 20 20 20 : 20 20 20 20 20 20 20 20  [........ ........]
[01e0] 20 20 20 20 20 20 20 20 : 20 20 20 20 20 20 20 20  [........ ........]
[01f0] 20 20 20 20 20 20 20 20 : 20 20 20 20 20 20 20 20  [........ ........]
