24/02/2016 11:27:37.858 INFO [C3Driver::handle] [Th-14668] Message In[384]
[0000] 00 00 00 00 00 00 00 00 : 00 00 00 00 00 00 00 00  [........ ........]
[0010] 00 00 00 00 00 00 00 00 : 00 00 00 00 00 00 41 00  [........ ......A.]
[0020] 00 00 00 00 30 33 39 35 : 31 30 30 31 30 30 31 32  [....0395 10010012]
[0030] 34 35 36 32 00 00 00 00 : 2A 2A 2A 2A 2A 2A 2A 2A  [4562.... ********]
[0040] 2A 2A 2A 2A 2A 2A 2A 2A : 2A 2A 2A 2A 2A 2A 00 00  [******** ******..]
[0050] 00 00 2A 2A 2A 2A 2A 2A : 2A 2A 2A 2A 2A 2A 2A 2A  [..****** ********]
[0060] 2A 2A 2A 2A 2A 2A 2A 2A : 2A 2A 2A 2A 2A 2A 2A 2A  [******** ********]
[0070] 2A 2A 2A 2A 2A 2A 2A 2A : 2A 2A 2A 2A 2A 2A 00 00  [******** ******..]
[0080] 00 00 00 00 00 00 00 00 : 00 00 00 00 00 00 00 00  [........ ........]
[0090] 00 00 00 00 00 00 00 00 : 00 00 00 00 00 00 00 00  [........ ........]
[00a0] 00 00 00 00 00 00 00 00 : 00 00 00 00 00 00 00 00  [........ ........]
[00b0] 00 00 00 00 00 00 00 00 : 00 00 00 00 00 00 00 00  [........ ........]
[00c0] 00 00 00 00 00 00 00 00 : 00 00 00 00 00 00 00 00  [........ ........]
[00d0] 00 00 00 00 00 00 00 00 : 00 00 00 00 00 00 00 00  [........ ........]
[00e0] 00 00 00 00 00 00 00 00 : 00 00 00 00 00 00 00 00  [........ ........]
[00f0] 00 00 00 00 00 00 00 00 : 00 00 00 00 00 00 00 00  [........ ........]
[0100] 00 00 00 00 00 00 00 00 : 00 00 00 00 00 00 00 00  [........ ........]
[0110] 00 00 00 00 00 00 00 00 : 00 00 00 00 00 00 00 00  [........ ........]
[0120] 00 00 00 00 00 00 00 00 : 00 00 00 00 00 00 00 00  [........ ........]
[0130] 00 00 00 00 00 00 00 00 : 00 00 00 00 00 00 00 00  [........ ........]
[0140] 00 00 00 00 00 00 00 00 : 00 00 00 00 00 00 00 00  [........ ........]
[0150] 00 00 00 00 00 00 00 00 : 00 00 00 00 00 00 00 00  [........ ........]
[0160] 00 00 00 00 00 00 00 00 : 00 00 00 00 00 00 00 00  [........ ........]
[0170] 00 00 00 00 00 00 00 00 : 00 00 00 00 00 00 00 00  [........ ........]
24/02/2016 11:27:37.936 DEBUG [PinpadService::write] [Th-14668] length=7
[0000] 01 30 36 10 03 A2 CF                               [.06....          ]
24/02/2016 11:27:37.936 LEVEL[7] [Enter getKey] [Th-14668] Start
24/02/2016 11:27:37.952 LEVEL[6] [Return getKey] [Th-14668] ret=0x00
24/02/2016 11:27:38.077 DEBUG [PinpadService::read first] [Th-14668] received=86 rv=0
[0000] 01 30 36 30 30 30 31 30 : 33 9A 57 38 32 30 38 30  [.0600010 3.W82080]
[0010] 35 FC 49 30 31 39 33 30 : 35 13 65 35 35 30 38 30  [5.I01930 5.e55080]
[0020] 31 18 1D 30 32 39 33 30 : 33 9E B6 30 31 39 35 30  [1..02930 3..01950]
[0030] 31 86 3F 31 31 31 33 30 : 31 98 22 24 24 24 24 31  [1.?11130 1."$$$$1]
[0040] 35 00 00 31 33 31 36 33 : 50 50 38 30 31 32 36 33  [5..13163 PP801263]
[0050] 30 33 10 03 CC 6F                                  [03...o           ]
24/02/2016 11:27:38.077 DEBUG [C3Driver::handle] [Th-14668] version C3Driver [C3DRIVER 2.2.4 18/01/2013]
24/02/2016 11:27:38.093 LEVEL[6] [pos_display] [Th-14668] msg='C3DRIVER 2.2.4 18/01/2013' length=25 confirm=0x02
24/02/2016 11:27:38.202 LEVEL[6] [Return pos_display] [Th-14668] msg='C3DRIVER 2.2.4 18/01/2013' length=25 confirm=0x02
24/02/2016 11:27:38.202 DEBUG [PinpadService::write] [Th-14668] length=133
[0000] 01 30 32 83 C4 99 90 01 : E6 92 30 30 30 30 30 30  [.02..... ..000000]
[0010] 30 30 30 50 39 37 38 30 :                          [000P9780         ]
24/02/2016 11:27:38.202 LEVEL[7] [Enter getKey] [Th-14668] Start
24/02/2016 11:27:38.218 LEVEL[6] [Return getKey] [Th-14668] ret=0x00
24/02/2016 11:27:38.702 DEBUG [PinpadService::read first] [Th-14668] received=106 rv=0
[0000] 01 30 32 83 C4 99 90 01 : E6 92 30 30 30 30 30 30  [.02..... ..000000]
[0010] 30 30 30 30 50 20 20 20 : 20 20                    [0000P... ..      ]
24/02/2016 11:27:38.702 DEBUG [PinpadService::write] [Th-14668] length=15
[0000] 01 30 37 43 30 00 04 44 : 00 01 23 10 03 F4 9D     [.07C0..D ..#.... ]
24/02/2016 11:27:38.702 LEVEL[7] [Enter getKey] [Th-14668] Start
24/02/2016 11:27:38.718 LEVEL[6] [Return getKey] [Th-14668] ret=0x00
24/02/2016 11:27:39.390 DEBUG [PinpadService::read first] [Th-14668] received=287 rv=0
[0000] 01 30 37 30 30 30 30 30 : 30 30 30 01 0E 43 00 8D  [.0700000 000..C..]
[0010] 1C 31 23 35 35 30 38 30 : 31 30 34 18 1D 20 20 20  [.1#55080 104.....]
[0020] 44 49 53 4E 45 59 5F 46 : 49 44 20 20 20 30 32 30  [DISNEY_F ID...020]
[0030] 30 30 31 30 33 35 38 9A : 57 41 50 50 4C 49 41 44  [0010358. WAPPLIAD]
[0040] 53 20 20 20 20 28 30 29 : 20 30 33 39 33 32 31 30  [S....(0) .0393210]
[0050] 33 35 38 9C EE 41 44 53 : 44 4C 4C 20 20 20 20 20  [358..ADS DLL.....]
[0060] 20 20 20 20 20 30 33 33 : 37 37 37 32 36 31 36 00  [.....033 7772616.]
[0070] 00 4F 53 20 20 20 20 20 : 20 20 20 20 20 20 20 20  [.OS..... ........]
[0080] 20 30 33 34 37 37 38 37 : 32 30 36 00 00 4D 41 4E  [.0347787 206..MAN]
[0090] 41 47 45 52 20 20 20 20 : 20 20 20 20 20 44 00 20  [AGER.... .....D..]
[00a0] 20 20 31 33 31 30 37 32 : 20 20 20 31 30 35 32 30  [..131072 ...10520]
[00b0] 20 20 20 31 36 33 38 34 : 20 20 20 20 33 34 37 36  [...16384 ....3476]
[00c0] 53 00 0F 31 33 31 36 33 : 50 50 38 30 31 32 36 33  [S..13163 PP801263]
[00d0] 30 33 49 00 46 50 32 50 : 45 20 3A 20 30 0A 4B 45  [03I.FP2P E.:.0.KE]
[00e0] 59 53 20 41 52 45 41 20 : 3A 20 2D 2D 2D 0A 45 32  [YS.AREA. :.---.E2]
[00f0] 45 45 20 3A 20 2D 2D 2D : 0A 48 4D 41 43 20 3A 20  [EE.:.--- .HMAC.:.]
[0100] 2D 2D 2D 0A 54 44 45 53 : 20 3A 20 2D 2D 2D 0A 57  [---.TDES .:.---.W]
[0110] 4C 20 3A 20 2D 2D 2E 2D : 2D 0A 0A 10 03 C9 08     [L.:.--.- -...... ]
24/02/2016 11:27:39.390 DEBUG [PinpadService::write] [Th-14668] length=111
[0000] 01 30 32 83 C4 99 90 01 : E6 92 30 30 30 30 30 30  [.02..... ..000000]
[0010] 30 30 23 58 39 37 38 30 :                          [00#X9780         ]
24/02/2016 11:27:39.390 LEVEL[7] [Enter getKey] [Th-14668] Start
24/02/2016 11:27:39.405 LEVEL[6] [Return getKey] [Th-14668] ret=0x00
24/02/2016 11:27:39.983 DEBUG [PinpadService::read first] [Th-14668] received=45 rv=0
[0000] 01 30 33 49 4E 49                                  [.03INI           ]
24/02/2016 11:27:39.983 INFO [C3Driver::tpvFunction3] [Th-14668] message='INIT DISNEY FID         EN COURS        ' input='1' timeout=0
24/02/2016 11:27:39.983 LEVEL[6] [pos_display] [Th-14668] msg='INIT DISNEY FID         EN COURS        ' length=40 confirm=0x00
24/02/2016 11:27:39.983 LEVEL[6] [Return pos_display] [Th-14668] msg='INIT DISNEY FID         EN COURS        ' length=40 confirm=0x00
24/02/2016 11:27:39.983 INFO [C3Driver::tpvFunction3] [Th-14668] cr='0' TypeVal='f1'
24/02/2016 11:27:39.983 DEBUG [PinpadService::write] [Th-14668] length=9
[0000] 01 30 33 30 F1 10 03 12 : C6                       [.030.... .       ]
24/02/2016 11:27:39.983 LEVEL[7] [Enter getKey] [Th-14668] Start
24/02/2016 11:27:39.999 LEVEL[6] [Return getKey] [Th-14668] ret=0x00
24/02/2016 11:27:39.999 DEBUG [PinpadService::read first] [Th-14668] received=28 rv=0
[0000] 02 30 30 31 31 30 4D 30 : 35 30 31 30 33 39 35 31  [.00110M0 50103951]
[0010] 30 30 31 30 30                                     [00100            ]
24/02/2016 11:27:39.999 INFO [AxisService::connect] [Th-14668] Connecting "AXIS 1" (stratusv610:9874) (SSL OFF) (to 5000 ms) ...
24/02/2016 11:27:39.999 INFO [AxisService::connect] [Th-14668] Connect Ok (ret 0)
24/02/2016 11:27:39.999 DEBUG [AxisService::write] [Th-14668] lengthOut=20 rv=0 length=16
[0000] 4D 30 35 30 31 30 33 39 : 35 31 30 30 31 30 30 30  [M0501039 51001000]
24/02/2016 11:27:40.030 DEBUG [AxisService::read] [Th-14668] m_data.length=545 received=545
[0000] 4D 30 35 30 31 30 33 39 : 35 31 30 30 31 34 37 35  [M0501039 51001475]
24/02/2016 11:27:40.030 DEBUG [PinpadService::write] [Th-14668] length=553
[0000] 02 30 30 31 31 30 4D 30 : 35 30 31 30 33 39 35 31  [.00110M0 50103951]
[0010] 30 30 31 34 37                                     [00147            ]
24/02/2016 11:27:40.030 LEVEL[7] [Enter getKey] [Th-14668] Start
24/02/2016 11:27:40.046 LEVEL[6] [Return getKey] [Th-14668] ret=0x00
24/02/2016 11:27:40.405 DEBUG [PinpadService::read first] [Th-14668] received=28 rv=0
[0000] 02 30 30 31 31 30 4D 30 : 35 30 31 30 33 39 35 31  [.00110M0 50103951]
[0010] 30 30 31 30 30                                     [00100            ]
24/02/2016 11:27:40.405 DEBUG [AxisService::write] [Th-14668] lengthOut=20 rv=0 length=16
[0000] 4D 30 35 30 31 30 33 39 : 35 31 30 30 31 30 30 30  [M0501039 51001000]
24/02/2016 11:27:40.405 DEBUG [AxisService::read] [Th-14668] m_data.length=545 received=545
[0000] 4D 30 35 30 31 30 33 39 : 35 31 30 30 31 34 37 35  [M0501039 51001475]
24/02/2016 11:27:40.405 DEBUG [PinpadService::write] [Th-14668] length=553
[0000] 02 30 30 31 31 30 4D 30 : 35 30 31 30 33 39 35 31  [.00110M0 50103951]
[0010] 30 30 31 34 37                                     [00147            ]
24/02/2016 11:27:40.405 LEVEL[7] [Enter getKey] [Th-14668] Start
24/02/2016 11:27:40.421 LEVEL[6] [Return getKey] [Th-14668] ret=0x00
24/02/2016 11:27:40.608 DEBUG [PinpadService::read first] [Th-14668] received=28 rv=0
[0000] 02 30 30 31 31 30 4D 30 : 35 30 31 30 33 39 35 31  [.00110M0 50103951]
[0010] 30 30 31 30 30                                     [00100            ]
24/02/2016 11:27:40.608 DEBUG [AxisService::write] [Th-14668] lengthOut=20 rv=0 length=16
[0000] 4D 30 35 30 31 30 33 39 : 35 31 30 30 31 30 30 30  [M0501039 51001000]
24/02/2016 11:27:40.608 DEBUG [AxisService::read] [Th-14668] m_data.length=546 received=546
[0000] 4D 30 35 30 31 30 33 39 : 35 31 30 30 31 34 37 35  [M0501039 51001475]
24/02/2016 11:27:40.608 DEBUG [PinpadService::write] [Th-14668] length=554
[0000] 02 30 30 31 31 30 4D 30 : 35 30 31 30 33 39 35 31  [.00110M0 50103951]
[0010] 30 30 31 34 37                                     [00147            ]
24/02/2016 11:27:40.608 LEVEL[7] [Enter getKey] [Th-14668] Start
24/02/2016 11:27:40.624 LEVEL[6] [Return getKey] [Th-14668] ret=0x00
24/02/2016 11:27:40.811 DEBUG [PinpadService::read first] [Th-14668] received=28 rv=0
[0000] 02 30 30 31 31 30 4D 30 : 35 30 31 30 33 39 35 31  [.00110M0 50103951]
[0010] 30 30 31 30 30                                     [00100            ]
24/02/2016 11:27:40.811 DEBUG [AxisService::write] [Th-14668] lengthOut=20 rv=0 length=16
[0000] 4D 30 35 30 31 30 33 39 : 35 31 30 30 31 30 30 30  [M0501039 51001000]
24/02/2016 11:27:40.811 DEBUG [AxisService::read] [Th-14668] m_data.length=545 received=545
[0000] 4D 30 35 30 31 30 33 39 : 35 31 30 30 31 34 37 35  [M0501039 51001475]
24/02/2016 11:27:40.811 DEBUG [PinpadService::write] [Th-14668] length=553
[0000] 02 30 30 31 31 30 4D 30 : 35 30 31 30 33 39 35 31  [.00110M0 50103951]
[0010] 30 30 31 34 37                                     [00147            ]
24/02/2016 11:27:40.811 LEVEL[7] [Enter getKey] [Th-14668] Start
24/02/2016 11:27:40.827 LEVEL[6] [Return getKey] [Th-14668] ret=0x00
24/02/2016 11:27:41.015 DEBUG [PinpadService::read first] [Th-14668] received=28 rv=0
[0000] 02 30 30 31 31 30 4D 30 : 35 30 31 30 33 39 35 31  [.00110M0 50103951]
[0010] 30 30 31 30 30                                     [00100            ]
24/02/2016 11:27:41.015 DEBUG [AxisService::write] [Th-14668] lengthOut=20 rv=0 length=16
[0000] 4D 30 35 30 31 30 33 39 : 35 31 30 30 31 30 30 30  [M0501039 51001000]
24/02/2016 11:27:41.015 DEBUG [AxisService::read] [Th-14668] m_data.length=545 received=545
[0000] 4D 30 35 30 31 30 33 39 : 35 31 30 30 31 34 37 35  [M0501039 51001475]
24/02/2016 11:27:41.015 DEBUG [PinpadService::write] [Th-14668] length=553
[0000] 02 30 30 31 31 30 4D 30 : 35 30 31 30 33 39 35 31  [.00110M0 50103951]
[0010] 30 30 31 34 37                                     [00147            ]
24/02/2016 11:27:41.015 LEVEL[7] [Enter getKey] [Th-14668] Start
24/02/2016 11:27:41.030 LEVEL[6] [Return getKey] [Th-14668] ret=0x00
24/02/2016 11:27:42.030 LEVEL[7] [Enter getKey] [Th-14668] Start
24/02/2016 11:27:42.046 LEVEL[6] [Return getKey] [Th-14668] ret=0x00
24/02/2016 11:27:43.046 LEVEL[7] [Enter getKey] [Th-14668] Start
24/02/2016 11:27:43.061 LEVEL[6] [Return getKey] [Th-14668] ret=0x00
24/02/2016 11:27:44.061 LEVEL[7] [Enter getKey] [Th-14668] Start
24/02/2016 11:27:44.077 LEVEL[6] [Return getKey] [Th-14668] ret=0x00
24/02/2016 11:27:45.077 LEVEL[7] [Enter getKey] [Th-14668] Start
24/02/2016 11:27:45.093 LEVEL[6] [Return getKey] [Th-14668] ret=0x00
24/02/2016 11:27:46.093 LEVEL[7] [Enter getKey] [Th-14668] Start
24/02/2016 11:27:46.108 LEVEL[6] [Return getKey] [Th-14668] ret=0x00
24/02/2016 11:27:47.108 LEVEL[7] [Enter getKey] [Th-14668] Start
24/02/2016 11:27:47.124 LEVEL[6] [Return getKey] [Th-14668] ret=0x00
24/02/2016 11:27:48.124 LEVEL[7] [Enter getKey] [Th-14668] Start
24/02/2016 11:27:48.140 LEVEL[6] [Return getKey] [Th-14668] ret=0x00
24/02/2016 11:27:49.140 LEVEL[7] [Enter getKey] [Th-14668] Start
24/02/2016 11:27:49.155 LEVEL[6] [Return getKey] [Th-14668] ret=0x00
24/02/2016 11:27:50.155 LEVEL[7] [Enter getKey] [Th-14668] Start
24/02/2016 11:27:50.171 LEVEL[6] [Return getKey] [Th-14668] ret=0x00
24/02/2016 11:27:51.171 LEVEL[7] [Enter getKey] [Th-14668] Start
24/02/2016 11:27:51.186 LEVEL[6] [Return getKey] [Th-14668] ret=0x00
24/02/2016 11:27:51.999 DEBUG [PinpadService::read first] [Th-14668] received=45 rv=0
[0000] 01 30 33 49 4E 49                                  [.03INI           ]
24/02/2016 11:27:51.999 INFO [C3Driver::tpvFunction3] [Th-14668] message='INIT DISNEY FID         TERMINEE        ' input='1' timeout=0
24/02/2016 11:27:51.999 LEVEL[6] [pos_display] [Th-14668] msg='INIT DISNEY FID         TERMINEE        ' length=40 confirm=0x00
24/02/2016 11:27:51.999 LEVEL[6] [Return pos_display] [Th-14668] msg='INIT DISNEY FID         TERMINEE        ' length=40 confirm=0x00
24/02/2016 11:27:51.999 INFO [C3Driver::tpvFunction3] [Th-14668] cr='0' TypeVal='f1'
24/02/2016 11:27:51.999 DEBUG [PinpadService::write] [Th-14668] length=9
[0000] 01 30 33 30 F1 10 03 12 : C6                       [.030.... .       ]
24/02/2016 11:27:51.999 LEVEL[7] [Enter getKey] [Th-14668] Start
24/02/2016 11:27:52.015 LEVEL[6] [Return getKey] [Th-14668] ret=0x00
24/02/2016 11:27:52.015 DEBUG [PinpadService::read first] [Th-14668] received=84 rv=0
[0000] 01 30 32 83 C4 99 90 01 : E6 92 30 30 30 30 30 30  [.02..... ..000000]
[0010] 30 30 30 23 58 32 33 30 : 32 31                    [000#X230 21      ]
24/02/2016 11:27:52.015 DEBUG [PinpadService::write] [Th-14668] length=73
[0000] 01 30 32 83 C4 99 90 01 : E6 92 30 30 30 30 30 30  [.02..... ..000000]
[0010] 30 30 23 61 39 37 38 30 :                          [00#a9780         ]
24/02/2016 11:27:52.015 LEVEL[7] [Enter getKey] [Th-14668] Start
24/02/2016 11:27:52.030 LEVEL[6] [Return getKey] [Th-14668] ret=0x00
24/02/2016 11:27:52.077 DEBUG [PinpadService::read first] [Th-14668] received=84 rv=0
[0000] 01 30 32 83 C4 99 90 01 : E6 92 31 30 30 30 30 30  [.02..... ..100000]
[0010] 30 30 30 30 61 20 20 20 : 20 20                    [0000a... ..      ]
24/02/2016 11:27:52.077 INFO [C3Driver::handleAdmin] [Th-14668] V/13 "send offline txns" result app 'DSY' : ko
24/02/2016 11:27:52.077 INFO [C3Driver::handle] [Th-14668] Message Out[512]
[0000] 30 30 30 30 30 30 30 30 : 30 30 30 30 00 00 00 00  [00000000 0000....]
[0010] 00 00 00 00 00 00 00 00 : 00 00 00 00 00 00 30 30  [........ ......00]
[0020] 30 30 30 30 30 30 30 2A : 2A 2A 2A 2A 2A 2A 2A 2A  [0000000* ********]
[0030] 2A 2A 2A 2A 2A 2A 2A 2A : 2A 2A 20 20 20 20 20 20  [******** **......]
[0040] 20 20 20 20 30 33 39 35 : 31 30 30 31 20 2A 2A 2A  [....0395 1001.***]
[0050] 2A 2A 2A 2A 2A 2A 2A 2A : 2A 2A 2A 2A 2A 2A 2A 2A  [******** ********]
[0060] 2A 2A 2A 2A 2A 2A 2A 2A : 2A 2A 2A 2A 2A 2A 2A 2A  [******** ********]
[0070] 2A 2A 2A 20 20 20 20 20 : 20 20 20 20 20 20 20 20  [***..... ........]
[0080] 20 20 20 20 20 20 20 20 : 20 20 20 20 20 20 20 20  [........ ........]
[0090] 20 20 20 20 20 20 20 20 : 20 20 20 20 20 20 2A 2A  [........ ......**]
[00a0] 2A 2A 2A 2A 2A 20 00 00 : 20 20 20 20 20 20 20 20  [*****... ........]
[00b0] 20 20 20 20 20 20 20 20 : 20 20 20 20 20 20 20 20  [........ ........]
[00c0] 20 20 20 20 20 20 20 20 : 20 20 20 20 20 20 20 20  [........ ........]
[00d0] 20 20 20 20 20 20 20 20 : 20 20 20 20 20 20 20 20  [........ ........]
[00e0] 20 20 20 20 20 20 20 20 : 20 20 20 20 20 20 20 20  [........ ........]
[00f0] 20 20 20 20 20 20 20 20 : 20 20 20 20 20 20 20 20  [........ ........]
[0100] 20 20 20 20 20 20 20 20 : 20 20 20 20 20 20 20 20  [........ ........]
[0110] 20 20 20 20 20 20 20 20 : 20 20 20 20 20 20 20 20  [........ ........]
[0120] 20 20 20 20 20 20 20 20 : 20 20 20 20 20 20 20 20  [........ ........]
[0130] 20 20 20 20 20 20 20 20 : 20 20 20 20 20 20 20 20  [........ ........]
[0140] 20 20 20 20 20 20 20 20 : 20 20 20 20 20 20 20 20  [........ ........]
[0150] 20 20 20 20 20 20 20 20 : 20 20 20 20 20 00 00 00  [........ ........]
[0160] 00 20 20 2B 20 20 20 20 : 20 20 20 20 20 20 20 20  [...+.... ........]
[0170] 20 20 20 20 20 20 20 20 : 20 20 20 20 20 20 20 20  [........ ........]
[0180] 20 20 20 2B 20 20 20 20 : 20 20 20 20 20 20 20 20  [...+.... ........]
[0190] 20 20 20 20 20 20 20 20 : 20 20 20 20 20 20 20 20  [........ ........]
[01a0] 20 20 20 20 20 20 20 20 : 20 20 20 20 20 20 20 20  [........ ........]
[01b0] 20 20 20 20 20 20 20 20 : 20 20 20 20 20 20 20 20  [........ ........]
[01c0] 20 20 20 20 20 20 20 20 : 20 20 20 20 20 20 20 20  [........ ........]
[01d0] 20 20 20 20 20 20 20 20 : 20 20 20 20 20 20 20 20  [........ ........]
[01e0] 20 20 20 20 20 20 20 20 : 20 20 20 20 20 20 20 20  [........ ........]
[01f0] 20 20 20 20 20 20 20 20 : 20 20 20 20 20 20 20 20  [........ ........]
24/02/2016 11:27:52.108 DEBUG [Socket::close] [Th-14668] Socket::closed successfully
24/02/2016 11:27:52.108 INFO [C3Driver::handle] [Th-14668] Message In[384]
[0000] 20 20 20 20 20 20 20 20 : 20 20 20 20 39 37 38 20  [........ ....978.]
[0010] 20 20 20 20 20 20 20 20 : 20 20 20 20 20 20 7A 2B  [........ ......z+]
[0020] 70 30 20 20 30 33 39 35 : 31 30 30 31 30 30 31 32  [p0..0395 10010012]
[0030] 34 35 36 32 20 20 20 20 : 2A 2A 2A 2A 2A 2A 2A 2A  [4562.... ********]
[0040] 2A 2A 2A 2A 2A 2A 2A 2A : 2A 2A 2A 2A 2A 2A 20 20  [******** ******..]
[0050] 20 20 2A 2A 2A 2A 2A 2A : 2A 2A 2A 2A 2A 2A 2A 2A  [..****** ********]
[0060] 2A 2A 2A 2A 2A 2A 2A 2A : 2A 2A 2A 2A 2A 2A 2A 2A  [******** ********]
[0070] 2A 2A 2A 2A 2A 2A 2A 2A : 2A 2A 2A 2A 2A 2A 20 20  [******** ******..]
[0080] 20 20 20 20 20 20 20 20 : 20 20 20 20 20 20 20 20  [........ ........]
[0090] 20 20 20 20 20 20 20 20 : 20 20 20 20 20 20 20 20  [........ ........]
[00a0] 20 20 20 20 20 20 20 20 : 20 20 20 20 20 20 20 20  [........ ........]
[00b0] 20 20 20 20 20 44 46 42 : 33 30 39 34 36 31 39 33  [.....DFB 30946193]
[00c0] 31 30 32 32 20 00 00 00 : 00 00 00 00 00 00 00 00  [1022.... ........]
[00d0] 00 00 00 00 00 00 00 00 : 00 00 00 00 00 00 00 00  [........ ........]
[00e0] 00 00 00 00 00 00 00 00 : 00 00 00 00 00 00 00 00  [........ ........]
[00f0] 00 00 00 00 00 20 20 20 : 20 20 20 20 20 20 20 20  [........ ........]
[0100] 20 20 20 20 20 20 20 20 : 20 20 20 20 20 20 20 20  [........ ........]
[0110] 20 20 20 20 20 20 20 20 : 20 20 20 20 20 20 20 20  [........ ........]
[0120] 20 20 20 20 20 20 20 20 : 20 20 20 20 20 20 20 20  [........ ........]
[0130] 20 20 20 20 20 20 20 20 : 20 20 20 20 20 20 20 20  [........ ........]
[0140] 20 20 20 20 20 20 20 20 : 20 20 20 20 20 20 20 20  [........ ........]
[0150] 20 20 20 20 20 20 20 20 : 20 20 20 20 20 20 20 20  [........ ........]
[0160] 20 20 20 20 20 20 20 20 : 20 20 20 20 20 20 20 20  [........ ........]
[0170] 20 20 20 20 20 20 20 20 : 20 20 20 20 20 20 20 20  [........ ........]
24/02/2016 11:27:52.186 DEBUG [PinpadService::write] [Th-14668] length=7
[0000] 01 30 36 10 03 A2 CF                               [.06....          ]
24/02/2016 11:27:52.186 LEVEL[7] [Enter getKey] [Th-14668] Start
24/02/2016 11:27:52.202 LEVEL[6] [Return getKey] [Th-14668] ret=0x00
24/02/2016 11:27:52.749 DEBUG [PinpadService::read first] [Th-14668] received=86 rv=0
[0000] 01 30 36 30 30 30 31 30 : 33 9A 57 38 32 30 38 30  [.0600010 3.W82080]
[0010] 35 FC 49 30 31 39 33 30 : 35 13 65 35 35 30 38 30  [5.I01930 5.e55080]
[0020] 31 18 1D 30 32 39 33 30 : 33 9E B6 30 31 39 35 30  [1..02930 3..01950]
[0030] 31 86 3F 31 31 31 33 30 : 31 98 22 24 24 24 24 31  [1.?11130 1."$$$$1]
[0040] 35 00 00 31 33 31 36 33 : 50 50 38 30 31 32 36 33  [5..13163 PP801263]
[0050] 30 33 10 03 CC 6F                                  [03...o           ]
24/02/2016 11:27:52.749 DEBUG [PinpadService::write] [Th-14668] length=148
[0000] 01 30 32 83 C4 99 90 01 : E6 92 30 30 30 30 30 30  [.02..... ..000000]
[0010] 30 30 23 5A 39 37 38 30 :                          [00#Z9780         ]
24/02/2016 11:27:52.749 LEVEL[7] [Enter getKey] [Th-14668] Start
24/02/2016 11:27:52.765 LEVEL[6] [Return getKey] [Th-14668] ret=0x00
24/02/2016 11:27:53.405 DEBUG [PinpadService::read first] [Th-14668] received=45 rv=0
[0000] 01 30 33 50 52 45                                  [.03PRE           ]
24/02/2016 11:27:53.405 INFO [C3Driver::tpvFunction3] [Th-14668] message='PRESENTEZ CARTE                         ' input='1' timeout=0
24/02/2016 11:27:53.405 LEVEL[6] [pos_display] [Th-14668] msg='PRESENTEZ CARTE                         ' length=40 confirm=0x00
24/02/2016 11:27:53.405 LEVEL[6] [Return pos_display] [Th-14668] msg='PRESENTEZ CARTE                         ' length=40 confirm=0x00
24/02/2016 11:27:53.405 INFO [C3Driver::tpvFunction3] [Th-14668] cr='0' TypeVal='f1'
24/02/2016 11:27:53.405 DEBUG [PinpadService::write] [Th-14668] length=9
[0000] 01 30 33 30 F1 10 03 12 : C6                       [.030.... .       ]
24/02/2016 11:27:53.405 LEVEL[7] [Enter getKey] [Th-14668] Start
24/02/2016 11:27:53.421 LEVEL[6] [Return getKey] [Th-14668] ret=0x00
24/02/2016 11:27:54.421 LEVEL[7] [Enter getKey] [Th-14668] Start
24/02/2016 11:27:54.436 LEVEL[6] [Return getKey] [Th-14668] ret=0x00
24/02/2016 11:27:55.436 LEVEL[7] [Enter getKey] [Th-14668] Start
24/02/2016 11:27:55.452 LEVEL[6] [Return getKey] [Th-14668] ret=0x00
24/02/2016 11:27:56.452 LEVEL[7] [Enter getKey] [Th-14668] Start
24/02/2016 11:27:56.468 LEVEL[6] [Return getKey] [Th-14668] ret=0x00
24/02/2016 11:27:57.468 LEVEL[7] [Enter getKey] [Th-14668] Start
24/02/2016 11:27:57.483 LEVEL[6] [Return getKey] [Th-14668] ret=0x00
24/02/2016 11:27:58.483 LEVEL[7] [Enter getKey] [Th-14668] Start
24/02/2016 11:27:58.499 LEVEL[6] [Return getKey] [Th-14668] ret=0x00
24/02/2016 11:27:59.499 LEVEL[7] [Enter getKey] [Th-14668] Start
24/02/2016 11:27:59.515 LEVEL[6] [Return getKey] [Th-14668] ret=0x00
24/02/2016 11:28:00.515 LEVEL[7] [Enter getKey] [Th-14668] Start
24/02/2016 11:28:00.530 LEVEL[6] [Return getKey] [Th-14668] ret=0x00
24/02/2016 11:28:01.530 LEVEL[7] [Enter getKey] [Th-14668] Start
24/02/2016 11:28:01.546 LEVEL[6] [Return getKey] [Th-14668] ret=0x00
24/02/2016 11:28:02.546 LEVEL[7] [Enter getKey] [Th-14668] Start
24/02/2016 11:28:02.562 LEVEL[6] [Return getKey] [Th-14668] ret=0x00
24/02/2016 11:28:03.562 LEVEL[7] [Enter getKey] [Th-14668] Start
24/02/2016 11:28:03.577 LEVEL[6] [Return getKey] [Th-14668] ret=0x00
24/02/2016 11:28:04.577 LEVEL[7] [Enter getKey] [Th-14668] Start
24/02/2016 11:28:04.593 LEVEL[6] [Return getKey] [Th-14668] ret=0x00
24/02/2016 11:28:05.593 LEVEL[7] [Enter getKey] [Th-14668] Start
24/02/2016 11:28:05.608 LEVEL[6] [Return getKey] [Th-14668] ret=0x00
24/02/2016 11:28:06.608 LEVEL[7] [Enter getKey] [Th-14668] Start
24/02/2016 11:28:06.624 LEVEL[6] [Return getKey] [Th-14668] ret=0x00
24/02/2016 11:28:07.624 LEVEL[7] [Enter getKey] [Th-14668] Start
24/02/2016 11:28:07.640 LEVEL[6] [Return getKey] [Th-14668] ret=0x00
24/02/2016 11:28:08.640 LEVEL[7] [Enter getKey] [Th-14668] Start
24/02/2016 11:28:08.655 LEVEL[6] [Return getKey] [Th-14668] ret=0x00
24/02/2016 11:28:09.655 LEVEL[7] [Enter getKey] [Th-14668] Start
24/02/2016 11:28:09.671 LEVEL[6] [Return getKey] [Th-14668] ret=0x00
24/02/2016 11:28:10.671 LEVEL[7] [Enter getKey] [Th-14668] Start
24/02/2016 11:28:10.687 LEVEL[6] [Return getKey] [Th-14668] ret=0x00
24/02/2016 11:28:11.687 LEVEL[7] [Enter getKey] [Th-14668] Start
24/02/2016 11:28:11.702 LEVEL[6] [Return getKey] [Th-14668] ret=0x00
24/02/2016 11:28:12.702 LEVEL[7] [Enter getKey] [Th-14668] Start
24/02/2016 11:28:12.718 LEVEL[6] [Return getKey] [Th-14668] ret=0x00
24/02/2016 11:28:13.718 LEVEL[7] [Enter getKey] [Th-14668] Start
24/02/2016 11:28:13.733 LEVEL[6] [Return getKey] [Th-14668] ret=0x00
24/02/2016 11:28:14.733 LEVEL[7] [Enter getKey] [Th-14668] Start
24/02/2016 11:28:14.749 LEVEL[6] [Return getKey] [Th-14668] ret=0x00
24/02/2016 11:28:15.749 LEVEL[7] [Enter getKey] [Th-14668] Start
24/02/2016 11:28:15.765 LEVEL[6] [Return getKey] [Th-14668] ret=0x00
24/02/2016 11:28:16.765 LEVEL[7] [Enter getKey] [Th-14668] Start
24/02/2016 11:28:16.780 LEVEL[6] [Return getKey] [Th-14668] ret=0x00
24/02/2016 11:28:17.780 LEVEL[7] [Enter getKey] [Th-14668] Start
24/02/2016 11:28:17.796 LEVEL[6] [Return getKey] [Th-14668] ret=0x00
24/02/2016 11:28:18.796 LEVEL[7] [Enter getKey] [Th-14668] Start
24/02/2016 11:28:18.812 LEVEL[6] [Return getKey] [Th-14668] ret=0x00
24/02/2016 11:28:19.812 LEVEL[7] [Enter getKey] [Th-14668] Start
24/02/2016 11:28:19.827 LEVEL[6] [Return getKey] [Th-14668] ret=0x00
24/02/2016 11:28:20.827 LEVEL[7] [Enter getKey] [Th-14668] Start
24/02/2016 11:28:20.843 LEVEL[6] [Return getKey] [Th-14668] ret=0x00
24/02/2016 11:28:21.843 LEVEL[7] [Enter getKey] [Th-14668] Start
24/02/2016 11:28:21.859 LEVEL[6] [Return getKey] [Th-14668] ret=0x00
24/02/2016 11:28:22.859 LEVEL[7] [Enter getKey] [Th-14668] Start
24/02/2016 11:28:22.874 LEVEL[6] [Return getKey] [Th-14668] ret=0x00
24/02/2016 11:28:23.874 LEVEL[7] [Enter getKey] [Th-14668] Start
24/02/2016 11:28:23.890 LEVEL[6] [Return getKey] [Th-14668] ret=0x00
24/02/2016 11:28:24.890 LEVEL[7] [Enter getKey] [Th-14668] Start
24/02/2016 11:28:24.905 LEVEL[6] [Return getKey] [Th-14668] ret=0x00
24/02/2016 11:28:25.905 LEVEL[7] [Enter getKey] [Th-14668] Start
24/02/2016 11:28:25.921 LEVEL[6] [Return getKey] [Th-14668] ret=0x00
24/02/2016 11:28:26.921 LEVEL[7] [Enter getKey] [Th-14668] Start
24/02/2016 11:28:26.937 LEVEL[6] [Return getKey] [Th-14668] ret=0x00
24/02/2016 11:28:27.937 LEVEL[7] [Enter getKey] [Th-14668] Start
24/02/2016 11:28:27.952 LEVEL[6] [Return getKey] [Th-14668] ret=0x00
24/02/2016 11:28:28.952 LEVEL[7] [Enter getKey] [Th-14668] Start
24/02/2016 11:28:28.968 LEVEL[6] [Return getKey] [Th-14668] ret=0x00
24/02/2016 11:28:29.968 LEVEL[7] [Enter getKey] [Th-14668] Start
24/02/2016 11:28:29.984 LEVEL[6] [Return getKey] [Th-14668] ret=0x00
24/02/2016 11:28:30.984 LEVEL[7] [Enter getKey] [Th-14668] Start
24/02/2016 11:28:30.999 LEVEL[6] [Return getKey] [Th-14668] ret=0x00
24/02/2016 11:28:31.999 LEVEL[7] [Enter getKey] [Th-14668] Start
24/02/2016 11:28:32.015 LEVEL[6] [Return getKey] [Th-14668] ret=0x00
24/02/2016 11:28:33.015 LEVEL[7] [Enter getKey] [Th-14668] Start
24/02/2016 11:28:33.030 LEVEL[6] [Return getKey] [Th-14668] ret=0x00
24/02/2016 11:28:34.030 LEVEL[7] [Enter getKey] [Th-14668] Start
24/02/2016 11:28:34.046 LEVEL[6] [Return getKey] [Th-14668] ret=0x00
24/02/2016 11:28:35.046 LEVEL[7] [Enter getKey] [Th-14668] Start
24/02/2016 11:28:35.062 LEVEL[6] [Return getKey] [Th-14668] ret=0x00
24/02/2016 11:28:36.062 LEVEL[7] [Enter getKey] [Th-14668] Start
24/02/2016 11:28:36.077 LEVEL[6] [Return getKey] [Th-14668] ret=0x00
24/02/2016 11:28:37.077 LEVEL[7] [Enter getKey] [Th-14668] Start
24/02/2016 11:28:37.093 LEVEL[6] [Return getKey] [Th-14668] ret=0x00
24/02/2016 11:28:38.093 LEVEL[7] [Enter getKey] [Th-14668] Start
24/02/2016 11:28:38.109 LEVEL[6] [Return getKey] [Th-14668] ret=0x00
24/02/2016 11:28:39.109 LEVEL[7] [Enter getKey] [Th-14668] Start
24/02/2016 11:28:39.124 LEVEL[6] [Return getKey] [Th-14668] ret=0x00
24/02/2016 11:28:40.124 LEVEL[7] [Enter getKey] [Th-14668] Start
24/02/2016 11:28:40.140 LEVEL[6] [Return getKey] [Th-14668] ret=0x00
24/02/2016 11:28:41.140 LEVEL[7] [Enter getKey] [Th-14668] Start
24/02/2016 11:28:41.156 LEVEL[6] [Return getKey] [Th-14668] ret=0x00
24/02/2016 11:28:42.156 LEVEL[7] [Enter getKey] [Th-14668] Start
24/02/2016 11:28:42.171 LEVEL[6] [Return getKey] [Th-14668] ret=0x00
24/02/2016 11:28:43.171 LEVEL[7] [Enter getKey] [Th-14668] Start
24/02/2016 11:28:43.187 LEVEL[6] [Return getKey] [Th-14668] ret=0x00
24/02/2016 11:28:44.187 LEVEL[7] [Enter getKey] [Th-14668] Start
24/02/2016 11:28:44.202 LEVEL[6] [Return getKey] [Th-14668] ret=0x00
24/02/2016 11:28:45.202 LEVEL[7] [Enter getKey] [Th-14668] Start
24/02/2016 11:28:45.218 LEVEL[6] [Return getKey] [Th-14668] ret=0x00
24/02/2016 11:28:46.218 LEVEL[7] [Enter getKey] [Th-14668] Start
24/02/2016 11:28:46.234 LEVEL[6] [Return getKey] [Th-14668] ret=0x00
24/02/2016 11:28:47.234 LEVEL[7] [Enter getKey] [Th-14668] Start
24/02/2016 11:28:47.249 LEVEL[6] [Return getKey] [Th-14668] ret=0x00
24/02/2016 11:28:48.249 LEVEL[7] [Enter getKey] [Th-14668] Start
24/02/2016 11:28:48.265 LEVEL[6] [Return getKey] [Th-14668] ret=0x00
24/02/2016 11:28:49.265 LEVEL[7] [Enter getKey] [Th-14668] Start
24/02/2016 11:28:49.281 LEVEL[6] [Return getKey] [Th-14668] ret=0x00
24/02/2016 11:28:50.281 LEVEL[7] [Enter getKey] [Th-14668] Start
24/02/2016 11:28:50.296 LEVEL[6] [Return getKey] [Th-14668] ret=0x00
24/02/2016 11:28:50.781 DEBUG [PinpadService::read first] [Th-14668] received=84 rv=0
[0000] 01 30 32 83 C4 99 90 01 : E6 92 42 30 30 30 30 30  [.02..... ..B00000]
[0010] 30 30 30 23 5A 30 34 37 : 44 34                    [000#Z047 D4      ]
24/02/2016 11:28:50.781 INFO [C3Driver::handle] [Th-14668] Message Out[512]
[0000] 30 30 30 30 30 30 30 30 : 30 30 30 30 39 37 38 20  [00000000 0000978.]
[0010] 20 20 20 20 20 20 20 20 : 20 20 20 20 20 20 30 30  [........ ......00]
[0020] 31 37 30 33 31 30 30 2A : 2A 2A 2A 2A 2A 2A 2A 2A  [1703100* ********]
[0030] 2A 2A 2A 2A 2A 2A 2A 2A : 2A 2A 20 20 20 20 20 20  [******** **......]
[0040] 20 20 20 20 30 33 39 35 : 31 30 30 31 20 2A 2A 2A  [....0395 1001.***]
[0050] 2A 2A 2A 2A 2A 2A 2A 2A : 2A 2A 2A 2A 2A 2A 2A 2A  [******** ********]
[0060] 2A 2A 2A 2A 2A 2A 2A 2A : 2A 2A 2A 2A 2A 2A 2A 2A  [******** ********]
[0070] 2A 2A 2A 20 20 20 20 20 : 20 20 20 20 20 20 20 20  [***..... ........]
[0080] 20 20 20 20 20 20 20 20 : 20 20 20 20 20 20 20 20  [........ ........]
[0090] 20 20 20 20 20 20 2B 20 : 20 20 20 20 20 20 2A 2A  [......+. ......**]
[00a0] 2A 2A 2A 2A 2A 20 2B 70 : 20 20 20 20 20 20 20 20  [*****.+p ........]
[00b0] 20 20 20 20 20 20 20 20 : 20 20 20 20 20 20 20 20  [........ ........]
[00c0] 20 20 20 20 20 20 20 20 : 20 20 20 20 20 20 20 20  [........ ........]
[00d0] 20 20 20 20 20 20 20 20 : 20 20 20 20 20 20 20 20  [........ ........]
[00e0] 20 20 20 20 20 20 20 20 : 20 20 20 20 20 20 20 20  [........ ........]
[00f0] 20 20 20 20 20 20 20 20 : 20 20 20 20 20 20 20 20  [........ ........]
[0100] 20 20 20 20 20 20 20 20 : 20 20 20 20 20 20 20 20  [........ ........]
[0110] 20 20 20 20 20 20 20 20 : 20 20 20 20 20 20 20 20  [........ ........]
[0120] 20 20 20 20 20 20 20 20 : 20 20 20 20 20 20 20 20  [........ ........]
[0130] 20 20 20 20 20 20 20 20 : 20 20 20 20 20 20 20 20  [........ ........]
[0140] 20 20 20 20 20 20 20 20 : 20 20 20 20 20 20 20 20  [........ ........]
[0150] 20 20 20 20 20 20 20 20 : 20 20 20 20 20 20 20 20  [........ ........]
[0160] 20 20 20 44 46 42 33 30 : 39 34 36 31 39 33 31 30  [...DFB30 94619310]
[0170] 32 32 20 00 00 00 00 00 : 00 00 00 00 00 00 00 00  [22...... ........]
[0180] 00 00 00 00 00 00 00 00 : 00 00 00 00 00 00 00 00  [........ ........]
[0190] 00 00 00 00 00 00 00 00 : 00 00 00 00 00 00 00 00  [........ ........]
[01a0] 00 00 00 20 20 20 20 20 : 20 20 20 20 20 20 20 20  [........ ........]
[01b0] 30 20 20 20 20 20 20 20 : 20 20 20 20 20 20 20 20  [0....... ........]
[01c0] 20 20 20 20 20 20 20 20 : 20 20 20 20 20 20 20 20  [........ ........]
[01d0] 20 20 20 20 20 20 20 20 : 20 20 20 20 20 20 20 20  [........ ........]
[01e0] 20 20 20 20 20 20 20 20 : 20 20 20 20 20 20 20 20  [........ ........]
[01f0] 20 20 20 20 20 20 20 20 : 20 20 20 20 20 20 20 20  [........ ........]
