15/02/2016 14:10:00.607 INFO [C3Driver::handle] [Th-58216] Message In[384]
[0000] 00 00 00 00 00 00 00 00 : 00 00 00 00 00 00 00 00  [........ ........]
[0010] 00 00 00 00 00 00 00 00 : 00 00 00 00 00 00 41 00  [........ ......A.]
[0020] 00 00 00 00 30 33 39 35 : 31 30 30 31 30 30 31 32  [....0395 10010012]
[0030] 34 35 36 32 00 00 00 00 : 2A 2A 2A 2A 2A 2A 2A 2A  [4562.... ********]
[0040] 2A 2A 2A 2A 2A 2A 2A 2A : 2A 2A 2A 2A 2A 2A 00 00  [******** ******..]
[0050] 00 00 2A 2A 2A 2A 2A 2A : 2A 2A 2A 2A 2A 2A 2A 2A  [..****** ********]
[0060] 2A 2A 2A 2A 2A 2A 2A 2A : 2A 2A 2A 2A 2A 2A 2A 2A  [******** ********]
[0070] 2A 2A 2A 2A 2A 2A 2A 2A : 2A 2A 2A 2A 2A 2A 00 00  [******** ******..]
[0080] 00 00 00 00 00 00 00 00 : 00 00 00 00 00 00 00 00  [........ ........]
[0090] 00 00 00 00 00 00 00 00 : 00 00 00 00 00 00 00 00  [........ ........]
[00a0] 00 00 00 00 00 00 00 00 : 00 00 00 00 00 00 00 00  [........ ........]
[00b0] 00 00 00 00 00 00 00 00 : 00 00 00 00 00 00 00 00  [........ ........]
[00c0] 00 00 00 00 00 00 00 00 : 00 00 00 00 00 00 00 00  [........ ........]
[00d0] 00 00 00 00 00 00 00 00 : 00 00 00 00 00 00 00 00  [........ ........]
[00e0] 00 00 00 00 00 00 00 00 : 00 00 00 00 00 00 00 00  [........ ........]
[00f0] 00 00 00 00 00 00 00 00 : 00 00 00 00 00 00 00 00  [........ ........]
[0100] 00 00 00 00 00 00 00 00 : 00 00 00 00 00 00 00 00  [........ ........]
[0110] 00 00 00 00 00 00 00 00 : 00 00 00 00 00 00 00 00  [........ ........]
[0120] 00 00 00 00 00 00 00 00 : 00 00 00 00 00 00 00 00  [........ ........]
[0130] 00 00 00 00 00 00 00 00 : 00 00 00 00 00 00 00 00  [........ ........]
[0140] 00 00 00 00 00 00 00 00 : 00 00 00 00 00 00 00 00  [........ ........]
[0150] 00 00 00 00 00 00 00 00 : 00 00 00 00 00 00 00 00  [........ ........]
[0160] 00 00 00 00 00 00 00 00 : 00 00 00 00 00 00 00 00  [........ ........]
[0170] 00 00 00 00 00 00 00 00 : 00 00 00 00 00 00 00 00  [........ ........]
15/02/2016 14:10:00.685 DEBUG [PinpadService::write] [Th-58216] length=7
[0000] 01 30 36 10 03 A2 CF                               [.06....          ]
15/02/2016 14:10:00.685 LEVEL[7] [Enter getKey] [Th-58216] Start
15/02/2016 14:10:00.701 LEVEL[6] [Return getKey] [Th-58216] ret=0x00
15/02/2016 14:10:00.810 DEBUG [PinpadService::read first] [Th-58216] received=86 rv=0
[0000] 01 30 36 30 30 30 31 30 : 33 9A 57 38 32 30 38 30  [.0600010 3.W82080]
[0010] 35 FC 49 30 31 39 33 30 : 35 13 65 35 35 30 38 30  [5.I01930 5.e55080]
[0020] 31 18 1D 30 32 39 33 30 : 33 9E B6 30 31 39 35 30  [1..02930 3..01950]
[0030] 31 86 3F 31 31 31 33 30 : 31 98 22 24 24 24 24 31  [1.?11130 1."$$$$1]
[0040] 35 00 00 31 33 31 36 33 : 50 50 38 30 31 32 36 33  [5..13163 PP801263]
[0050] 30 33 10 03 CC 6F                                  [03...o           ]
15/02/2016 14:10:00.810 DEBUG [C3Driver::handle] [Th-58216] version C3Driver [C3DRIVER 2.2.4 18/01/2013]
15/02/2016 14:10:00.826 LEVEL[6] [pos_display] [Th-58216] msg='C3DRIVER 2.2.4 18/01/2013' length=25 confirm=0x02
15/02/2016 14:10:00.935 LEVEL[6] [Return pos_display] [Th-58216] msg='C3DRIVER 2.2.4 18/01/2013' length=25 confirm=0x02
15/02/2016 14:10:00.935 DEBUG [PinpadService::write] [Th-58216] length=133
[0000] 01 30 32 83 C4 99 90 01 : E6 92 30 30 30 30 30 30  [.02..... ..000000]
[0010] 30 30 30 50 39 37 38 30 :                          [000P9780         ]
15/02/2016 14:10:00.935 LEVEL[7] [Enter getKey] [Th-58216] Start
15/02/2016 14:10:00.951 LEVEL[6] [Return getKey] [Th-58216] ret=0x00
15/02/2016 14:10:01.435 DEBUG [PinpadService::read first] [Th-58216] received=106 rv=0
[0000] 01 30 32 83 C4 99 90 01 : E6 92 30 30 30 30 30 30  [.02..... ..000000]
[0010] 30 30 30 30 50 20 20 20 : 20 20                    [0000P... ..      ]
15/02/2016 14:10:01.435 DEBUG [PinpadService::write] [Th-58216] length=15
[0000] 01 30 37 43 30 00 04 44 : 00 01 23 10 03 F4 9D     [.07C0..D ..#.... ]
15/02/2016 14:10:01.435 LEVEL[7] [Enter getKey] [Th-58216] Start
15/02/2016 14:10:01.451 LEVEL[6] [Return getKey] [Th-58216] ret=0x00
15/02/2016 14:10:02.123 DEBUG [PinpadService::read first] [Th-58216] received=287 rv=0
[0000] 01 30 37 30 30 30 30 30 : 30 30 30 01 0E 43 00 8D  [.0700000 000..C..]
[0010] 1C 31 23 35 35 30 38 30 : 31 30 34 18 1D 20 20 20  [.1#55080 104.....]
[0020] 44 49 53 4E 45 59 5F 46 : 49 44 20 20 20 30 32 30  [DISNEY_F ID...020]
[0030] 30 30 31 30 33 35 38 9A : 57 41 50 50 4C 49 41 44  [0010358. WAPPLIAD]
[0040] 53 20 20 20 20 28 30 29 : 20 30 33 39 33 32 31 30  [S....(0) .0393210]
[0050] 33 35 38 9C EE 41 44 53 : 44 4C 4C 20 20 20 20 20  [358..ADS DLL.....]
[0060] 20 20 20 20 20 30 33 33 : 37 37 37 32 36 31 36 00  [.....033 7772616.]
[0070] 00 4F 53 20 20 20 20 20 : 20 20 20 20 20 20 20 20  [.OS..... ........]
[0080] 20 30 33 34 37 37 38 37 : 32 30 36 00 00 4D 41 4E  [.0347787 206..MAN]
[0090] 41 47 45 52 20 20 20 20 : 20 20 20 20 20 44 00 20  [AGER.... .....D..]
[00a0] 20 20 31 33 31 30 37 32 : 20 20 20 31 30 35 32 30  [..131072 ...10520]
[00b0] 20 20 20 31 36 33 38 34 : 20 20 20 20 33 34 37 32  [...16384 ....3472]
[00c0] 53 00 0F 31 33 31 36 33 : 50 50 38 30 31 32 36 33  [S..13163 PP801263]
[00d0] 30 33 49 00 46 50 32 50 : 45 20 3A 20 30 0A 4B 45  [03I.FP2P E.:.0.KE]
[00e0] 59 53 20 41 52 45 41 20 : 3A 20 2D 2D 2D 0A 45 32  [YS.AREA. :.---.E2]
[00f0] 45 45 20 3A 20 2D 2D 2D : 0A 48 4D 41 43 20 3A 20  [EE.:.--- .HMAC.:.]
[0100] 2D 2D 2D 0A 54 44 45 53 : 20 3A 20 2D 2D 2D 0A 57  [---.TDES .:.---.W]
[0110] 4C 20 3A 20 2D 2D 2E 2D : 2D 0A 0A 10 03 88 5A     [L.:.--.- -.....Z ]
15/02/2016 14:10:02.123 DEBUG [PinpadService::write] [Th-58216] length=111
[0000] 01 30 32 83 C4 99 90 01 : E6 92 30 30 30 30 30 30  [.02..... ..000000]
[0010] 30 30 23 58 39 37 38 30 :                          [00#X9780         ]
15/02/2016 14:10:02.123 LEVEL[7] [Enter getKey] [Th-58216] Start
15/02/2016 14:10:02.154 LEVEL[6] [Return getKey] [Th-58216] ret=0x00
15/02/2016 14:10:02.717 DEBUG [PinpadService::read first] [Th-58216] received=45 rv=0
[0000] 01 30 33 49 4E 49                                  [.03INI           ]
15/02/2016 14:10:02.717 INFO [C3Driver::tpvFunction3] [Th-58216] message='INIT DISNEY FID         EN COURS        ' input='1' timeout=0
15/02/2016 14:10:02.717 LEVEL[6] [pos_display] [Th-58216] msg='INIT DISNEY FID         EN COURS        ' length=40 confirm=0x00
15/02/2016 14:10:02.717 LEVEL[6] [Return pos_display] [Th-58216] msg='INIT DISNEY FID         EN COURS        ' length=40 confirm=0x00
15/02/2016 14:10:02.717 INFO [C3Driver::tpvFunction3] [Th-58216] cr='0' TypeVal='f1'
15/02/2016 14:10:02.717 DEBUG [PinpadService::write] [Th-58216] length=9
[0000] 01 30 33 30 F1 10 03 12 : C6                       [.030.... .       ]
15/02/2016 14:10:02.717 LEVEL[7] [Enter getKey] [Th-58216] Start
15/02/2016 14:10:02.732 LEVEL[6] [Return getKey] [Th-58216] ret=0x00
15/02/2016 14:10:02.732 DEBUG [PinpadService::read first] [Th-58216] received=28 rv=0
[0000] 02 30 30 31 31 30 4D 30 : 35 30 31 30 33 39 35 31  [.00110M0 50103951]
[0010] 30 30 31 30 30                                     [00100            ]
15/02/2016 14:10:02.732 INFO [AxisService::connect] [Th-58216] Connecting "AXIS 1" (stratusv610:9874) (SSL OFF) (to 5000 ms) ...
15/02/2016 14:10:02.732 INFO [AxisService::connect] [Th-58216] Connect Ok (ret 0)
15/02/2016 14:10:02.732 DEBUG [AxisService::write] [Th-58216] lengthOut=20 rv=0 length=16
[0000] 4D 30 35 30 31 30 33 39 : 35 31 30 30 31 30 30 30  [M0501039 51001000]
15/02/2016 14:10:02.748 DEBUG [AxisService::read] [Th-58216] m_data.length=545 received=545
[0000] 4D 30 35 30 31 30 33 39 : 35 31 30 30 31 34 37 35  [M0501039 51001475]
15/02/2016 14:10:02.748 DEBUG [PinpadService::write] [Th-58216] length=553
[0000] 02 30 30 31 31 30 4D 30 : 35 30 31 30 33 39 35 31  [.00110M0 50103951]
[0010] 30 30 31 34 37                                     [00147            ]
15/02/2016 14:10:02.748 LEVEL[7] [Enter getKey] [Th-58216] Start
15/02/2016 14:10:02.764 LEVEL[6] [Return getKey] [Th-58216] ret=0x00
15/02/2016 14:10:03.107 DEBUG [PinpadService::read first] [Th-58216] received=28 rv=0
[0000] 02 30 30 31 31 30 4D 30 : 35 30 31 30 33 39 35 31  [.00110M0 50103951]
[0010] 30 30 31 30 30                                     [00100            ]
15/02/2016 14:10:03.107 DEBUG [AxisService::write] [Th-58216] lengthOut=20 rv=0 length=16
[0000] 4D 30 35 30 31 30 33 39 : 35 31 30 30 31 30 30 30  [M0501039 51001000]
15/02/2016 14:10:03.123 DEBUG [AxisService::read] [Th-58216] m_data.length=545 received=545
[0000] 4D 30 35 30 31 30 33 39 : 35 31 30 30 31 34 37 35  [M0501039 51001475]
15/02/2016 14:10:03.123 DEBUG [PinpadService::write] [Th-58216] length=553
[0000] 02 30 30 31 31 30 4D 30 : 35 30 31 30 33 39 35 31  [.00110M0 50103951]
[0010] 30 30 31 34 37                                     [00147            ]
15/02/2016 14:10:03.123 LEVEL[7] [Enter getKey] [Th-58216] Start
15/02/2016 14:10:03.139 LEVEL[6] [Return getKey] [Th-58216] ret=0x00
15/02/2016 14:10:03.310 DEBUG [PinpadService::read first] [Th-58216] received=28 rv=0
[0000] 02 30 30 31 31 30 4D 30 : 35 30 31 30 33 39 35 31  [.00110M0 50103951]
[0010] 30 30 31 30 30                                     [00100            ]
15/02/2016 14:10:03.310 DEBUG [AxisService::write] [Th-58216] lengthOut=20 rv=0 length=16
[0000] 4D 30 35 30 31 30 33 39 : 35 31 30 30 31 30 30 30  [M0501039 51001000]
15/02/2016 14:10:03.326 DEBUG [AxisService::read] [Th-58216] m_data.length=546 received=546
[0000] 4D 30 35 30 31 30 33 39 : 35 31 30 30 31 34 37 35  [M0501039 51001475]
15/02/2016 14:10:03.326 DEBUG [PinpadService::write] [Th-58216] length=554
[0000] 02 30 30 31 31 30 4D 30 : 35 30 31 30 33 39 35 31  [.00110M0 50103951]
[0010] 30 30 31 34 37                                     [00147            ]
15/02/2016 14:10:03.326 LEVEL[7] [Enter getKey] [Th-58216] Start
15/02/2016 14:10:03.342 LEVEL[6] [Return getKey] [Th-58216] ret=0x00
15/02/2016 14:10:03.514 DEBUG [PinpadService::read first] [Th-58216] received=28 rv=0
[0000] 02 30 30 31 31 30 4D 30 : 35 30 31 30 33 39 35 31  [.00110M0 50103951]
[0010] 30 30 31 30 30                                     [00100            ]
15/02/2016 14:10:03.514 DEBUG [AxisService::write] [Th-58216] lengthOut=20 rv=0 length=16
[0000] 4D 30 35 30 31 30 33 39 : 35 31 30 30 31 30 30 30  [M0501039 51001000]
15/02/2016 14:10:03.529 DEBUG [AxisService::read] [Th-58216] m_data.length=545 received=545
[0000] 4D 30 35 30 31 30 33 39 : 35 31 30 30 31 34 37 35  [M0501039 51001475]
15/02/2016 14:10:03.529 DEBUG [PinpadService::write] [Th-58216] length=553
[0000] 02 30 30 31 31 30 4D 30 : 35 30 31 30 33 39 35 31  [.00110M0 50103951]
[0010] 30 30 31 34 37                                     [00147            ]
15/02/2016 14:10:03.529 LEVEL[7] [Enter getKey] [Th-58216] Start
15/02/2016 14:10:03.545 LEVEL[6] [Return getKey] [Th-58216] ret=0x00
15/02/2016 14:10:03.717 DEBUG [PinpadService::read first] [Th-58216] received=28 rv=0
[0000] 02 30 30 31 31 30 4D 30 : 35 30 31 30 33 39 35 31  [.00110M0 50103951]
[0010] 30 30 31 30 30                                     [00100            ]
15/02/2016 14:10:03.717 DEBUG [AxisService::write] [Th-58216] lengthOut=20 rv=0 length=16
[0000] 4D 30 35 30 31 30 33 39 : 35 31 30 30 31 30 30 30  [M0501039 51001000]
15/02/2016 14:10:03.717 DEBUG [AxisService::read] [Th-58216] m_data.length=33 received=33
[0000] 4D 30 35 30 31 30 33 39 : 35 31 30 30 31 34 37 35  [M0501039 51001475]
15/02/2016 14:10:03.717 DEBUG [PinpadService::write] [Th-58216] length=41
[0000] 02 30 30 31 31 30 4D 30 : 35 30 31 30 33 39 35 31  [.00110M0 50103951]
[0010] 30 30 31 34 37                                     [00147            ]
15/02/2016 14:10:03.732 LEVEL[7] [Enter getKey] [Th-58216] Start
15/02/2016 14:10:03.748 LEVEL[6] [Return getKey] [Th-58216] ret=0x00
15/02/2016 14:10:04.748 LEVEL[7] [Enter getKey] [Th-58216] Start
15/02/2016 14:10:04.764 LEVEL[6] [Return getKey] [Th-58216] ret=0x00
15/02/2016 14:10:05.764 LEVEL[7] [Enter getKey] [Th-58216] Start
15/02/2016 14:10:05.779 LEVEL[6] [Return getKey] [Th-58216] ret=0x00
15/02/2016 14:10:06.779 LEVEL[7] [Enter getKey] [Th-58216] Start
15/02/2016 14:10:06.795 LEVEL[6] [Return getKey] [Th-58216] ret=0x00
15/02/2016 14:10:07.795 LEVEL[7] [Enter getKey] [Th-58216] Start
15/02/2016 14:10:07.810 LEVEL[6] [Return getKey] [Th-58216] ret=0x00
15/02/2016 14:10:08.810 LEVEL[7] [Enter getKey] [Th-58216] Start
15/02/2016 14:10:08.826 LEVEL[6] [Return getKey] [Th-58216] ret=0x00
15/02/2016 14:10:09.826 LEVEL[7] [Enter getKey] [Th-58216] Start
15/02/2016 14:10:09.842 LEVEL[6] [Return getKey] [Th-58216] ret=0x00
15/02/2016 14:10:10.842 LEVEL[7] [Enter getKey] [Th-58216] Start
15/02/2016 14:10:10.857 LEVEL[6] [Return getKey] [Th-58216] ret=0x00
15/02/2016 14:10:11.857 LEVEL[7] [Enter getKey] [Th-58216] Start
15/02/2016 14:10:11.873 LEVEL[6] [Return getKey] [Th-58216] ret=0x00
15/02/2016 14:10:12.873 LEVEL[7] [Enter getKey] [Th-58216] Start
15/02/2016 14:10:12.888 LEVEL[6] [Return getKey] [Th-58216] ret=0x00
15/02/2016 14:10:13.888 LEVEL[7] [Enter getKey] [Th-58216] Start
15/02/2016 14:10:13.904 LEVEL[6] [Return getKey] [Th-58216] ret=0x00
15/02/2016 14:10:14.670 DEBUG [PinpadService::read first] [Th-58216] received=45 rv=0
[0000] 01 30 33 49 4E 49                                  [.03INI           ]
15/02/2016 14:10:14.670 INFO [C3Driver::tpvFunction3] [Th-58216] message='INIT DISNEY FID         TERMINEE        ' input='1' timeout=0
15/02/2016 14:10:14.670 LEVEL[6] [pos_display] [Th-58216] msg='INIT DISNEY FID         TERMINEE        ' length=40 confirm=0x00
15/02/2016 14:10:14.670 LEVEL[6] [Return pos_display] [Th-58216] msg='INIT DISNEY FID         TERMINEE        ' length=40 confirm=0x00
15/02/2016 14:10:14.670 INFO [C3Driver::tpvFunction3] [Th-58216] cr='0' TypeVal='f1'
15/02/2016 14:10:14.670 DEBUG [PinpadService::write] [Th-58216] length=9
[0000] 01 30 33 30 F1 10 03 12 : C6                       [.030.... .       ]
15/02/2016 14:10:14.670 LEVEL[7] [Enter getKey] [Th-58216] Start
15/02/2016 14:10:14.685 LEVEL[6] [Return getKey] [Th-58216] ret=0x00
15/02/2016 14:10:14.685 DEBUG [PinpadService::read first] [Th-58216] received=84 rv=0
[0000] 01 30 32 83 C4 99 90 01 : E6 92 30 30 30 30 30 30  [.02..... ..000000]
[0010] 30 30 30 23 58 31 32 30 : 32 31                    [000#X120 21      ]
15/02/2016 14:10:14.685 DEBUG [PinpadService::write] [Th-58216] length=73
[0000] 01 30 32 83 C4 99 90 01 : E6 92 30 30 30 30 30 30  [.02..... ..000000]
[0010] 30 30 23 61 39 37 38 30 :                          [00#a9780         ]
15/02/2016 14:10:14.685 LEVEL[7] [Enter getKey] [Th-58216] Start
15/02/2016 14:10:14.701 LEVEL[6] [Return getKey] [Th-58216] ret=0x00
15/02/2016 14:10:14.732 DEBUG [PinpadService::read first] [Th-58216] received=84 rv=0
[0000] 01 30 32 83 C4 99 90 01 : E6 92 31 30 30 30 30 30  [.02..... ..100000]
[0010] 30 30 30 30 61 20 20 20 : 20 20                    [0000a... ..      ]
15/02/2016 14:10:14.732 INFO [C3Driver::handleAdmin] [Th-58216] V/13 "send offline txns" result app 'DSY' : ko
15/02/2016 14:10:14.748 INFO [C3Driver::handle] [Th-58216] Message Out[512]
[0000] 30 30 30 30 30 30 30 30 : 30 30 30 30 00 00 00 00  [00000000 0000....]
[0010] 00 00 00 00 00 00 00 00 : 00 00 00 00 00 00 30 30  [........ ......00]
[0020] 30 30 30 30 30 30 30 2A : 2A 2A 2A 2A 2A 2A 2A 2A  [0000000* ********]
[0030] 2A 2A 2A 2A 2A 2A 2A 2A : 2A 2A 20 20 20 20 20 20  [******** **......]
[0040] 20 20 20 20 30 33 39 35 : 31 30 30 31 20 2A 2A 2A  [....0395 1001.***]
[0050] 2A 2A 2A 2A 2A 2A 2A 2A : 2A 2A 2A 2A 2A 2A 2A 2A  [******** ********]
[0060] 2A 2A 2A 2A 2A 2A 2A 2A : 2A 2A 2A 2A 2A 2A 2A 2A  [******** ********]
[0070] 2A 2A 2A 20 20 20 20 20 : 20 20 20 20 20 20 20 20  [***..... ........]
[0080] 20 20 20 20 20 20 20 20 : 20 20 20 20 20 20 20 20  [........ ........]
[0090] 20 20 20 20 20 20 20 20 : 20 20 20 20 20 20 2A 2A  [........ ......**]
[00a0] 2A 2A 2A 2A 2A 20 00 00 : 20 20 20 20 20 20 20 20  [*****... ........]
[00b0] 20 20 20 20 20 20 20 20 : 20 20 20 20 20 20 20 20  [........ ........]
[00c0] 20 20 20 20 20 20 20 20 : 20 20 20 20 20 20 20 20  [........ ........]
[00d0] 20 20 20 20 20 20 20 20 : 20 20 20 20 20 20 20 20  [........ ........]
[00e0] 20 20 20 20 20 20 20 20 : 20 20 20 20 20 20 20 20  [........ ........]
[00f0] 20 20 20 20 20 20 20 20 : 20 20 20 20 20 20 20 20  [........ ........]
[0100] 20 20 20 20 20 20 20 20 : 20 20 20 20 20 20 20 20  [........ ........]
[0110] 20 20 20 20 20 20 20 20 : 20 20 20 20 20 20 20 20  [........ ........]
[0120] 20 20 20 20 20 20 20 20 : 20 20 20 20 20 20 20 20  [........ ........]
[0130] 20 20 20 20 20 20 20 20 : 20 20 20 20 20 20 20 20  [........ ........]
[0140] 20 20 20 20 20 20 20 20 : 20 20 20 20 20 20 20 20  [........ ........]
[0150] 20 20 20 20 20 20 20 20 : 20 20 20 20 20 00 00 00  [........ ........]
[0160] 00 20 20 2B 20 20 20 20 : 20 20 20 20 20 20 20 20  [...+.... ........]
[0170] 20 20 20 20 20 20 20 20 : 20 20 20 20 20 20 20 20  [........ ........]
[0180] 20 20 20 2B 20 20 20 20 : 20 20 20 20 20 20 20 20  [...+.... ........]
[0190] 20 20 20 20 20 20 20 20 : 20 20 20 20 20 20 20 20  [........ ........]
[01a0] 20 20 20 20 20 20 20 20 : 20 20 20 20 20 20 20 20  [........ ........]
[01b0] 20 20 20 20 20 20 20 20 : 20 20 20 20 20 20 20 20  [........ ........]
[01c0] 20 20 20 20 20 20 20 20 : 20 20 20 20 20 20 20 20  [........ ........]
[01d0] 20 20 20 20 20 20 20 20 : 20 20 20 20 20 20 20 20  [........ ........]
[01e0] 20 20 20 20 20 20 20 20 : 20 20 20 20 20 20 20 20  [........ ........]
[01f0] 20 20 20 20 20 20 20 20 : 20 20 20 20 20 20 20 20  [........ ........]
15/02/2016 14:10:14.779 DEBUG [Socket::close] [Th-58216] Socket::closed successfully
15/02/2016 14:10:14.779 INFO [C3Driver::handle] [Th-58216] Message In[384]
[0000] 20 20 20 20 20 20 20 20 : 20 20 20 20 39 37 38 20  [........ ....978.]
[0010] 20 20 20 20 20 20 20 20 : 20 20 20 20 20 20 7A 2B  [........ ......z+]
[0020] 70 30 20 20 30 33 39 35 : 31 30 30 31 30 30 31 32  [p0..0395 10010012]
[0030] 34 35 36 32 20 20 20 20 : 2A 2A 2A 2A 2A 2A 2A 2A  [4562.... ********]
[0040] 2A 2A 2A 2A 2A 2A 2A 2A : 2A 2A 2A 2A 2A 2A 20 20  [******** ******..]
[0050] 20 20 2A 2A 2A 2A 2A 2A : 2A 2A 2A 2A 2A 2A 2A 2A  [..****** ********]
[0060] 2A 2A 2A 2A 2A 2A 2A 2A : 2A 2A 2A 2A 2A 2A 2A 2A  [******** ********]
[0070] 2A 2A 2A 2A 2A 2A 2A 2A : 2A 2A 2A 2A 2A 2A 20 20  [******** ******..]
[0080] 20 20 20 20 20 20 20 20 : 20 20 20 20 20 20 20 20  [........ ........]
[0090] 20 20 20 20 20 20 20 20 : 20 20 20 20 20 20 20 20  [........ ........]
[00a0] 20 20 20 20 20 20 20 20 : 20 20 20 20 20 20 20 20  [........ ........]
[00b0] 20 20 20 20 20 00 00 00 : 00 00 00 00 00 00 00 00  [........ ........]
[00c0] 00 00 00 00 00 00 00 00 : 00 00 00 00 00 00 00 00  [........ ........]
[00d0] 00 00 00 00 00 00 00 00 : 00 00 00 00 00 00 00 00  [........ ........]
[00e0] 00 00 00 00 00 00 00 00 : 00 00 00 00 00 00 00 00  [........ ........]
[00f0] 00 00 00 00 00 20 20 20 : 20 20 20 20 20 20 20 20  [........ ........]
[0100] 20 20 20 20 20 20 20 20 : 20 20 20 20 20 20 20 20  [........ ........]
[0110] 20 20 20 20 20 20 20 20 : 20 20 20 20 20 20 20 20  [........ ........]
[0120] 20 20 20 20 20 20 20 20 : 20 20 20 20 20 20 20 20  [........ ........]
[0130] 20 20 20 20 20 20 20 20 : 20 20 20 20 20 20 20 20  [........ ........]
[0140] 20 20 20 20 20 20 20 20 : 20 20 20 20 20 20 20 20  [........ ........]
[0150] 20 20 20 20 20 20 20 20 : 20 20 20 20 20 20 20 20  [........ ........]
[0160] 20 20 20 20 20 20 20 20 : 20 20 20 20 20 20 20 20  [........ ........]
[0170] 20 20 20 20 20 20 20 20 : 20 20 20 20 20 20 20 20  [........ ........]
15/02/2016 14:10:14.857 DEBUG [PinpadService::write] [Th-58216] length=7
[0000] 01 30 36 10 03 A2 CF                               [.06....          ]
15/02/2016 14:10:14.857 LEVEL[7] [Enter getKey] [Th-58216] Start
15/02/2016 14:10:14.873 LEVEL[6] [Return getKey] [Th-58216] ret=0x00
15/02/2016 14:10:15.420 DEBUG [PinpadService::read first] [Th-58216] received=86 rv=0
[0000] 01 30 36 30 30 30 31 30 : 33 9A 57 38 32 30 38 30  [.0600010 3.W82080]
[0010] 35 FC 49 30 31 39 33 30 : 35 13 65 35 35 30 38 30  [5.I01930 5.e55080]
[0020] 31 18 1D 30 32 39 33 30 : 33 9E B6 30 31 39 35 30  [1..02930 3..01950]
[0030] 31 86 3F 31 31 31 33 30 : 31 98 22 24 24 24 24 31  [1.?11130 1."$$$$1]
[0040] 35 00 00 31 33 31 36 33 : 50 50 38 30 31 32 36 33  [5..13163 PP801263]
[0050] 30 33 10 03 CC 6F                                  [03...o           ]
15/02/2016 14:10:15.420 DEBUG [PinpadService::write] [Th-58216] length=81
[0000] 01 30 32 83 C4 99 90 01 : E6 92 30 30 30 30 30 30  [.02..... ..000000]
[0010] 30 30 23 5A 39 37 38 30 :                          [00#Z9780         ]
15/02/2016 14:10:15.420 LEVEL[7] [Enter getKey] [Th-58216] Start
15/02/2016 14:10:15.435 LEVEL[6] [Return getKey] [Th-58216] ret=0x00
15/02/2016 14:10:16.076 DEBUG [PinpadService::read first] [Th-58216] received=45 rv=0
[0000] 01 30 33 50 52 45                                  [.03PRE           ]
15/02/2016 14:10:16.076 INFO [C3Driver::tpvFunction3] [Th-58216] message='PRESENTEZ CARTE                         ' input='1' timeout=0
15/02/2016 14:10:16.076 LEVEL[6] [pos_display] [Th-58216] msg='PRESENTEZ CARTE                         ' length=40 confirm=0x00
15/02/2016 14:10:16.076 LEVEL[6] [Return pos_display] [Th-58216] msg='PRESENTEZ CARTE                         ' length=40 confirm=0x00
15/02/2016 14:10:16.076 INFO [C3Driver::tpvFunction3] [Th-58216] cr='0' TypeVal='f1'
15/02/2016 14:10:16.076 DEBUG [PinpadService::write] [Th-58216] length=9
[0000] 01 30 33 30 F1 10 03 12 : C6                       [.030.... .       ]
15/02/2016 14:10:16.076 LEVEL[7] [Enter getKey] [Th-58216] Start
15/02/2016 14:10:16.092 LEVEL[6] [Return getKey] [Th-58216] ret=0x00
15/02/2016 14:10:17.092 LEVEL[7] [Enter getKey] [Th-58216] Start
15/02/2016 14:10:17.107 LEVEL[6] [Return getKey] [Th-58216] ret=0x00
15/02/2016 14:10:18.107 LEVEL[7] [Enter getKey] [Th-58216] Start
15/02/2016 14:10:18.123 LEVEL[6] [Return getKey] [Th-58216] ret=0x00
15/02/2016 14:10:19.123 LEVEL[7] [Enter getKey] [Th-58216] Start
15/02/2016 14:10:19.138 LEVEL[6] [Return getKey] [Th-58216] ret=0x00
15/02/2016 14:10:20.138 LEVEL[7] [Enter getKey] [Th-58216] Start
15/02/2016 14:10:20.154 LEVEL[6] [Return getKey] [Th-58216] ret=0x00
15/02/2016 14:10:21.154 LEVEL[7] [Enter getKey] [Th-58216] Start
15/02/2016 14:10:21.170 LEVEL[6] [Return getKey] [Th-58216] ret=0x00
15/02/2016 14:10:22.170 LEVEL[7] [Enter getKey] [Th-58216] Start
15/02/2016 14:10:22.185 LEVEL[6] [Return getKey] [Th-58216] ret=0x00
15/02/2016 14:10:23.185 LEVEL[7] [Enter getKey] [Th-58216] Start
15/02/2016 14:10:23.201 LEVEL[6] [Return getKey] [Th-58216] ret=0x00
15/02/2016 14:10:24.201 LEVEL[7] [Enter getKey] [Th-58216] Start
15/02/2016 14:10:24.217 LEVEL[6] [Return getKey] [Th-58216] ret=0x00
15/02/2016 14:10:24.654 DEBUG [PinpadService::read first] [Th-58216] received=45 rv=0
[0000] 01 30 33 43 4F 4D                                  [.03COM           ]
15/02/2016 14:10:24.654 INFO [C3Driver::tpvFunction3] [Th-58216] message='COMPOSEZ LE CODE                        ' input='1' timeout=0
15/02/2016 14:10:24.654 LEVEL[6] [pos_display] [Th-58216] msg='COMPOSEZ LE CODE                        ' length=40 confirm=0x00
15/02/2016 14:10:24.654 LEVEL[6] [Return pos_display] [Th-58216] msg='COMPOSEZ LE CODE                        ' length=40 confirm=0x00
15/02/2016 14:10:24.654 INFO [C3Driver::tpvFunction3] [Th-58216] cr='0' TypeVal='f1'
15/02/2016 14:10:24.654 DEBUG [PinpadService::write] [Th-58216] length=9
[0000] 01 30 33 30 F1 10 03 12 : C6                       [.030.... .       ]
15/02/2016 14:10:24.654 LEVEL[7] [Enter getKey] [Th-58216] Start
15/02/2016 14:10:24.670 LEVEL[6] [Return getKey] [Th-58216] ret=0x00
15/02/2016 14:10:25.670 LEVEL[7] [Enter getKey] [Th-58216] Start
15/02/2016 14:10:25.685 LEVEL[6] [Return getKey] [Th-58216] ret=0x00
15/02/2016 14:10:26.685 LEVEL[7] [Enter getKey] [Th-58216] Start
15/02/2016 14:10:26.701 LEVEL[6] [Return getKey] [Th-58216] ret=0x00
15/02/2016 14:10:27.232 DEBUG [PinpadService::read first] [Th-58216] received=45 rv=0
[0000] 01 30 33 43 4F 4D                                  [.03COM           ]
15/02/2016 14:10:27.232 INFO [C3Driver::tpvFunction3] [Th-58216] message='COMPOSEZ LE CODE                        ' input='1' timeout=0
15/02/2016 14:10:27.232 LEVEL[6] [pos_display] [Th-58216] msg='COMPOSEZ LE CODE                        ' length=40 confirm=0x00
15/02/2016 14:10:27.232 LEVEL[6] [Return pos_display] [Th-58216] msg='COMPOSEZ LE CODE                        ' length=40 confirm=0x00
15/02/2016 14:10:27.232 INFO [C3Driver::tpvFunction3] [Th-58216] cr='0' TypeVal='f1'
15/02/2016 14:10:27.232 DEBUG [PinpadService::write] [Th-58216] length=9
[0000] 01 30 33 30 F1 10 03 12 : C6                       [.030.... .       ]
15/02/2016 14:10:27.232 LEVEL[7] [Enter getKey] [Th-58216] Start
15/02/2016 14:10:27.248 LEVEL[6] [Return getKey] [Th-58216] ret=0x00
15/02/2016 14:10:28.248 LEVEL[7] [Enter getKey] [Th-58216] Start
15/02/2016 14:10:28.263 LEVEL[6] [Return getKey] [Th-58216] ret=0x00
15/02/2016 14:10:29.263 LEVEL[7] [Enter getKey] [Th-58216] Start
15/02/2016 14:10:29.279 LEVEL[6] [Return getKey] [Th-58216] ret=0x00
15/02/2016 14:10:29.810 DEBUG [PinpadService::read first] [Th-58216] received=45 rv=0
[0000] 01 30 33 49 4E 49                                  [.03INI           ]
15/02/2016 14:10:29.810 INFO [C3Driver::tpvFunction3] [Th-58216] message='INITIALISAT. PIN        EN COURS        ' input='1' timeout=0
15/02/2016 14:10:29.810 LEVEL[6] [pos_display] [Th-58216] msg='INITIALISAT. PIN        EN COURS        ' length=40 confirm=0x00
15/02/2016 14:10:29.810 LEVEL[6] [Return pos_display] [Th-58216] msg='INITIALISAT. PIN        EN COURS        ' length=40 confirm=0x00
15/02/2016 14:10:29.810 INFO [C3Driver::tpvFunction3] [Th-58216] cr='0' TypeVal='f1'
15/02/2016 14:10:29.810 DEBUG [PinpadService::write] [Th-58216] length=9
[0000] 01 30 33 30 F1 10 03 12 : C6                       [.030.... .       ]
15/02/2016 14:10:29.810 LEVEL[7] [Enter getKey] [Th-58216] Start
15/02/2016 14:10:29.826 LEVEL[6] [Return getKey] [Th-58216] ret=0x00
15/02/2016 14:10:29.826 DEBUG [PinpadService::read first] [Th-58216] received=419 rv=0
[0000] 02 30 30 31 31 30 4D 30 : 35 30 32 30 33 39 35 31  [.00110M0 50203951]
[0010] 30 30 31 34 37                                     [00147            ]
15/02/2016 14:10:29.826 INFO [AxisService::connect] [Th-58216] Connecting "AXIS 1" (stratusv610:9874) (SSL OFF) (to 5000 ms) ...
15/02/2016 14:10:29.826 INFO [AxisService::connect] [Th-58216] Connect Ok (ret 0)
15/02/2016 14:10:29.826 DEBUG [AxisService::write] [Th-58216] lengthOut=411 rv=0 length=16
[0000] 4D 30 35 30 32 30 33 39 : 35 31 30 30 31 34 37 35  [M0502039 51001475]
15/02/2016 14:10:30.138 DEBUG [AxisService::read] [Th-58216] m_data.length=34 received=34
[0000] 4D 30 35 30 32 30 33 39 : 35 31 30 30 31 34 37 35  [M0502039 51001475]
15/02/2016 14:10:30.138 DEBUG [PinpadService::write] [Th-58216] length=42
[0000] 02 30 30 31 31 30 4D 30 : 35 30 32 30 33 39 35 31  [.00110M0 50203951]
[0010] 30 30 31 34 37                                     [00147            ]
15/02/2016 14:10:30.138 LEVEL[7] [Enter getKey] [Th-58216] Start
15/02/2016 14:10:30.154 LEVEL[6] [Return getKey] [Th-58216] ret=0x00
15/02/2016 14:10:30.310 DEBUG [PinpadService::read first] [Th-58216] received=45 rv=0
[0000] 01 30 33 49 4E 49                                  [.03INI           ]
15/02/2016 14:10:30.310 INFO [C3Driver::tpvFunction3] [Th-58216] message='INITIALISAT. PIN        REUSSIE         ' input='1' timeout=0
15/02/2016 14:10:30.310 LEVEL[6] [pos_display] [Th-58216] msg='INITIALISAT. PIN        REUSSIE         ' length=40 confirm=0x00
15/02/2016 14:10:30.310 LEVEL[6] [Return pos_display] [Th-58216] msg='INITIALISAT. PIN        REUSSIE         ' length=40 confirm=0x00
15/02/2016 14:10:30.310 INFO [C3Driver::tpvFunction3] [Th-58216] cr='0' TypeVal='f1'
15/02/2016 14:10:30.310 DEBUG [PinpadService::write] [Th-58216] length=9
[0000] 01 30 33 30 F1 10 03 12 : C6                       [.030.... .       ]
15/02/2016 14:10:30.310 LEVEL[7] [Enter getKey] [Th-58216] Start
15/02/2016 14:10:30.326 LEVEL[6] [Return getKey] [Th-58216] ret=0x00
15/02/2016 14:10:30.326 DEBUG [PinpadService::read first] [Th-58216] received=84 rv=0
[0000] 01 30 32 83 C4 99 90 01 : E6 92 30 30 30 30 30 30  [.02..... ..000000]
[0010] 30 30 30 23 5A 30 34 35 : 32 46                    [000#Z045 2F      ]
15/02/2016 14:10:30.326 INFO [C3Driver::handle] [Th-58216] Message Out[512]
[0000] 30 30 30 30 30 30 30 30 : 30 30 30 30 39 37 38 20  [00000000 0000978.]
[0010] 20 20 20 20 20 20 20 20 : 20 20 20 20 20 20 30 30  [........ ......00]
[0020] 30 30 30 30 30 30 30 2A : 2A 2A 2A 2A 2A 2A 2A 2A  [0000000* ********]
[0030] 2A 2A 2A 2A 2A 2A 2A 2A : 2A 2A 20 20 20 20 20 20  [******** **......]
[0040] 20 20 20 20 30 33 39 35 : 31 30 30 31 20 2A 2A 2A  [....0395 1001.***]
[0050] 2A 2A 2A 2A 2A 2A 2A 2A : 2A 2A 2A 2A 2A 2A 2A 2A  [******** ********]
[0060] 2A 2A 2A 2A 2A 2A 2A 2A : 2A 2A 2A 2A 2A 2A 2A 2A  [******** ********]
[0070] 2A 2A 2A 20 20 20 20 20 : 20 20 20 20 20 20 20 20  [***..... ........]
[0080] 20 20 20 20 20 20 20 20 : 20 20 20 20 20 20 20 20  [........ ........]
[0090] 20 20 20 20 20 20 2B 20 : 20 20 20 20 20 20 2A 2A  [......+. ......**]
[00a0] 2A 2A 2A 2A 2A 20 2B 70 : 20 20 20 20 20 20 20 20  [*****.+p ........]
[00b0] 20 20 20 20 20 20 20 20 : 20 20 20 20 20 20 20 20  [........ ........]
[00c0] 20 20 20 20 20 20 20 20 : 20 20 20 20 20 20 20 20  [........ ........]
[00d0] 20 20 20 20 20 20 20 20 : 20 20 20 20 20 20 20 20  [........ ........]
[00e0] 20 20 20 20 20 20 20 20 : 20 20 20 20 20 20 20 20  [........ ........]
[00f0] 20 20 20 20 20 20 20 20 : 20 20 20 20 20 20 20 20  [........ ........]
[0100] 20 20 20 20 20 20 20 20 : 20 20 20 20 20 20 20 20  [........ ........]
[0110] 20 20 20 20 20 20 20 20 : 20 20 20 20 20 20 20 20  [........ ........]
[0120] 20 20 20 20 20 20 20 20 : 20 20 20 20 20 20 20 20  [........ ........]
[0130] 20 20 20 20 20 20 20 20 : 20 20 20 20 20 20 20 20  [........ ........]
[0140] 20 20 20 20 20 20 20 20 : 20 20 20 20 20 20 20 20  [........ ........]
[0150] 20 20 20 20 20 20 20 20 : 20 20 20 20 20 20 20 20  [........ ........]
[0160] 20 20 20 00 00 00 00 00 : 00 00 00 00 00 00 00 00  [........ ........]
[0170] 00 00 00 00 00 00 00 00 : 00 00 00 00 00 00 00 00  [........ ........]
[0180] 00 00 00 00 00 00 00 00 : 00 00 00 00 00 00 00 00  [........ ........]
[0190] 00 00 00 00 00 00 00 00 : 00 00 00 00 00 00 00 00  [........ ........]
[01a0] 00 00 00 20 20 20 20 20 : 20 20 20 20 20 20 20 20  [........ ........]
[01b0] 30 20 20 20 20 20 20 20 : 20 20 20 20 20 20 20 20  [0....... ........]
[01c0] 20 20 20 20 20 20 20 20 : 20 20 20 20 20 20 20 20  [........ ........]
[01d0] 20 20 20 20 20 20 20 20 : 20 20 20 20 20 20 20 20  [........ ........]
[01e0] 20 20 20 20 20 20 20 20 : 20 20 20 20 20 20 20 20  [........ ........]
[01f0] 20 20 20 20 20 20 20 20 : 20 20 20 20 20 20 20 20  [........ ........]
15/02/2016 14:10:30.357 DEBUG [Socket::close] [Th-58216] Socket::closed successfully
15/02/2016 14:10:45.326 INFO [C3Driver::handle] [Th-58216] Message In[384]
[0000] 20 20 20 20 20 20 20 20 : 20 20 20 20 39 37 38 20  [........ ....978.]
[0010] 20 20 20 20 20 20 20 20 : 20 20 20 20 20 20 7A 2B  [........ ......z+]
[0020] 70 30 20 20 30 33 39 35 : 31 30 30 31 30 30 31 32  [p0..0395 10010012]
[0030] 34 35 36 32 20 20 20 20 : 2A 2A 2A 2A 2A 2A 2A 2A  [4562.... ********]
[0040] 2A 2A 2A 2A 2A 2A 2A 2A : 2A 2A 2A 2A 2A 2A 20 20  [******** ******..]
[0050] 20 20 2A 2A 2A 2A 2A 2A : 2A 2A 2A 2A 2A 2A 2A 2A  [..****** ********]
[0060] 2A 2A 2A 2A 2A 2A 2A 2A : 2A 2A 2A 2A 2A 2A 2A 2A  [******** ********]
[0070] 2A 2A 2A 2A 2A 2A 2A 2A : 2A 2A 2A 2A 2A 2A 20 20  [******** ******..]
[0080] 20 20 20 20 20 20 20 20 : 20 20 20 20 20 20 20 20  [........ ........]
[0090] 20 20 20 20 20 20 20 20 : 20 20 20 20 20 20 20 20  [........ ........]
[00a0] 20 20 20 20 20 20 20 20 : 20 20 20 20 20 20 20 20  [........ ........]
[00b0] 20 20 20 20 20 00 00 00 : 00 00 00 00 00 00 00 00  [........ ........]
[00c0] 00 00 00 00 00 00 00 00 : 00 00 00 00 00 00 00 00  [........ ........]
[00d0] 00 00 00 00 00 00 00 00 : 00 00 00 00 00 00 00 00  [........ ........]
[00e0] 00 00 00 00 00 00 00 00 : 00 00 00 00 00 00 00 00  [........ ........]
[00f0] 00 00 00 00 00 20 20 20 : 20 20 20 20 20 20 20 20  [........ ........]
[0100] 20 20 20 20 20 20 20 20 : 20 20 20 20 20 20 20 20  [........ ........]
[0110] 20 20 20 20 20 20 20 20 : 20 20 20 20 20 20 20 20  [........ ........]
[0120] 20 20 20 20 20 20 20 20 : 20 20 20 20 20 20 20 20  [........ ........]
[0130] 20 20 20 20 20 20 20 20 : 20 20 20 20 20 20 20 20  [........ ........]
[0140] 20 20 20 20 20 20 20 20 : 20 20 20 20 20 20 20 20  [........ ........]
[0150] 20 20 20 20 20 20 20 20 : 20 20 20 20 20 20 20 20  [........ ........]
[0160] 20 20 20 20 20 20 20 20 : 20 20 20 20 20 20 20 20  [........ ........]
[0170] 20 20 20 20 20 20 20 20 : 20 20 20 20 20 20 20 20  [........ ........]
15/02/2016 14:10:45.404 DEBUG [PinpadService::write] [Th-58216] length=7
[0000] 01 30 36 10 03 A2 CF                               [.06....          ]
15/02/2016 14:10:45.404 LEVEL[7] [Enter getKey] [Th-58216] Start
15/02/2016 14:10:45.420 LEVEL[6] [Return getKey] [Th-58216] ret=0x00
15/02/2016 14:10:45.529 DEBUG [PinpadService::read first] [Th-58216] received=86 rv=0
[0000] 01 30 36 30 30 30 31 30 : 33 9A 57 38 32 30 38 30  [.0600010 3.W82080]
[0010] 35 FC 49 30 31 39 33 30 : 35 13 65 35 35 30 38 30  [5.I01930 5.e55080]
[0020] 31 18 1D 30 32 39 33 30 : 33 9E B6 30 31 39 35 30  [1..02930 3..01950]
[0030] 31 86 3F 31 31 31 33 30 : 31 98 22 24 24 24 24 31  [1.?11130 1."$$$$1]
[0040] 35 00 00 31 33 31 36 33 : 50 50 38 30 31 32 36 33  [5..13163 PP801263]
[0050] 30 33 10 03 CC 6F                                  [03...o           ]
15/02/2016 14:10:45.529 DEBUG [PinpadService::write] [Th-58216] length=81
[0000] 01 30 32 83 C4 99 90 01 : E6 92 30 30 30 30 30 30  [.02..... ..000000]
[0010] 30 30 23 5A 39 37 38 30 :                          [00#Z9780         ]
15/02/2016 14:10:45.529 LEVEL[7] [Enter getKey] [Th-58216] Start
15/02/2016 14:10:45.545 LEVEL[6] [Return getKey] [Th-58216] ret=0x00
15/02/2016 14:10:46.185 DEBUG [PinpadService::read first] [Th-58216] received=45 rv=0
[0000] 01 30 33 50 52 45                                  [.03PRE           ]
15/02/2016 14:10:46.185 INFO [C3Driver::tpvFunction3] [Th-58216] message='PRESENTEZ CARTE                         ' input='1' timeout=0
15/02/2016 14:10:46.185 LEVEL[6] [pos_display] [Th-58216] msg='PRESENTEZ CARTE                         ' length=40 confirm=0x00
15/02/2016 14:10:46.185 LEVEL[6] [Return pos_display] [Th-58216] msg='PRESENTEZ CARTE                         ' length=40 confirm=0x00
15/02/2016 14:10:46.185 INFO [C3Driver::tpvFunction3] [Th-58216] cr='0' TypeVal='f1'
15/02/2016 14:10:46.185 DEBUG [PinpadService::write] [Th-58216] length=9
[0000] 01 30 33 30 F1 10 03 12 : C6                       [.030.... .       ]
15/02/2016 14:10:46.185 LEVEL[7] [Enter getKey] [Th-58216] Start
15/02/2016 14:10:46.201 LEVEL[6] [Return getKey] [Th-58216] ret=0x00
15/02/2016 14:10:47.201 LEVEL[7] [Enter getKey] [Th-58216] Start
15/02/2016 14:10:47.216 LEVEL[6] [Return getKey] [Th-58216] ret=0x00
15/02/2016 14:10:48.216 LEVEL[7] [Enter getKey] [Th-58216] Start
15/02/2016 14:10:48.232 LEVEL[6] [Return getKey] [Th-58216] ret=0x00
15/02/2016 14:10:48.669 DEBUG [PinpadService::read first] [Th-58216] received=45 rv=0
[0000] 01 30 33 43 4F 4D                                  [.03COM           ]
15/02/2016 14:10:48.669 INFO [C3Driver::tpvFunction3] [Th-58216] message='COMPOSEZ LE CODE                        ' input='1' timeout=0
15/02/2016 14:10:48.669 LEVEL[6] [pos_display] [Th-58216] msg='COMPOSEZ LE CODE                        ' length=40 confirm=0x00
15/02/2016 14:10:48.669 LEVEL[6] [Return pos_display] [Th-58216] msg='COMPOSEZ LE CODE                        ' length=40 confirm=0x00
15/02/2016 14:10:48.669 INFO [C3Driver::tpvFunction3] [Th-58216] cr='0' TypeVal='f1'
15/02/2016 14:10:48.669 DEBUG [PinpadService::write] [Th-58216] length=9
[0000] 01 30 33 30 F1 10 03 12 : C6                       [.030.... .       ]
15/02/2016 14:10:48.669 LEVEL[7] [Enter getKey] [Th-58216] Start
15/02/2016 14:10:48.685 LEVEL[6] [Return getKey] [Th-58216] ret=0x00
15/02/2016 14:10:49.685 LEVEL[7] [Enter getKey] [Th-58216] Start
15/02/2016 14:10:49.701 LEVEL[6] [Return getKey] [Th-58216] ret=0x00
15/02/2016 14:10:50.701 LEVEL[7] [Enter getKey] [Th-58216] Start
15/02/2016 14:10:50.716 LEVEL[6] [Return getKey] [Th-58216] ret=0x00
15/02/2016 14:10:51.185 DEBUG [PinpadService::read first] [Th-58216] received=45 rv=0
[0000] 01 30 33 43 4F 4D                                  [.03COM           ]
15/02/2016 14:10:51.185 INFO [C3Driver::tpvFunction3] [Th-58216] message='COMPOSEZ LE CODE                        ' input='1' timeout=0
15/02/2016 14:10:51.185 LEVEL[6] [pos_display] [Th-58216] msg='COMPOSEZ LE CODE                        ' length=40 confirm=0x00
15/02/2016 14:10:51.185 LEVEL[6] [Return pos_display] [Th-58216] msg='COMPOSEZ LE CODE                        ' length=40 confirm=0x00
15/02/2016 14:10:51.185 INFO [C3Driver::tpvFunction3] [Th-58216] cr='0' TypeVal='f1'
15/02/2016 14:10:51.185 DEBUG [PinpadService::write] [Th-58216] length=9
[0000] 01 30 33 30 F1 10 03 12 : C6                       [.030.... .       ]
15/02/2016 14:10:51.185 LEVEL[7] [Enter getKey] [Th-58216] Start
15/02/2016 14:10:51.201 LEVEL[6] [Return getKey] [Th-58216] ret=0x00
15/02/2016 14:10:52.201 LEVEL[7] [Enter getKey] [Th-58216] Start
15/02/2016 14:10:52.216 LEVEL[6] [Return getKey] [Th-58216] ret=0x00
15/02/2016 14:10:53.154 DEBUG [PinpadService::read first] [Th-58216] received=45 rv=0
[0000] 01 30 33 49 4E 49                                  [.03INI           ]
15/02/2016 14:10:53.154 INFO [C3Driver::tpvFunction3] [Th-58216] message='INITIALISAT. PIN        EN COURS        ' input='1' timeout=0
15/02/2016 14:10:53.154 LEVEL[6] [pos_display] [Th-58216] msg='INITIALISAT. PIN        EN COURS        ' length=40 confirm=0x00
15/02/2016 14:10:53.154 LEVEL[6] [Return pos_display] [Th-58216] msg='INITIALISAT. PIN        EN COURS        ' length=40 confirm=0x00
15/02/2016 14:10:53.154 INFO [C3Driver::tpvFunction3] [Th-58216] cr='0' TypeVal='f1'
15/02/2016 14:10:53.154 DEBUG [PinpadService::write] [Th-58216] length=9
[0000] 01 30 33 30 F1 10 03 12 : C6                       [.030.... .       ]
15/02/2016 14:10:53.154 LEVEL[7] [Enter getKey] [Th-58216] Start
15/02/2016 14:10:53.169 LEVEL[6] [Return getKey] [Th-58216] ret=0x00
15/02/2016 14:10:53.169 DEBUG [PinpadService::read first] [Th-58216] received=421 rv=0
[0000] 02 30 30 31 31 30 4D 30 : 35 30 32 30 33 39 35 31  [.00110M0 50203951]
[0010] 30 30 31 34 37                                     [00147            ]
15/02/2016 14:10:53.169 INFO [AxisService::connect] [Th-58216] Connecting "AXIS 1" (stratusv610:9874) (SSL OFF) (to 5000 ms) ...
15/02/2016 14:10:53.169 INFO [AxisService::connect] [Th-58216] Connect Ok (ret 0)
15/02/2016 14:10:53.169 DEBUG [AxisService::write] [Th-58216] lengthOut=413 rv=0 length=16
[0000] 4D 30 35 30 32 30 33 39 : 35 31 30 30 31 34 37 35  [M0502039 51001475]
15/02/2016 14:10:53.373 DEBUG [AxisService::read] [Th-58216] m_data.length=34 received=34
[0000] 4D 30 35 30 32 30 33 39 : 35 31 30 30 31 34 37 35  [M0502039 51001475]
15/02/2016 14:10:53.373 DEBUG [PinpadService::write] [Th-58216] length=42
[0000] 02 30 30 31 31 30 4D 30 : 35 30 32 30 33 39 35 31  [.00110M0 50203951]
[0010] 30 30 31 34 37                                     [00147            ]
15/02/2016 14:10:53.373 LEVEL[7] [Enter getKey] [Th-58216] Start
15/02/2016 14:10:53.388 LEVEL[6] [Return getKey] [Th-58216] ret=0x00
15/02/2016 14:10:53.544 DEBUG [PinpadService::read first] [Th-58216] received=45 rv=0
[0000] 01 30 33 49 4E 49                                  [.03INI           ]
15/02/2016 14:10:53.544 INFO [C3Driver::tpvFunction3] [Th-58216] message='INITIALISAT. PIN        REUSSIE         ' input='1' timeout=0
15/02/2016 14:10:53.544 LEVEL[6] [pos_display] [Th-58216] msg='INITIALISAT. PIN        REUSSIE         ' length=40 confirm=0x00
15/02/2016 14:10:53.544 LEVEL[6] [Return pos_display] [Th-58216] msg='INITIALISAT. PIN        REUSSIE         ' length=40 confirm=0x00
15/02/2016 14:10:53.544 INFO [C3Driver::tpvFunction3] [Th-58216] cr='0' TypeVal='f1'
15/02/2016 14:10:53.544 DEBUG [PinpadService::write] [Th-58216] length=9
[0000] 01 30 33 30 F1 10 03 12 : C6                       [.030.... .       ]
15/02/2016 14:10:53.544 LEVEL[7] [Enter getKey] [Th-58216] Start
15/02/2016 14:10:53.560 LEVEL[6] [Return getKey] [Th-58216] ret=0x00
15/02/2016 14:10:53.560 DEBUG [PinpadService::read first] [Th-58216] received=84 rv=0
[0000] 01 30 32 83 C4 99 90 01 : E6 92 30 30 30 30 30 30  [.02..... ..000000]
[0010] 30 30 30 23 5A 30 34 41 : 43 46                    [000#Z04A CF      ]
15/02/2016 14:10:53.560 INFO [C3Driver::handle] [Th-58216] Message Out[512]
[0000] 30 30 30 30 30 30 30 30 : 30 30 30 30 39 37 38 20  [00000000 0000978.]
[0010] 20 20 20 20 20 20 20 20 : 20 20 20 20 20 20 30 30  [........ ......00]
[0020] 30 30 30 30 30 30 30 2A : 2A 2A 2A 2A 2A 2A 2A 2A  [0000000* ********]
[0030] 2A 2A 2A 2A 2A 2A 2A 2A : 2A 2A 20 20 20 20 20 20  [******** **......]
[0040] 20 20 20 20 30 33 39 35 : 31 30 30 31 20 2A 2A 2A  [....0395 1001.***]
[0050] 2A 2A 2A 2A 2A 2A 2A 2A : 2A 2A 2A 2A 2A 2A 2A 2A  [******** ********]
[0060] 2A 2A 2A 2A 2A 2A 2A 2A : 2A 2A 2A 2A 2A 2A 2A 2A  [******** ********]
[0070] 2A 2A 2A 20 20 20 20 20 : 20 20 20 20 20 20 20 20  [***..... ........]
[0080] 20 20 20 20 20 20 20 20 : 20 20 20 20 20 20 20 20  [........ ........]
[0090] 20 20 20 20 20 20 2B 20 : 20 20 20 20 20 20 2A 2A  [......+. ......**]
[00a0] 2A 2A 2A 2A 2A 20 2B 70 : 20 20 20 20 20 20 20 20  [*****.+p ........]
[00b0] 20 20 20 20 20 20 20 20 : 20 20 20 20 20 20 20 20  [........ ........]
[00c0] 20 20 20 20 20 20 20 20 : 20 20 20 20 20 20 20 20  [........ ........]
[00d0] 20 20 20 20 20 20 20 20 : 20 20 20 20 20 20 20 20  [........ ........]
[00e0] 20 20 20 20 20 20 20 20 : 20 20 20 20 20 20 20 20  [........ ........]
[00f0] 20 20 20 20 20 20 20 20 : 20 20 20 20 20 20 20 20  [........ ........]
[0100] 20 20 20 20 20 20 20 20 : 20 20 20 20 20 20 20 20  [........ ........]
[0110] 20 20 20 20 20 20 20 20 : 20 20 20 20 20 20 20 20  [........ ........]
[0120] 20 20 20 20 20 20 20 20 : 20 20 20 20 20 20 20 20  [........ ........]
[0130] 20 20 20 20 20 20 20 20 : 20 20 20 20 20 20 20 20  [........ ........]
[0140] 20 20 20 20 20 20 20 20 : 20 20 20 20 20 20 20 20  [........ ........]
[0150] 20 20 20 20 20 20 20 20 : 20 20 20 20 20 20 20 20  [........ ........]
[0160] 20 20 20 00 00 00 00 00 : 00 00 00 00 00 00 00 00  [........ ........]
[0170] 00 00 00 00 00 00 00 00 : 00 00 00 00 00 00 00 00  [........ ........]
[0180] 00 00 00 00 00 00 00 00 : 00 00 00 00 00 00 00 00  [........ ........]
[0190] 00 00 00 00 00 00 00 00 : 00 00 00 00 00 00 00 00  [........ ........]
[01a0] 00 00 00 20 20 20 20 20 : 20 20 20 20 20 20 20 20  [........ ........]
[01b0] 30 20 20 20 20 20 20 20 : 20 20 20 20 20 20 20 20  [0....... ........]
[01c0] 20 20 20 20 20 20 20 20 : 20 20 20 20 20 20 20 20  [........ ........]
[01d0] 20 20 20 20 20 20 20 20 : 20 20 20 20 20 20 20 20  [........ ........]
[01e0] 20 20 20 20 20 20 20 20 : 20 20 20 20 20 20 20 20  [........ ........]
[01f0] 20 20 20 20 20 20 20 20 : 20 20 20 20 20 20 20 20  [........ ........]
15/02/2016 14:10:53.591 DEBUG [Socket::close] [Th-58216] Socket::closed successfully
15/02/2016 14:11:09.497 INFO [C3Driver::handle] [Th-58216] Message In[384]
[0000] 20 20 20 20 20 20 20 20 : 20 20 20 20 39 37 38 20  [........ ....978.]
[0010] 20 20 20 20 20 20 20 20 : 20 20 20 20 20 20 7A 2B  [........ ......z+]
[0020] 70 30 20 20 30 33 39 35 : 31 30 30 31 30 30 31 32  [p0..0395 10010012]
[0030] 34 35 36 32 20 20 20 20 : 2A 2A 2A 2A 2A 2A 2A 2A  [4562.... ********]
[0040] 2A 2A 2A 2A 2A 2A 2A 2A : 2A 2A 2A 2A 2A 2A 20 20  [******** ******..]
[0050] 20 20 2A 2A 2A 2A 2A 2A : 2A 2A 2A 2A 2A 2A 2A 2A  [..****** ********]
[0060] 2A 2A 2A 2A 2A 2A 2A 2A : 2A 2A 2A 2A 2A 2A 2A 2A  [******** ********]
[0070] 2A 2A 2A 2A 2A 2A 2A 2A : 2A 2A 2A 2A 2A 2A 20 20  [******** ******..]
[0080] 20 20 20 20 20 20 20 20 : 20 20 20 20 20 20 20 20  [........ ........]
[0090] 20 20 20 20 20 20 20 20 : 20 20 20 20 20 20 20 20  [........ ........]
[00a0] 20 20 20 20 20 20 20 20 : 20 20 20 20 20 20 20 20  [........ ........]
[00b0] 20 20 20 20 20 00 00 00 : 00 00 00 00 00 00 00 00  [........ ........]
[00c0] 00 00 00 00 00 00 00 00 : 00 00 00 00 00 00 00 00  [........ ........]
[00d0] 00 00 00 00 00 00 00 00 : 00 00 00 00 00 00 00 00  [........ ........]
[00e0] 00 00 00 00 00 00 00 00 : 00 00 00 00 00 00 00 00  [........ ........]
[00f0] 00 00 00 00 00 20 20 20 : 20 20 20 20 20 20 20 20  [........ ........]
[0100] 20 20 20 20 20 20 20 20 : 20 20 20 20 20 20 20 20  [........ ........]
[0110] 20 20 20 20 20 20 20 20 : 20 20 20 20 20 20 20 20  [........ ........]
[0120] 20 20 20 20 20 20 20 20 : 20 20 20 20 20 20 20 20  [........ ........]
[0130] 20 20 20 20 20 20 20 20 : 20 20 20 20 20 20 20 20  [........ ........]
[0140] 20 20 20 20 20 20 20 20 : 20 20 20 20 20 20 20 20  [........ ........]
[0150] 20 20 20 20 20 20 20 20 : 20 20 20 20 20 20 20 20  [........ ........]
[0160] 20 20 20 20 20 20 20 20 : 20 20 20 20 20 20 20 20  [........ ........]
[0170] 20 20 20 20 20 20 20 20 : 20 20 20 20 20 20 20 20  [........ ........]
15/02/2016 14:11:09.576 DEBUG [PinpadService::write] [Th-58216] length=7
[0000] 01 30 36 10 03 A2 CF                               [.06....          ]
15/02/2016 14:11:09.576 LEVEL[7] [Enter getKey] [Th-58216] Start
15/02/2016 14:11:09.607 LEVEL[6] [Return getKey] [Th-58216] ret=0x00
15/02/2016 14:11:09.701 DEBUG [PinpadService::read first] [Th-58216] received=86 rv=0
[0000] 01 30 36 30 30 30 31 30 : 33 9A 57 38 32 30 38 30  [.0600010 3.W82080]
[0010] 35 FC 49 30 31 39 33 30 : 35 13 65 35 35 30 38 30  [5.I01930 5.e55080]
[0020] 31 18 1D 30 32 39 33 30 : 33 9E B6 30 31 39 35 30  [1..02930 3..01950]
[0030] 31 86 3F 31 31 31 33 30 : 31 98 22 24 24 24 24 31  [1.?11130 1."$$$$1]
[0040] 35 00 00 31 33 31 36 33 : 50 50 38 30 31 32 36 33  [5..13163 PP801263]
[0050] 30 33 10 03 CC 6F                                  [03...o           ]
15/02/2016 14:11:09.701 DEBUG [PinpadService::write] [Th-58216] length=81
[0000] 01 30 32 83 C4 99 90 01 : E6 92 30 30 30 30 30 30  [.02..... ..000000]
[0010] 30 30 23 5A 39 37 38 30 :                          [00#Z9780         ]
15/02/2016 14:11:09.701 LEVEL[7] [Enter getKey] [Th-58216] Start
15/02/2016 14:11:09.716 LEVEL[6] [Return getKey] [Th-58216] ret=0x00
15/02/2016 14:11:10.372 DEBUG [PinpadService::read first] [Th-58216] received=45 rv=0
[0000] 01 30 33 50 52 45                                  [.03PRE           ]
15/02/2016 14:11:10.372 INFO [C3Driver::tpvFunction3] [Th-58216] message='PRESENTEZ CARTE                         ' input='1' timeout=0
15/02/2016 14:11:10.372 LEVEL[6] [pos_display] [Th-58216] msg='PRESENTEZ CARTE                         ' length=40 confirm=0x00
15/02/2016 14:11:10.372 LEVEL[6] [Return pos_display] [Th-58216] msg='PRESENTEZ CARTE                         ' length=40 confirm=0x00
15/02/2016 14:11:10.372 INFO [C3Driver::tpvFunction3] [Th-58216] cr='0' TypeVal='f1'
15/02/2016 14:11:10.372 DEBUG [PinpadService::write] [Th-58216] length=9
[0000] 01 30 33 30 F1 10 03 12 : C6                       [.030.... .       ]
15/02/2016 14:11:10.372 LEVEL[7] [Enter getKey] [Th-58216] Start
15/02/2016 14:11:10.388 LEVEL[6] [Return getKey] [Th-58216] ret=0x00
15/02/2016 14:11:11.388 LEVEL[7] [Enter getKey] [Th-58216] Start
15/02/2016 14:11:11.404 LEVEL[6] [Return getKey] [Th-58216] ret=0x00
15/02/2016 14:11:12.404 LEVEL[7] [Enter getKey] [Th-58216] Start
15/02/2016 14:11:12.419 LEVEL[6] [Return getKey] [Th-58216] ret=0x00
15/02/2016 14:11:12.841 DEBUG [PinpadService::read first] [Th-58216] received=45 rv=0
[0000] 01 30 33 43 4F 4D                                  [.03COM           ]
15/02/2016 14:11:12.841 INFO [C3Driver::tpvFunction3] [Th-58216] message='COMPOSEZ LE CODE                        ' input='1' timeout=0
15/02/2016 14:11:12.841 LEVEL[6] [pos_display] [Th-58216] msg='COMPOSEZ LE CODE                        ' length=40 confirm=0x00
15/02/2016 14:11:12.841 LEVEL[6] [Return pos_display] [Th-58216] msg='COMPOSEZ LE CODE                        ' length=40 confirm=0x00
15/02/2016 14:11:12.841 INFO [C3Driver::tpvFunction3] [Th-58216] cr='0' TypeVal='f1'
15/02/2016 14:11:12.841 DEBUG [PinpadService::write] [Th-58216] length=9
[0000] 01 30 33 30 F1 10 03 12 : C6                       [.030.... .       ]
15/02/2016 14:11:12.841 LEVEL[7] [Enter getKey] [Th-58216] Start
15/02/2016 14:11:12.857 LEVEL[6] [Return getKey] [Th-58216] ret=0x00
15/02/2016 14:11:13.857 LEVEL[7] [Enter getKey] [Th-58216] Start
15/02/2016 14:11:13.872 LEVEL[6] [Return getKey] [Th-58216] ret=0x00
15/02/2016 14:11:14.872 LEVEL[7] [Enter getKey] [Th-58216] Start
15/02/2016 14:11:14.888 LEVEL[6] [Return getKey] [Th-58216] ret=0x00
15/02/2016 14:11:15.310 DEBUG [PinpadService::read first] [Th-58216] received=45 rv=0
[0000] 01 30 33 43 4F 4D                                  [.03COM           ]
15/02/2016 14:11:15.310 INFO [C3Driver::tpvFunction3] [Th-58216] message='COMPOSEZ LE CODE                        ' input='1' timeout=0
15/02/2016 14:11:15.310 LEVEL[6] [pos_display] [Th-58216] msg='COMPOSEZ LE CODE                        ' length=40 confirm=0x00
15/02/2016 14:11:15.310 LEVEL[6] [Return pos_display] [Th-58216] msg='COMPOSEZ LE CODE                        ' length=40 confirm=0x00
15/02/2016 14:11:15.310 INFO [C3Driver::tpvFunction3] [Th-58216] cr='0' TypeVal='f1'
15/02/2016 14:11:15.310 DEBUG [PinpadService::write] [Th-58216] length=9
[0000] 01 30 33 30 F1 10 03 12 : C6                       [.030.... .       ]
15/02/2016 14:11:15.310 LEVEL[7] [Enter getKey] [Th-58216] Start
15/02/2016 14:11:15.326 LEVEL[6] [Return getKey] [Th-58216] ret=0x00
15/02/2016 14:11:16.326 LEVEL[7] [Enter getKey] [Th-58216] Start
15/02/2016 14:11:16.341 LEVEL[6] [Return getKey] [Th-58216] ret=0x00
15/02/2016 14:11:17.341 LEVEL[7] [Enter getKey] [Th-58216] Start
15/02/2016 14:11:17.357 LEVEL[6] [Return getKey] [Th-58216] ret=0x00
15/02/2016 14:11:17.419 DEBUG [PinpadService::read first] [Th-58216] received=45 rv=0
[0000] 01 30 33 49 4E 49                                  [.03INI           ]
15/02/2016 14:11:17.419 INFO [C3Driver::tpvFunction3] [Th-58216] message='INITIALISAT. PIN        EN COURS        ' input='1' timeout=0
15/02/2016 14:11:17.419 LEVEL[6] [pos_display] [Th-58216] msg='INITIALISAT. PIN        EN COURS        ' length=40 confirm=0x00
15/02/2016 14:11:17.419 LEVEL[6] [Return pos_display] [Th-58216] msg='INITIALISAT. PIN        EN COURS        ' length=40 confirm=0x00
15/02/2016 14:11:17.419 INFO [C3Driver::tpvFunction3] [Th-58216] cr='0' TypeVal='f1'
15/02/2016 14:11:17.419 DEBUG [PinpadService::write] [Th-58216] length=9
[0000] 01 30 33 30 F1 10 03 12 : C6                       [.030.... .       ]
15/02/2016 14:11:17.419 LEVEL[7] [Enter getKey] [Th-58216] Start
15/02/2016 14:11:17.435 LEVEL[6] [Return getKey] [Th-58216] ret=0x00
15/02/2016 14:11:17.435 DEBUG [PinpadService::read first] [Th-58216] received=420 rv=0
[0000] 02 30 30 31 31 30 4D 30 : 35 30 32 30 33 39 35 31  [.00110M0 50203951]
[0010] 30 30 31 34 37                                     [00147            ]
15/02/2016 14:11:17.435 INFO [AxisService::connect] [Th-58216] Connecting "AXIS 1" (stratusv610:9874) (SSL OFF) (to 5000 ms) ...
15/02/2016 14:11:17.435 INFO [AxisService::connect] [Th-58216] Connect Ok (ret 0)
15/02/2016 14:11:17.435 DEBUG [AxisService::write] [Th-58216] lengthOut=412 rv=0 length=16
[0000] 4D 30 35 30 32 30 33 39 : 35 31 30 30 31 34 37 35  [M0502039 51001475]
15/02/2016 14:11:17.654 DEBUG [AxisService::read] [Th-58216] m_data.length=34 received=34
[0000] 4D 30 35 30 32 30 33 39 : 35 31 30 30 31 34 37 35  [M0502039 51001475]
15/02/2016 14:11:17.654 DEBUG [PinpadService::write] [Th-58216] length=42
[0000] 02 30 30 31 31 30 4D 30 : 35 30 32 30 33 39 35 31  [.00110M0 50203951]
[0010] 30 30 31 34 37                                     [00147            ]
15/02/2016 14:11:17.654 LEVEL[7] [Enter getKey] [Th-58216] Start
15/02/2016 14:11:17.669 LEVEL[6] [Return getKey] [Th-58216] ret=0x00
15/02/2016 14:11:17.826 DEBUG [PinpadService::read first] [Th-58216] received=45 rv=0
[0000] 01 30 33 49 4E 49                                  [.03INI           ]
15/02/2016 14:11:17.826 INFO [C3Driver::tpvFunction3] [Th-58216] message='INITIALISAT. PIN        REUSSIE         ' input='1' timeout=0
15/02/2016 14:11:17.826 LEVEL[6] [pos_display] [Th-58216] msg='INITIALISAT. PIN        REUSSIE         ' length=40 confirm=0x00
15/02/2016 14:11:17.826 LEVEL[6] [Return pos_display] [Th-58216] msg='INITIALISAT. PIN        REUSSIE         ' length=40 confirm=0x00
15/02/2016 14:11:17.826 INFO [C3Driver::tpvFunction3] [Th-58216] cr='0' TypeVal='f1'
15/02/2016 14:11:17.826 DEBUG [PinpadService::write] [Th-58216] length=9
[0000] 01 30 33 30 F1 10 03 12 : C6                       [.030.... .       ]
15/02/2016 14:11:17.826 LEVEL[7] [Enter getKey] [Th-58216] Start
15/02/2016 14:11:17.841 LEVEL[6] [Return getKey] [Th-58216] ret=0x00
15/02/2016 14:11:17.841 DEBUG [PinpadService::read first] [Th-58216] received=84 rv=0
[0000] 01 30 32 83 C4 99 90 01 : E6 92 30 30 30 30 30 30  [.02..... ..000000]
[0010] 30 30 30 23 5A 30 34 35 : 35 46                    [000#Z045 5F      ]
15/02/2016 14:11:17.841 INFO [C3Driver::handle] [Th-58216] Message Out[512]
[0000] 30 30 30 30 30 30 30 30 : 30 30 30 30 39 37 38 20  [00000000 0000978.]
[0010] 20 20 20 20 20 20 20 20 : 20 20 20 20 20 20 30 30  [........ ......00]
[0020] 30 30 30 30 30 30 30 2A : 2A 2A 2A 2A 2A 2A 2A 2A  [0000000* ********]
[0030] 2A 2A 2A 2A 2A 2A 2A 2A : 2A 2A 20 20 20 20 20 20  [******** **......]
[0040] 20 20 20 20 30 33 39 35 : 31 30 30 31 20 2A 2A 2A  [....0395 1001.***]
[0050] 2A 2A 2A 2A 2A 2A 2A 2A : 2A 2A 2A 2A 2A 2A 2A 2A  [******** ********]
[0060] 2A 2A 2A 2A 2A 2A 2A 2A : 2A 2A 2A 2A 2A 2A 2A 2A  [******** ********]
[0070] 2A 2A 2A 20 20 20 20 20 : 20 20 20 20 20 20 20 20  [***..... ........]
[0080] 20 20 20 20 20 20 20 20 : 20 20 20 20 20 20 20 20  [........ ........]
[0090] 20 20 20 20 20 20 2B 20 : 20 20 20 20 20 20 2A 2A  [......+. ......**]
[00a0] 2A 2A 2A 2A 2A 20 2B 70 : 20 20 20 20 20 20 20 20  [*****.+p ........]
[00b0] 20 20 20 20 20 20 20 20 : 20 20 20 20 20 20 20 20  [........ ........]
[00c0] 20 20 20 20 20 20 20 20 : 20 20 20 20 20 20 20 20  [........ ........]
[00d0] 20 20 20 20 20 20 20 20 : 20 20 20 20 20 20 20 20  [........ ........]
[00e0] 20 20 20 20 20 20 20 20 : 20 20 20 20 20 20 20 20  [........ ........]
[00f0] 20 20 20 20 20 20 20 20 : 20 20 20 20 20 20 20 20  [........ ........]
[0100] 20 20 20 20 20 20 20 20 : 20 20 20 20 20 20 20 20  [........ ........]
[0110] 20 20 20 20 20 20 20 20 : 20 20 20 20 20 20 20 20  [........ ........]
[0120] 20 20 20 20 20 20 20 20 : 20 20 20 20 20 20 20 20  [........ ........]
[0130] 20 20 20 20 20 20 20 20 : 20 20 20 20 20 20 20 20  [........ ........]
[0140] 20 20 20 20 20 20 20 20 : 20 20 20 20 20 20 20 20  [........ ........]
[0150] 20 20 20 20 20 20 20 20 : 20 20 20 20 20 20 20 20  [........ ........]
[0160] 20 20 20 00 00 00 00 00 : 00 00 00 00 00 00 00 00  [........ ........]
[0170] 00 00 00 00 00 00 00 00 : 00 00 00 00 00 00 00 00  [........ ........]
[0180] 00 00 00 00 00 00 00 00 : 00 00 00 00 00 00 00 00  [........ ........]
[0190] 00 00 00 00 00 00 00 00 : 00 00 00 00 00 00 00 00  [........ ........]
[01a0] 00 00 00 20 20 20 20 20 : 20 20 20 20 20 20 20 20  [........ ........]
[01b0] 30 20 20 20 20 20 20 20 : 20 20 20 20 20 20 20 20  [0....... ........]
[01c0] 20 20 20 20 20 20 20 20 : 20 20 20 20 20 20 20 20  [........ ........]
[01d0] 20 20 20 20 20 20 20 20 : 20 20 20 20 20 20 20 20  [........ ........]
[01e0] 20 20 20 20 20 20 20 20 : 20 20 20 20 20 20 20 20  [........ ........]
[01f0] 20 20 20 20 20 20 20 20 : 20 20 20 20 20 20 20 20  [........ ........]
15/02/2016 14:11:17.872 DEBUG [Socket::close] [Th-58216] Socket::closed successfully
15/02/2016 14:11:36.388 INFO [C3Driver::handle] [Th-58216] Message In[384]
[0000] 20 20 20 20 20 20 20 20 : 20 20 20 20 39 37 38 20  [........ ....978.]
[0010] 20 20 20 20 20 20 20 20 : 20 20 20 20 20 20 7A 2B  [........ ......z+]
[0020] 70 30 20 20 30 33 39 35 : 31 30 30 31 30 30 31 32  [p0..0395 10010012]
[0030] 34 35 36 32 20 20 20 20 : 2A 2A 2A 2A 2A 2A 2A 2A  [4562.... ********]
[0040] 2A 2A 2A 2A 2A 2A 2A 2A : 2A 2A 2A 2A 2A 2A 20 20  [******** ******..]
[0050] 20 20 2A 2A 2A 2A 2A 2A : 2A 2A 2A 2A 2A 2A 2A 2A  [..****** ********]
[0060] 2A 2A 2A 2A 2A 2A 2A 2A : 2A 2A 2A 2A 2A 2A 2A 2A  [******** ********]
[0070] 2A 2A 2A 2A 2A 2A 2A 2A : 2A 2A 2A 2A 2A 2A 20 20  [******** ******..]
[0080] 20 20 20 20 20 20 20 20 : 20 20 20 20 20 20 20 20  [........ ........]
[0090] 20 20 20 20 20 20 20 20 : 20 20 20 20 20 20 20 20  [........ ........]
[00a0] 20 20 20 20 20 20 20 20 : 20 20 20 20 20 20 20 20  [........ ........]
[00b0] 20 20 20 20 20 00 00 00 : 00 00 00 00 00 00 00 00  [........ ........]
[00c0] 00 00 00 00 00 00 00 00 : 00 00 00 00 00 00 00 00  [........ ........]
[00d0] 00 00 00 00 00 00 00 00 : 00 00 00 00 00 00 00 00  [........ ........]
[00e0] 00 00 00 00 00 00 00 00 : 00 00 00 00 00 00 00 00  [........ ........]
[00f0] 00 00 00 00 00 20 20 20 : 20 20 20 20 20 20 20 20  [........ ........]
[0100] 20 20 20 20 20 20 20 20 : 20 20 20 20 20 20 20 20  [........ ........]
[0110] 20 20 20 20 20 20 20 20 : 20 20 20 20 20 20 20 20  [........ ........]
[0120] 20 20 20 20 20 20 20 20 : 20 20 20 20 20 20 20 20  [........ ........]
[0130] 20 20 20 20 20 20 20 20 : 20 20 20 20 20 20 20 20  [........ ........]
[0140] 20 20 20 20 20 20 20 20 : 20 20 20 20 20 20 20 20  [........ ........]
[0150] 20 20 20 20 20 20 20 20 : 20 20 20 20 20 20 20 20  [........ ........]
[0160] 20 20 20 20 20 20 20 20 : 20 20 20 20 20 20 20 20  [........ ........]
[0170] 20 20 20 20 20 20 20 20 : 20 20 20 20 20 20 20 20  [........ ........]
15/02/2016 14:11:36.466 DEBUG [PinpadService::write] [Th-58216] length=7
[0000] 01 30 36 10 03 A2 CF                               [.06....          ]
15/02/2016 14:11:36.466 LEVEL[7] [Enter getKey] [Th-58216] Start
15/02/2016 14:11:36.482 LEVEL[6] [Return getKey] [Th-58216] ret=0x00
15/02/2016 14:11:36.591 DEBUG [PinpadService::read first] [Th-58216] received=86 rv=0
[0000] 01 30 36 30 30 30 31 30 : 33 9A 57 38 32 30 38 30  [.0600010 3.W82080]
[0010] 35 FC 49 30 31 39 33 30 : 35 13 65 35 35 30 38 30  [5.I01930 5.e55080]
[0020] 31 18 1D 30 32 39 33 30 : 33 9E B6 30 31 39 35 30  [1..02930 3..01950]
[0030] 31 86 3F 31 31 31 33 30 : 31 98 22 24 24 24 24 31  [1.?11130 1."$$$$1]
[0040] 35 00 00 31 33 31 36 33 : 50 50 38 30 31 32 36 33  [5..13163 PP801263]
[0050] 30 33 10 03 CC 6F                                  [03...o           ]
15/02/2016 14:11:36.591 DEBUG [PinpadService::write] [Th-58216] length=81
[0000] 01 30 32 83 C4 99 90 01 : E6 92 30 30 30 30 30 30  [.02..... ..000000]
[0010] 30 30 23 5A 39 37 38 30 :                          [00#Z9780         ]
15/02/2016 14:11:36.591 LEVEL[7] [Enter getKey] [Th-58216] Start
15/02/2016 14:11:36.607 LEVEL[6] [Return getKey] [Th-58216] ret=0x00
15/02/2016 14:11:37.247 DEBUG [PinpadService::read first] [Th-58216] received=45 rv=0
[0000] 01 30 33 50 52 45                                  [.03PRE           ]
15/02/2016 14:11:37.247 INFO [C3Driver::tpvFunction3] [Th-58216] message='PRESENTEZ CARTE                         ' input='1' timeout=0
15/02/2016 14:11:37.247 LEVEL[6] [pos_display] [Th-58216] msg='PRESENTEZ CARTE                         ' length=40 confirm=0x00
15/02/2016 14:11:37.247 LEVEL[6] [Return pos_display] [Th-58216] msg='PRESENTEZ CARTE                         ' length=40 confirm=0x00
15/02/2016 14:11:37.247 INFO [C3Driver::tpvFunction3] [Th-58216] cr='0' TypeVal='f1'
15/02/2016 14:11:37.247 DEBUG [PinpadService::write] [Th-58216] length=9
[0000] 01 30 33 30 F1 10 03 12 : C6                       [.030.... .       ]
15/02/2016 14:11:37.247 LEVEL[7] [Enter getKey] [Th-58216] Start
15/02/2016 14:11:37.263 LEVEL[6] [Return getKey] [Th-58216] ret=0x00
15/02/2016 14:11:38.263 LEVEL[7] [Enter getKey] [Th-58216] Start
15/02/2016 14:11:38.279 LEVEL[6] [Return getKey] [Th-58216] ret=0x00
15/02/2016 14:11:38.747 DEBUG [PinpadService::read first] [Th-58216] received=45 rv=0
[0000] 01 30 33 20 20 20                                  [.03...           ]
15/02/2016 14:11:38.747 INFO [C3Driver::tpvFunction3] [Th-58216] message='     ERREUR          ECHEC AUTHENT.     ' input='1' timeout=2
15/02/2016 14:11:38.747 LEVEL[6] [pos_display] [Th-58216] msg='     ERREUR          ECHEC AUTHENT.     ' length=40 confirm=0x00
15/02/2016 14:11:38.747 LEVEL[6] [Return pos_display] [Th-58216] msg='     ERREUR          ECHEC AUTHENT.     ' length=40 confirm=0x00
15/02/2016 14:11:38.747 INFO [C3Driver::tpvFunction3] [Th-58216] cr='0' TypeVal='f1'
15/02/2016 14:11:38.747 DEBUG [PinpadService::write] [Th-58216] length=9
[0000] 01 30 33 30 F1 10 03 12 : C6                       [.030.... .       ]
15/02/2016 14:11:38.747 LEVEL[7] [Enter getKey] [Th-58216] Start
15/02/2016 14:11:38.763 LEVEL[6] [Return getKey] [Th-58216] ret=0x00
15/02/2016 14:11:38.763 DEBUG [PinpadService::read first] [Th-58216] received=95 rv=0
[0000] 01 30 32 83 C4 99 90 01 : E6 92 50 30 30 30 30 30  [.02..... ..P00000]
[0010] 30 30 30 23 5A 30 34 42 : 44 46                    [000#Z04B DF      ]
15/02/2016 14:11:38.763 INFO [C3Driver::handle] [Th-58216] Message Out[512]
[0000] 30 30 30 30 30 30 30 30 : 30 30 30 30 39 37 38 20  [00000000 0000978.]
[0010] 20 20 20 20 20 20 20 20 : 20 20 20 20 20 20 30 30  [........ ......00]
[0020] 31 37 30 35 30 36 30 2A : 2A 2A 2A 2A 2A 2A 2A 2A  [1705060* ********]
[0030] 2A 2A 2A 2A 2A 2A 2A 2A : 2A 2A 20 20 20 20 20 20  [******** **......]
[0040] 20 20 20 20 30 33 39 35 : 31 30 30 31 20 2A 2A 2A  [....0395 1001.***]
[0050] 2A 2A 2A 2A 2A 2A 2A 2A : 2A 2A 2A 2A 2A 2A 2A 2A  [******** ********]
[0060] 2A 2A 2A 2A 2A 2A 2A 2A : 2A 2A 2A 2A 2A 2A 2A 2A  [******** ********]
[0070] 2A 2A 2A 20 20 20 20 20 : 20 20 20 20 20 20 20 20  [***..... ........]
[0080] 20 20 20 20 20 20 20 20 : 20 20 20 20 20 20 20 20  [........ ........]
[0090] 20 20 20 20 20 20 2B 20 : 20 20 20 20 20 20 2A 2A  [......+. ......**]
[00a0] 2A 2A 2A 2A 2A 20 2B 70 : 20 20 20 20 20 20 20 20  [*****.+p ........]
[00b0] 20 20 20 20 20 20 20 20 : 20 20 20 20 20 20 20 20  [........ ........]
[00c0] 20 20 20 20 20 20 20 20 : 20 20 20 20 20 20 20 20  [........ ........]
[00d0] 20 20 20 20 20 20 20 20 : 20 20 20 20 20 20 20 20  [........ ........]
[00e0] 20 20 20 20 20 20 20 20 : 20 20 20 20 20 20 20 20  [........ ........]
[00f0] 20 20 20 20 20 20 20 20 : 20 20 20 20 20 20 20 20  [........ ........]
[0100] 20 20 20 20 20 20 20 20 : 20 20 20 20 20 20 20 20  [........ ........]
[0110] 20 20 20 20 20 20 20 20 : 20 20 20 20 20 20 20 20  [........ ........]
[0120] 20 20 20 20 20 20 20 20 : 20 20 20 20 20 20 20 20  [........ ........]
[0130] 20 20 20 20 20 20 20 20 : 20 20 20 20 20 20 20 20  [........ ........]
[0140] 20 20 20 20 20 20 20 20 : 20 20 20 20 20 20 20 20  [........ ........]
[0150] 20 20 20 20 20 20 20 20 : 20 20 20 20 20 20 20 20  [........ ........]
[0160] 20 20 20 00 00 00 00 00 : 00 00 00 00 00 00 00 00  [........ ........]
[0170] 00 00 00 00 00 00 00 00 : 00 00 00 00 00 00 00 00  [........ ........]
[0180] 00 00 00 00 00 00 00 00 : 00 00 00 00 00 00 00 00  [........ ........]
[0190] 00 00 00 00 00 00 00 00 : 00 00 00 00 00 00 00 00  [........ ........]
[01a0] 00 00 00 20 20 20 20 20 : 20 20 20 20 20 20 20 20  [........ ........]
[01b0] 30 20 20 20 20 20 20 20 : 20 20 20 20 20 20 20 20  [0....... ........]
[01c0] 20 20 20 20 20 20 20 20 : 20 20 20 20 20 20 20 20  [........ ........]
[01d0] 20 20 20 20 20 20 20 20 : 20 20 20 20 20 20 20 20  [........ ........]
[01e0] 20 20 20 20 20 20 20 20 : 20 20 20 20 20 20 20 20  [........ ........]
[01f0] 20 20 20 20 20 20 20 20 : 20 20 20 20 20 20 20 20  [........ ........]
15/02/2016 14:11:56.341 INFO [C3Driver::handle] [Th-58216] Message In[384]
[0000] 20 20 20 20 20 20 20 20 : 20 20 20 20 39 37 38 20  [........ ....978.]
[0010] 20 20 20 20 20 20 20 20 : 20 20 20 20 20 20 7A 2B  [........ ......z+]
[0020] 70 30 20 20 30 33 39 35 : 31 30 30 31 30 30 31 32  [p0..0395 10010012]
[0030] 34 35 36 32 20 20 20 20 : 2A 2A 2A 2A 2A 2A 2A 2A  [4562.... ********]
[0040] 2A 2A 2A 2A 2A 2A 2A 2A : 2A 2A 2A 2A 2A 2A 20 20  [******** ******..]
[0050] 20 20 2A 2A 2A 2A 2A 2A : 2A 2A 2A 2A 2A 2A 2A 2A  [..****** ********]
[0060] 2A 2A 2A 2A 2A 2A 2A 2A : 2A 2A 2A 2A 2A 2A 2A 2A  [******** ********]
[0070] 2A 2A 2A 2A 2A 2A 2A 2A : 2A 2A 2A 2A 2A 2A 20 20  [******** ******..]
[0080] 20 20 20 20 20 20 20 20 : 20 20 20 20 20 20 20 20  [........ ........]
[0090] 20 20 20 20 20 20 20 20 : 20 20 20 20 20 20 20 20  [........ ........]
[00a0] 20 20 20 20 20 20 20 20 : 20 20 20 20 20 20 20 20  [........ ........]
[00b0] 20 20 20 20 20 00 00 00 : 00 00 00 00 00 00 00 00  [........ ........]
[00c0] 00 00 00 00 00 00 00 00 : 00 00 00 00 00 00 00 00  [........ ........]
[00d0] 00 00 00 00 00 00 00 00 : 00 00 00 00 00 00 00 00  [........ ........]
[00e0] 00 00 00 00 00 00 00 00 : 00 00 00 00 00 00 00 00  [........ ........]
[00f0] 00 00 00 00 00 20 20 20 : 20 20 20 20 20 20 20 20  [........ ........]
[0100] 20 20 20 20 20 20 20 20 : 20 20 20 20 20 20 20 20  [........ ........]
[0110] 20 20 20 20 20 20 20 20 : 20 20 20 20 20 20 20 20  [........ ........]
[0120] 20 20 20 20 20 20 20 20 : 20 20 20 20 20 20 20 20  [........ ........]
[0130] 20 20 20 20 20 20 20 20 : 20 20 20 20 20 20 20 20  [........ ........]
[0140] 20 20 20 20 20 20 20 20 : 20 20 20 20 20 20 20 20  [........ ........]
[0150] 20 20 20 20 20 20 20 20 : 20 20 20 20 20 20 20 20  [........ ........]
[0160] 20 20 20 20 20 20 20 20 : 20 20 20 20 20 20 20 20  [........ ........]
[0170] 20 20 20 20 20 20 20 20 : 20 20 20 20 20 20 20 20  [........ ........]
15/02/2016 14:11:56.419 DEBUG [PinpadService::write] [Th-58216] length=7
[0000] 01 30 36 10 03 A2 CF                               [.06....          ]
15/02/2016 14:11:56.419 LEVEL[7] [Enter getKey] [Th-58216] Start
15/02/2016 14:11:56.435 LEVEL[6] [Return getKey] [Th-58216] ret=0x00
15/02/2016 14:11:56.544 DEBUG [PinpadService::read first] [Th-58216] received=86 rv=0
[0000] 01 30 36 30 30 30 31 30 : 33 9A 57 38 32 30 38 30  [.0600010 3.W82080]
[0010] 35 FC 49 30 31 39 33 30 : 35 13 65 35 35 30 38 30  [5.I01930 5.e55080]
[0020] 31 18 1D 30 32 39 33 30 : 33 9E B6 30 31 39 35 30  [1..02930 3..01950]
[0030] 31 86 3F 31 31 31 33 30 : 31 98 22 24 24 24 24 31  [1.?11130 1."$$$$1]
[0040] 35 00 00 31 33 31 36 33 : 50 50 38 30 31 32 36 33  [5..13163 PP801263]
[0050] 30 33 10 03 CC 6F                                  [03...o           ]
15/02/2016 14:11:56.544 DEBUG [PinpadService::write] [Th-58216] length=81
[0000] 01 30 32 83 C4 99 90 01 : E6 92 30 30 30 30 30 30  [.02..... ..000000]
[0010] 30 30 23 5A 39 37 38 30 :                          [00#Z9780         ]
15/02/2016 14:11:56.544 LEVEL[7] [Enter getKey] [Th-58216] Start
15/02/2016 14:11:56.560 LEVEL[6] [Return getKey] [Th-58216] ret=0x00
15/02/2016 14:11:57.200 DEBUG [PinpadService::read first] [Th-58216] received=45 rv=0
[0000] 01 30 33 50 52 45                                  [.03PRE           ]
15/02/2016 14:11:57.200 INFO [C3Driver::tpvFunction3] [Th-58216] message='PRESENTEZ CARTE                         ' input='1' timeout=0
15/02/2016 14:11:57.200 LEVEL[6] [pos_display] [Th-58216] msg='PRESENTEZ CARTE                         ' length=40 confirm=0x00
15/02/2016 14:11:57.200 LEVEL[6] [Return pos_display] [Th-58216] msg='PRESENTEZ CARTE                         ' length=40 confirm=0x00
15/02/2016 14:11:57.200 INFO [C3Driver::tpvFunction3] [Th-58216] cr='0' TypeVal='f1'
15/02/2016 14:11:57.200 DEBUG [PinpadService::write] [Th-58216] length=9
[0000] 01 30 33 30 F1 10 03 12 : C6                       [.030.... .       ]
15/02/2016 14:11:57.200 LEVEL[7] [Enter getKey] [Th-58216] Start
15/02/2016 14:11:57.216 LEVEL[6] [Return getKey] [Th-58216] ret=0x00
15/02/2016 14:11:58.216 LEVEL[7] [Enter getKey] [Th-58216] Start
15/02/2016 14:11:58.232 LEVEL[6] [Return getKey] [Th-58216] ret=0x00
15/02/2016 14:11:59.232 LEVEL[7] [Enter getKey] [Th-58216] Start
15/02/2016 14:11:59.247 LEVEL[6] [Return getKey] [Th-58216] ret=0x00
15/02/2016 14:11:59.669 DEBUG [PinpadService::read first] [Th-58216] received=45 rv=0
[0000] 01 30 33 43 4F 4D                                  [.03COM           ]
15/02/2016 14:11:59.669 INFO [C3Driver::tpvFunction3] [Th-58216] message='COMPOSEZ LE CODE                        ' input='1' timeout=0
15/02/2016 14:11:59.669 LEVEL[6] [pos_display] [Th-58216] msg='COMPOSEZ LE CODE                        ' length=40 confirm=0x00
15/02/2016 14:11:59.669 LEVEL[6] [Return pos_display] [Th-58216] msg='COMPOSEZ LE CODE                        ' length=40 confirm=0x00
15/02/2016 14:11:59.669 INFO [C3Driver::tpvFunction3] [Th-58216] cr='0' TypeVal='f1'
15/02/2016 14:11:59.669 DEBUG [PinpadService::write] [Th-58216] length=9
[0000] 01 30 33 30 F1 10 03 12 : C6                       [.030.... .       ]
15/02/2016 14:11:59.669 LEVEL[7] [Enter getKey] [Th-58216] Start
15/02/2016 14:11:59.685 LEVEL[6] [Return getKey] [Th-58216] ret=0x00
15/02/2016 14:12:00.685 LEVEL[7] [Enter getKey] [Th-58216] Start
15/02/2016 14:12:00.700 LEVEL[6] [Return getKey] [Th-58216] ret=0x00
15/02/2016 14:12:01.700 LEVEL[7] [Enter getKey] [Th-58216] Start
15/02/2016 14:12:01.716 LEVEL[6] [Return getKey] [Th-58216] ret=0x00
15/02/2016 14:12:02.575 DEBUG [PinpadService::read first] [Th-58216] received=45 rv=0
[0000] 01 30 33 43 4F 4D                                  [.03COM           ]
15/02/2016 14:12:02.575 INFO [C3Driver::tpvFunction3] [Th-58216] message='COMPOSEZ LE CODE                        ' input='1' timeout=0
15/02/2016 14:12:02.575 LEVEL[6] [pos_display] [Th-58216] msg='COMPOSEZ LE CODE                        ' length=40 confirm=0x00
15/02/2016 14:12:02.575 LEVEL[6] [Return pos_display] [Th-58216] msg='COMPOSEZ LE CODE                        ' length=40 confirm=0x00
15/02/2016 14:12:02.575 INFO [C3Driver::tpvFunction3] [Th-58216] cr='0' TypeVal='f1'
15/02/2016 14:12:02.575 DEBUG [PinpadService::write] [Th-58216] length=9
[0000] 01 30 33 30 F1 10 03 12 : C6                       [.030.... .       ]
15/02/2016 14:12:02.575 LEVEL[7] [Enter getKey] [Th-58216] Start
15/02/2016 14:12:02.591 LEVEL[6] [Return getKey] [Th-58216] ret=0x00
15/02/2016 14:12:03.591 LEVEL[7] [Enter getKey] [Th-58216] Start
15/02/2016 14:12:03.607 LEVEL[6] [Return getKey] [Th-58216] ret=0x00
15/02/2016 14:12:04.606 LEVEL[7] [Enter getKey] [Th-58216] Start
15/02/2016 14:12:04.622 LEVEL[6] [Return getKey] [Th-58216] ret=0x00
15/02/2016 14:12:04.935 DEBUG [PinpadService::read first] [Th-58216] received=45 rv=0
[0000] 01 30 33 49 4E 49                                  [.03INI           ]
15/02/2016 14:12:04.935 INFO [C3Driver::tpvFunction3] [Th-58216] message='INITIALISAT. PIN        EN COURS        ' input='1' timeout=0
15/02/2016 14:12:04.935 LEVEL[6] [pos_display] [Th-58216] msg='INITIALISAT. PIN        EN COURS        ' length=40 confirm=0x00
15/02/2016 14:12:04.935 LEVEL[6] [Return pos_display] [Th-58216] msg='INITIALISAT. PIN        EN COURS        ' length=40 confirm=0x00
15/02/2016 14:12:04.935 INFO [C3Driver::tpvFunction3] [Th-58216] cr='0' TypeVal='f1'
15/02/2016 14:12:04.935 DEBUG [PinpadService::write] [Th-58216] length=9
[0000] 01 30 33 30 F1 10 03 12 : C6                       [.030.... .       ]
15/02/2016 14:12:04.935 LEVEL[7] [Enter getKey] [Th-58216] Start
15/02/2016 14:12:04.950 LEVEL[6] [Return getKey] [Th-58216] ret=0x00
15/02/2016 14:12:04.950 DEBUG [PinpadService::read first] [Th-58216] received=421 rv=0
[0000] 02 30 30 31 31 30 4D 30 : 35 30 32 30 33 39 35 31  [.00110M0 50203951]
[0010] 30 30 31 34 37                                     [00147            ]
15/02/2016 14:12:04.950 INFO [AxisService::connect] [Th-58216] Connecting "AXIS 1" (stratusv610:9874) (SSL OFF) (to 5000 ms) ...
15/02/2016 14:12:04.950 INFO [AxisService::connect] [Th-58216] Connect Ok (ret 0)
15/02/2016 14:12:04.950 DEBUG [AxisService::write] [Th-58216] lengthOut=413 rv=0 length=16
[0000] 4D 30 35 30 32 30 33 39 : 35 31 30 30 31 34 37 35  [M0502039 51001475]
15/02/2016 14:12:05.153 DEBUG [AxisService::read] [Th-58216] m_data.length=34 received=34
[0000] 4D 30 35 30 32 30 33 39 : 35 31 30 30 31 34 37 35  [M0502039 51001475]
15/02/2016 14:12:05.153 DEBUG [PinpadService::write] [Th-58216] length=42
[0000] 02 30 30 31 31 30 4D 30 : 35 30 32 30 33 39 35 31  [.00110M0 50203951]
[0010] 30 30 31 34 37                                     [00147            ]
15/02/2016 14:12:05.153 LEVEL[7] [Enter getKey] [Th-58216] Start
15/02/2016 14:12:05.169 LEVEL[6] [Return getKey] [Th-58216] ret=0x00
15/02/2016 14:12:05.325 DEBUG [PinpadService::read first] [Th-58216] received=45 rv=0
[0000] 01 30 33 49 4E 49                                  [.03INI           ]
15/02/2016 14:12:05.325 INFO [C3Driver::tpvFunction3] [Th-58216] message='INITIALISAT. PIN        REUSSIE         ' input='1' timeout=0
15/02/2016 14:12:05.325 LEVEL[6] [pos_display] [Th-58216] msg='INITIALISAT. PIN        REUSSIE         ' length=40 confirm=0x00
15/02/2016 14:12:05.325 LEVEL[6] [Return pos_display] [Th-58216] msg='INITIALISAT. PIN        REUSSIE         ' length=40 confirm=0x00
15/02/2016 14:12:05.325 INFO [C3Driver::tpvFunction3] [Th-58216] cr='0' TypeVal='f1'
15/02/2016 14:12:05.325 DEBUG [PinpadService::write] [Th-58216] length=9
[0000] 01 30 33 30 F1 10 03 12 : C6                       [.030.... .       ]
15/02/2016 14:12:05.325 LEVEL[7] [Enter getKey] [Th-58216] Start
15/02/2016 14:12:05.341 LEVEL[6] [Return getKey] [Th-58216] ret=0x00
15/02/2016 14:12:05.341 DEBUG [PinpadService::read first] [Th-58216] received=84 rv=0
[0000] 01 30 32 83 C4 99 90 01 : E6 92 30 30 30 30 30 30  [.02..... ..000000]
[0010] 30 30 30 23 5A 30 34 41 : 45 46                    [000#Z04A EF      ]
15/02/2016 14:12:05.341 INFO [C3Driver::handle] [Th-58216] Message Out[512]
[0000] 30 30 30 30 30 30 30 30 : 30 30 30 30 39 37 38 20  [00000000 0000978.]
[0010] 20 20 20 20 20 20 20 20 : 20 20 20 20 20 20 30 30  [........ ......00]
[0020] 30 30 30 30 30 30 30 2A : 2A 2A 2A 2A 2A 2A 2A 2A  [0000000* ********]
[0030] 2A 2A 2A 2A 2A 2A 2A 2A : 2A 2A 20 20 20 20 20 20  [******** **......]
[0040] 20 20 20 20 30 33 39 35 : 31 30 30 31 20 2A 2A 2A  [....0395 1001.***]
[0050] 2A 2A 2A 2A 2A 2A 2A 2A : 2A 2A 2A 2A 2A 2A 2A 2A  [******** ********]
[0060] 2A 2A 2A 2A 2A 2A 2A 2A : 2A 2A 2A 2A 2A 2A 2A 2A  [******** ********]
[0070] 2A 2A 2A 20 20 20 20 20 : 20 20 20 20 20 20 20 20  [***..... ........]
[0080] 20 20 20 20 20 20 20 20 : 20 20 20 20 20 20 20 20  [........ ........]
[0090] 20 20 20 20 20 20 2B 20 : 20 20 20 20 20 20 2A 2A  [......+. ......**]
[00a0] 2A 2A 2A 2A 2A 20 2B 70 : 20 20 20 20 20 20 20 20  [*****.+p ........]
[00b0] 20 20 20 20 20 20 20 20 : 20 20 20 20 20 20 20 20  [........ ........]
[00c0] 20 20 20 20 20 20 20 20 : 20 20 20 20 20 20 20 20  [........ ........]
[00d0] 20 20 20 20 20 20 20 20 : 20 20 20 20 20 20 20 20  [........ ........]
[00e0] 20 20 20 20 20 20 20 20 : 20 20 20 20 20 20 20 20  [........ ........]
[00f0] 20 20 20 20 20 20 20 20 : 20 20 20 20 20 20 20 20  [........ ........]
[0100] 20 20 20 20 20 20 20 20 : 20 20 20 20 20 20 20 20  [........ ........]
[0110] 20 20 20 20 20 20 20 20 : 20 20 20 20 20 20 20 20  [........ ........]
[0120] 20 20 20 20 20 20 20 20 : 20 20 20 20 20 20 20 20  [........ ........]
[0130] 20 20 20 20 20 20 20 20 : 20 20 20 20 20 20 20 20  [........ ........]
[0140] 20 20 20 20 20 20 20 20 : 20 20 20 20 20 20 20 20  [........ ........]
[0150] 20 20 20 20 20 20 20 20 : 20 20 20 20 20 20 20 20  [........ ........]
[0160] 20 20 20 00 00 00 00 00 : 00 00 00 00 00 00 00 00  [........ ........]
[0170] 00 00 00 00 00 00 00 00 : 00 00 00 00 00 00 00 00  [........ ........]
[0180] 00 00 00 00 00 00 00 00 : 00 00 00 00 00 00 00 00  [........ ........]
[0190] 00 00 00 00 00 00 00 00 : 00 00 00 00 00 00 00 00  [........ ........]
[01a0] 00 00 00 20 20 20 20 20 : 20 20 20 20 20 20 20 20  [........ ........]
[01b0] 30 20 20 20 20 20 20 20 : 20 20 20 20 20 20 20 20  [0....... ........]
[01c0] 20 20 20 20 20 20 20 20 : 20 20 20 20 20 20 20 20  [........ ........]
[01d0] 20 20 20 20 20 20 20 20 : 20 20 20 20 20 20 20 20  [........ ........]
[01e0] 20 20 20 20 20 20 20 20 : 20 20 20 20 20 20 20 20  [........ ........]
[01f0] 20 20 20 20 20 20 20 20 : 20 20 20 20 20 20 20 20  [........ ........]
15/02/2016 14:12:05.372 DEBUG [Socket::close] [Th-58216] Socket::closed successfully
